#
# There is insufficient memory for the Java Runtime Environment to continue.
# Native memory allocation (malloc) failed to allocate 1546576 bytes for Chunk::new
# Possible reasons:
#   The system is out of physical RAM or swap space
#   The process is running with CompressedOops enabled, and the Java Heap may be blocking the growth of the native heap
# Possible solutions:
#   Reduce memory load on the system
#   Increase physical memory or swap space
#   Check if swap backing store is full
#   Decrease Java heap size (-Xmx/-Xms)
#   Decrease number of Java threads
#   Decrease Java thread stack sizes (-Xss)
#   Set larger code cache with -XX:ReservedCodeCacheSize=
#   JVM is running with Unscaled Compressed Oops mode in which the Java heap is
#     placed in the first 4GB address space. The Java Heap base address is the
#     maximum limit for the native heap growth. Please use -XX:HeapBaseMinAddress
#     to set the Java Heap base and to place the Java Heap above 4GB virtual address.
# This output file may be truncated or incomplete.
#
#  Out of Memory Error (allocation.cpp:389), pid=10356, tid=0x000000000000225c
#
# JRE version: OpenJDK Runtime Environment (8.0_212-b04) (build 1.8.0_212-release-1586-b04)
# Java VM: OpenJDK 64-Bit Server VM (25.212-b04 mixed mode windows-amd64 compressed oops)
# Failed to write core dump. Minidumps are not enabled by default on client versions of Windows
#

---------------  T H R E A D  ---------------

Current thread (0x0000000016f5d000):  JavaThread "C2 CompilerThread1" daemon [_thread_in_native, id=8796, stack(0x00000000189b0000,0x0000000018ab0000)]

Stack: [0x00000000189b0000,0x0000000018ab0000]
[error occurred during error reporting (printing stack bounds), id 0xc0000005]

Native frames: (J=compiled Java code, j=interpreted, Vv=VM code, C=native code)


Current CompileTask:
C2: 468804 20252 %     4       com.android.tools.r8.dex.j::a @ 330 (1022 bytes)


---------------  P R O C E S S  ---------------

Java Threads: ( => current thread )
  0x0000000019f9c000 JavaThread "ForkJoinPool-8-worker-0" daemon [_thread_blocked, id=10672, stack(0x0000000033090000,0x0000000033190000)]
  0x000000001b202800 JavaThread "ForkJoinPool-8-worker-3" daemon [_thread_blocked, id=8380, stack(0x0000000032b40000,0x0000000032c40000)]
  0x000000001b209000 JavaThread "ForkJoinPool-8-worker-2" daemon [_thread_blocked, id=7332, stack(0x0000000032400000,0x0000000032500000)]
  0x000000001b208800 JavaThread "ForkJoinPool-8-worker-1" daemon [_thread_blocked, id=10444, stack(0x000000002f8a0000,0x000000002f9a0000)]
  0x000000001b201000 JavaThread "ForkJoinPool.commonPool-worker-0" daemon [_thread_blocked, id=9204, stack(0x0000000031170000,0x0000000031270000)]
  0x000000001b200000 JavaThread "stdout" [_thread_in_native, id=3708, stack(0x000000002fca0000,0x000000002fda0000)]
  0x000000001b1fd000 JavaThread "stderr" [_thread_in_native, id=10780, stack(0x000000002f9f0000,0x000000002faf0000)]
  0x000000001b1fe800 JavaThread "stdout" [_thread_in_native, id=10468, stack(0x000000002f4a0000,0x000000002f5a0000)]
  0x000000001b1fc800 JavaThread "stderr" [_thread_in_native, id=10640, stack(0x0000000024e10000,0x0000000024f10000)]
  0x000000001b1ff800 JavaThread "stdout" [_thread_in_native, id=1524, stack(0x0000000026150000,0x0000000026250000)]
  0x000000001b1f5800 JavaThread "stderr" [_thread_in_native, id=6204, stack(0x0000000025c50000,0x0000000025d50000)]
  0x000000001b1f4800 JavaThread "stdout" [_thread_in_native, id=1032, stack(0x0000000025b50000,0x0000000025c50000)]
  0x000000001b1f8800 JavaThread "stderr" [_thread_in_native, id=9676, stack(0x0000000025a50000,0x0000000025b50000)]
  0x000000001b1f4000 JavaThread "pool-8-thread-1" [_thread_blocked, id=6228, stack(0x0000000025950000,0x0000000025a50000)]
  0x000000001b1f0000 JavaThread "WorkerExecutor Queue Thread 4" [_thread_in_Java, id=10752, stack(0x0000000025850000,0x0000000025950000)]
  0x000000001b1f6000 JavaThread "WorkerExecutor Queue Thread 3" [_thread_blocked, id=2568, stack(0x0000000025750000,0x0000000025850000)]
  0x000000001b1ee000 JavaThread "WorkerExecutor Queue Thread 2" [_thread_blocked, id=10848, stack(0x0000000025650000,0x0000000025750000)]
  0x000000001b1f2800 JavaThread "WorkerExecutor Queue" [_thread_blocked, id=11068, stack(0x0000000024f10000,0x0000000025010000)]
  0x000000001b1f1800 JavaThread "ForkJoinPool.commonPool-worker-2" daemon [_thread_blocked, id=11120, stack(0x0000000024d10000,0x0000000024e10000)]
  0x0000000018dbf800 JavaThread "ForkJoinPool.commonPool-worker-1" daemon [_thread_blocked, id=856, stack(0x0000000024a10000,0x0000000024b10000)]
  0x0000000018dbd000 JavaThread "Cache worker for execution history cache (C:\Users\Administrator\AndroidStudioProjects\MyApplication\.gradle\5.6.4\executionHistory)" [_thread_blocked, id=9144, stack(0x0000000024910000,0x0000000024a10000)]
  0x0000000018dbc800 JavaThread "Execution worker for ':' Thread 3" [_thread_blocked, id=10224, stack(0x0000000024810000,0x0000000024910000)]
  0x0000000018dbe800 JavaThread "Execution worker for ':' Thread 2" [_thread_blocked, id=10308, stack(0x00000000243e0000,0x00000000244e0000)]
  0x0000000018dbe000 JavaThread "Execution worker for ':'" [_thread_blocked, id=5160, stack(0x00000000241e0000,0x00000000242e0000)]
  0x0000000018dba000 JavaThread "Cache worker for file content cache (C:\Users\Administrator\AndroidStudioProjects\MyApplication\.gradle\5.6.4\fileContent)" [_thread_blocked, id=5072, stack(0x00000000236a0000,0x00000000237a0000)]
  0x0000000018db5000 JavaThread "Cache worker for Build Output Cleanup Cache (C:\Users\Administrator\AndroidStudioProjects\MyApplication\.gradle\buildOutputCleanup)" [_thread_blocked, id=10736, stack(0x00000000237e0000,0x00000000238e0000)]
  0x0000000018db9800 JavaThread "Build operations Thread 4" [_thread_blocked, id=8628, stack(0x0000000022950000,0x0000000022a50000)]
  0x0000000018db5800 JavaThread "Build operations Thread 3" [_thread_blocked, id=10800, stack(0x0000000022250000,0x0000000022350000)]
  0x0000000018dbb800 JavaThread "Build operations Thread 2" [_thread_blocked, id=10688, stack(0x0000000022150000,0x0000000022250000)]
  0x0000000018db4000 JavaThread "Build operations" [_thread_blocked, id=2148, stack(0x0000000021e20000,0x0000000021f20000)]
  0x0000000018db8000 JavaThread "Cache worker for cache directory md-rule (C:\Users\Administrator\.gradle\caches\5.6.4\md-rule)" [_thread_blocked, id=1120, stack(0x00000000217f0000,0x00000000218f0000)]
  0x0000000018db7000 JavaThread "Cache worker for cache directory md-supplier (C:\Users\Administrator\.gradle\caches\5.6.4\md-supplier)" [_thread_blocked, id=10528, stack(0x00000000216f0000,0x00000000217f0000)]
  0x0000000018db2000 JavaThread "Cache worker for file hash cache (C:\Users\Administrator\AndroidStudioProjects\MyApplication\.gradle\5.6.4\fileHashes)" [_thread_blocked, id=4920, stack(0x00000000215f0000,0x00000000216f0000)]
  0x0000000018db6800 JavaThread "Thread-101" [_thread_blocked, id=6500, stack(0x000000001ebc0000,0x000000001ecc0000)]
  0x0000000018db1000 JavaThread "Stdin handler" [_thread_blocked, id=4504, stack(0x000000001c320000,0x000000001c420000)]
  0x000000001d392800 JavaThread "Asynchronous log dispatcher for DefaultDaemonConnection: socket connection from /127.0.0.1:56110 to /127.0.0.1:55730" [_thread_blocked, id=3504, stack(0x000000001c020000,0x000000001c120000)]
  0x000000001d398000 JavaThread "Cancel handler" [_thread_blocked, id=4428, stack(0x0000000001700000,0x0000000001800000)]
  0x000000001d399800 JavaThread "Handler for socket connection from /127.0.0.1:56110 to /127.0.0.1:55730" [_thread_in_native, id=10952, stack(0x0000000001600000,0x0000000001700000)]
  0x000000001b203000 JavaThread "Exec process Thread 9" daemon [_thread_blocked, id=3060, stack(0x0000000025550000,0x0000000025650000)]
  0x000000001b201800 JavaThread "Exec process Thread 8" daemon [_thread_blocked, id=11184, stack(0x0000000024710000,0x0000000024810000)]
  0x000000001b1fa000 JavaThread "Exec process Thread 7" daemon [_thread_blocked, id=10728, stack(0x0000000025450000,0x0000000025550000)]
  0x0000000018db0800 JavaThread "Daemon worker Thread 3" [_thread_blocked, id=9536, stack(0x000000001bb20000,0x000000001bc20000)]
  0x0000000018db3800 JavaThread "Daemon Thread 3" [_thread_blocked, id=292, stack(0x0000000001500000,0x0000000001600000)]
  0x000000001d396000 JavaThread "Cache worker for Java compile cache (C:\Users\Administrator\.gradle\caches\5.6.4\javaCompile)" [_thread_blocked, id=7012, stack(0x000000002fba0000,0x000000002fca0000)]
  0x000000001b207000 JavaThread "RMI Reaper" [_thread_blocked, id=1920, stack(0x000000002f7a0000,0x000000002f8a0000)]
  0x000000001b206000 JavaThread "RMI TCP Accept-0" daemon [_thread_in_native, id=3092, stack(0x000000002f6a0000,0x000000002f7a0000)]
  0x000000001b205800 JavaThread "GC Daemon" daemon [_thread_blocked, id=3464, stack(0x000000002f5a0000,0x000000002f6a0000)]
  0x000000001b204800 JavaThread "RMI Scheduler(0)" daemon [_thread_blocked, id=10960, stack(0x00000000242e0000,0x00000000243e0000)]
  0x000000001b1f7000 JavaThread "Cache worker for file content cache (C:\Users\Administrator\.gradle\caches\5.6.4\fileContent)" [_thread_blocked, id=5400, stack(0x00000000235a0000,0x00000000236a0000)]
  0x000000001b1e9800 JavaThread "Memory manager" [_thread_blocked, id=7496, stack(0x00000000234a0000,0x00000000235a0000)]
  0x0000000019f96000 JavaThread "Cache worker for execution history cache (C:\Users\Administrator\.gradle\caches\5.6.4\executionHistory)" [_thread_blocked, id=9008, stack(0x0000000021b20000,0x0000000021c20000)]
  0x0000000019f98000 JavaThread "Cache worker for journal cache (C:\Users\Administrator\.gradle\caches\journal-1)" [_thread_blocked, id=4416, stack(0x000000001c620000,0x000000001c720000)]
  0x0000000019f97800 JavaThread "File lock request listener" [_thread_in_native, id=7808, stack(0x000000001c520000,0x000000001c620000)]
  0x000000001a15a800 JavaThread "Cache worker for file hash cache (C:\Users\Administrator\.gradle\caches\5.6.4\fileHashes)" [_thread_blocked, id=7148, stack(0x000000001c420000,0x000000001c520000)]
  0x000000001a7f3800 JavaThread "Daemon periodic checks" [_thread_blocked, id=2780, stack(0x000000001ba20000,0x000000001bb20000)]
  0x000000001a7f1800 JavaThread "Incoming local TCP Connector on port 56110" [_thread_in_native, id=5360, stack(0x000000001b870000,0x000000001b970000)]
  0x0000000018ea4800 JavaThread "Daemon health stats" [_thread_blocked, id=10536, stack(0x000000001b550000,0x000000001b650000)]
  0x0000000018333800 JavaThread "Service Thread" daemon [_thread_blocked, id=5108, stack(0x0000000018bb0000,0x0000000018cb0000)]
  0x0000000016f5e000 JavaThread "C1 CompilerThread2" daemon [_thread_blocked, id=10364, stack(0x0000000018ab0000,0x0000000018bb0000)]
=>0x0000000016f5d000 JavaThread "C2 CompilerThread1" daemon [_thread_in_native, id=8796, stack(0x00000000189b0000,0x0000000018ab0000)]
  0x0000000016f10000 JavaThread "C2 CompilerThread0" daemon [_thread_blocked, id=5812, stack(0x00000000188b0000,0x00000000189b0000)]
  0x0000000016f0e800 JavaThread "Attach Listener" daemon [_thread_blocked, id=10984, stack(0x00000000187b0000,0x00000000188b0000)]
  0x00000000182b8800 JavaThread "Signal Dispatcher" daemon [_thread_blocked, id=8644, stack(0x00000000186b0000,0x00000000187b0000)]
  0x000000000358c000 JavaThread "Finalizer" daemon [_thread_blocked, id=6304, stack(0x0000000018150000,0x0000000018250000)]
  0x0000000016ee9000 JavaThread "Reference Handler" daemon [_thread_blocked, id=9256, stack(0x0000000018050000,0x0000000018150000)]
  0x000000000348d800 JavaThread "main" [_thread_blocked, id=10508, stack(0x0000000003320000,0x0000000003420000)]

Other Threads:
  0x0000000016ec6000 VMThread [stack: 0x0000000017f50000,0x0000000018050000] [id=9588]
  0x0000000018334800 WatcherThread [stack: 0x0000000018cb0000,0x0000000018db0000] [id=10516]

VM state:not at safepoint (normal execution)

VM Mutex/Monitor currently owned by a thread: None

OutOfMemory and StackOverflow Exception counts:
OutOfMemoryError java_heap_errors=1

heap address: 0x00000000a0000000, size: 1536 MB, Compressed Oops mode: 32-bit
Narrow klass base: 0x0000000000000000, Narrow klass shift: 3
Compressed class space size: 1073741824 Address: 0x0000000100000000

Heap:
 PSYoungGen      total 357888K, used 182397K [0x00000000e0000000, 0x00000000fdd00000, 0x0000000100000000)
  eden space 259584K, 32% used [0x00000000e0000000,0x00000000e5223578,0x00000000efd80000)
  from space 98304K, 99% used [0x00000000f7d00000,0x00000000fdcfc040,0x00000000fdd00000)
  to   space 96256K, 0% used [0x00000000efd80000,0x00000000efd80000,0x00000000f5b80000)
 ParOldGen       total 308736K, used 205290K [0x00000000a0000000, 0x00000000b2d80000, 0x00000000e0000000)
  object space 308736K, 66% used [0x00000000a0000000,0x00000000ac87aa78,0x00000000b2d80000)
 Metaspace       used 94651K, capacity 98502K, committed 98688K, reserved 1134592K
  class space    used 12120K, capacity 12892K, committed 12928K, reserved 1048576K

Card table byte_map: [0x0000000012950000,0x0000000012c60000] byte_map_base: 0x0000000012450000

Marking Bits: (ParMarkBitMap*) 0x0000000055689f30
 Begin Bits: [0x0000000013260000, 0x0000000014a60000)
 End Bits:   [0x0000000014a60000, 0x0000000016260000)

Polling page: 0x0000000002fa0000

CodeCache: size=245760Kb used=54405Kb max_used=54420Kb free=191355Kb
 bounds [0x0000000003590000, 0x0000000006b10000, 0x0000000012590000]
 total_blobs=17129 nmethods=16209 adapters=831
 compilation: enabled

Compilation events (10 events):
Event: 468.707 Thread 0x0000000016f10000 20452       4       java.util.stream.SortedOps$SizedRefSortingSink::end (129 bytes)
Event: 468.720 Thread 0x0000000016f10000 nmethod 20452 0x0000000006af8d50 code [0x0000000006af8f60, 0x0000000006af9b48]
Event: 468.720 Thread 0x0000000016f10000 20457       4       com.android.tools.r8.s.a.b.l.g.o::a (281 bytes)
Event: 468.765 Thread 0x0000000016f10000 nmethod 20457 0x0000000006afef90 code [0x0000000006aff300, 0x0000000006b01e00]
Event: 468.765 Thread 0x0000000016f10000 20455       4       java.io.StringWriter::append (6 bytes)
Event: 468.771 Thread 0x0000000016f10000 nmethod 20455 0x0000000006af5f10 code [0x0000000006af6080, 0x0000000006af67f8]
Event: 468.771 Thread 0x0000000016f10000 20443       4       com.android.tools.r8.graph.a0::c0 (11 bytes)
Event: 468.772 Thread 0x0000000016f10000 nmethod 20443 0x0000000006af5c10 code [0x0000000006af5d60, 0x0000000006af5e18]
Event: 468.781 Thread 0x0000000016f10000 20460       4       java.util.TimSort::mergeAt (358 bytes)
Event: 468.784 Thread 0x0000000016f10000 nmethod 20460 0x0000000006af12d0 code [0x0000000006af1460, 0x0000000006af17d0]

GC Heap History (10 events):
Event: 425.594 GC heap before
{Heap before GC invocations=28 (full 4):
 PSYoungGen      total 255488K, used 209920K [0x00000000e0000000, 0x00000000f6d80000, 0x0000000100000000)
  eden space 209920K, 100% used [0x00000000e0000000,0x00000000ecd00000,0x00000000ecd00000)
  from space 45568K, 0% used [0x00000000ecd00000,0x00000000ecd00000,0x00000000ef980000)
  to   space 68608K, 0% used [0x00000000f2a80000,0x00000000f2a80000,0x00000000f6d80000)
 ParOldGen       total 308736K, used 138706K [0x00000000a0000000, 0x00000000b2d80000, 0x00000000e0000000)
  object space 308736K, 44% used [0x00000000a0000000,0x00000000a8774950,0x00000000b2d80000)
 Metaspace       used 93409K, capacity 96840K, committed 97280K, reserved 1134592K
  class space    used 12004K, capacity 12707K, committed 12800K, reserved 1048576K
Event: 425.645 GC heap after
Heap after GC invocations=28 (full 4):
 PSYoungGen      total 298496K, used 57027K [0x00000000e0000000, 0x00000000f8280000, 0x0000000100000000)
  eden space 229888K, 0% used [0x00000000e0000000,0x00000000e0000000,0x00000000ee080000)
  from space 68608K, 83% used [0x00000000f2a80000,0x00000000f6230da0,0x00000000f6d80000)
  to   space 75776K, 0% used [0x00000000ee080000,0x00000000ee080000,0x00000000f2a80000)
 ParOldGen       total 308736K, used 138714K [0x00000000a0000000, 0x00000000b2d80000, 0x00000000e0000000)
  object space 308736K, 44% used [0x00000000a0000000,0x00000000a8776950,0x00000000b2d80000)
 Metaspace       used 93409K, capacity 96840K, committed 97280K, reserved 1134592K
  class space    used 12004K, capacity 12707K, committed 12800K, reserved 1048576K
}
Event: 426.703 GC heap before
{Heap before GC invocations=29 (full 4):
 PSYoungGen      total 298496K, used 280729K [0x00000000e0000000, 0x00000000f8280000, 0x0000000100000000)
  eden space 229888K, 97% used [0x00000000e0000000,0x00000000eda759a8,0x00000000ee080000)
  from space 68608K, 83% used [0x00000000f2a80000,0x00000000f6230da0,0x00000000f6d80000)
  to   space 75776K, 0% used [0x00000000ee080000,0x00000000ee080000,0x00000000f2a80000)
 ParOldGen       total 308736K, used 138714K [0x00000000a0000000, 0x00000000b2d80000, 0x00000000e0000000)
  object space 308736K, 44% used [0x00000000a0000000,0x00000000a8776950,0x00000000b2d80000)
 Metaspace       used 93963K, capacity 97436K, committed 97536K, reserved 1134592K
  class space    used 12063K, capacity 12775K, committed 12800K, reserved 1048576K
Event: 426.767 GC heap after
Heap after GC invocations=29 (full 4):
 PSYoungGen      total 305664K, used 75747K [0x00000000e0000000, 0x00000000fb480000, 0x0000000100000000)
  eden space 229888K, 0% used [0x00000000e0000000,0x00000000e0000000,0x00000000ee080000)
  from space 75776K, 99% used [0x00000000ee080000,0x00000000f2a78de0,0x00000000f2a80000)
  to   space 91136K, 0% used [0x00000000f5b80000,0x00000000f5b80000,0x00000000fb480000)
 ParOldGen       total 308736K, used 147550K [0x00000000a0000000, 0x00000000b2d80000, 0x00000000e0000000)
  object space 308736K, 47% used [0x00000000a0000000,0x00000000a9017a68,0x00000000b2d80000)
 Metaspace       used 93963K, capacity 97436K, committed 97536K, reserved 1134592K
  class space    used 12063K, capacity 12775K, committed 12800K, reserved 1048576K
}
Event: 463.680 GC heap before
{Heap before GC invocations=30 (full 4):
 PSYoungGen      total 305664K, used 305635K [0x00000000e0000000, 0x00000000fb480000, 0x0000000100000000)
  eden space 229888K, 100% used [0x00000000e0000000,0x00000000ee080000,0x00000000ee080000)
  from space 75776K, 99% used [0x00000000ee080000,0x00000000f2a78de0,0x00000000f2a80000)
  to   space 91136K, 0% used [0x00000000f5b80000,0x00000000f5b80000,0x00000000fb480000)
 ParOldGen       total 308736K, used 147550K [0x00000000a0000000, 0x00000000b2d80000, 0x00000000e0000000)
  object space 308736K, 47% used [0x00000000a0000000,0x00000000a9017a68,0x00000000b2d80000)
 Metaspace       used 94367K, capacity 98094K, committed 98176K, reserved 1134592K
  class space    used 12100K, capacity 12858K, committed 12928K, reserved 1048576K
Event: 463.733 GC heap after
Heap after GC invocations=30 (full 4):
 PSYoungGen      total 350720K, used 64847K [0x00000000e0000000, 0x00000000fba00000, 0x0000000100000000)
  eden space 259584K, 0% used [0x00000000e0000000,0x00000000e0000000,0x00000000efd80000)
  from space 91136K, 71% used [0x00000000f5b80000,0x00000000f9ad3cf0,0x00000000fb480000)
  to   space 96256K, 0% used [0x00000000efd80000,0x00000000efd80000,0x00000000f5b80000)
 ParOldGen       total 308736K, used 147558K [0x00000000a0000000, 0x00000000b2d80000, 0x00000000e0000000)
  object space 308736K, 47% used [0x00000000a0000000,0x00000000a9019a68,0x00000000b2d80000)
 Metaspace       used 94367K, capacity 98094K, committed 98176K, reserved 1134592K
  class space    used 12100K, capacity 12858K, committed 12928K, reserved 1048576K
}
Event: 467.003 GC heap before
{Heap before GC invocations=31 (full 4):
 PSYoungGen      total 350720K, used 324431K [0x00000000e0000000, 0x00000000fba00000, 0x0000000100000000)
  eden space 259584K, 100% used [0x00000000e0000000,0x00000000efd80000,0x00000000efd80000)
  from space 91136K, 71% used [0x00000000f5b80000,0x00000000f9ad3cf0,0x00000000fb480000)
  to   space 96256K, 0% used [0x00000000efd80000,0x00000000efd80000,0x00000000f5b80000)
 ParOldGen       total 308736K, used 147558K [0x00000000a0000000, 0x00000000b2d80000, 0x00000000e0000000)
  object space 308736K, 47% used [0x00000000a0000000,0x00000000a9019a68,0x00000000b2d80000)
 Metaspace       used 94533K, capacity 98312K, committed 98432K, reserved 1134592K
  class space    used 12109K, capacity 12873K, committed 12928K, reserved 1048576K
Event: 467.047 GC heap after
Heap after GC invocations=31 (full 4):
 PSYoungGen      total 355840K, used 59065K [0x00000000e0000000, 0x00000000fdd00000, 0x0000000100000000)
  eden space 259584K, 0% used [0x00000000e0000000,0x00000000e0000000,0x00000000efd80000)
  from space 96256K, 61% used [0x00000000efd80000,0x00000000f372e7f0,0x00000000f5b80000)
  to   space 98304K, 0% used [0x00000000f7d00000,0x00000000f7d00000,0x00000000fdd00000)
 ParOldGen       total 308736K, used 147566K [0x00000000a0000000, 0x00000000b2d80000, 0x00000000e0000000)
  object space 308736K, 47% used [0x00000000a0000000,0x00000000a901ba68,0x00000000b2d80000)
 Metaspace       used 94533K, capacity 98312K, committed 98432K, reserved 1134592K
  class space    used 12109K, capacity 12873K, committed 12928K, reserved 1048576K
}
Event: 468.193 GC heap before
{Heap before GC invocations=32 (full 4):
 PSYoungGen      total 355840K, used 318649K [0x00000000e0000000, 0x00000000fdd00000, 0x0000000100000000)
  eden space 259584K, 100% used [0x00000000e0000000,0x00000000efd80000,0x00000000efd80000)
  from space 96256K, 61% used [0x00000000efd80000,0x00000000f372e7f0,0x00000000f5b80000)
  to   space 98304K, 0% used [0x00000000f7d00000,0x00000000f7d00000,0x00000000fdd00000)
 ParOldGen       total 308736K, used 147566K [0x00000000a0000000, 0x00000000b2d80000, 0x00000000e0000000)
  object space 308736K, 47% used [0x00000000a0000000,0x00000000a901ba68,0x00000000b2d80000)
 Metaspace       used 94632K, capacity 98438K, committed 98688K, reserved 1134592K
  class space    used 12120K, capacity 12892K, committed 12928K, reserved 1048576K
Event: 468.391 GC heap after
Heap after GC invocations=32 (full 4):
 PSYoungGen      total 357888K, used 98288K [0x00000000e0000000, 0x00000000fdd00000, 0x0000000100000000)
  eden space 259584K, 0% used [0x00000000e0000000,0x00000000e0000000,0x00000000efd80000)
  from space 98304K, 99% used [0x00000000f7d00000,0x00000000fdcfc040,0x00000000fdd00000)
  to   space 96256K, 0% used [0x00000000efd80000,0x00000000efd80000,0x00000000f5b80000)
 ParOldGen       total 308736K, used 205290K [0x00000000a0000000, 0x00000000b2d80000, 0x00000000e0000000)
  object space 308736K, 66% used [0x00000000a0000000,0x00000000ac87aa78,0x00000000b2d80000)
 Metaspace       used 94632K, capacity 98438K, committed 98688K, reserved 1134592K
  class space    used 12120K, capacity 12892K, committed 12928K, reserved 1048576K
}

Deoptimization events (10 events):
Event: 466.102 Thread 0x000000001b1ee000 Uncommon trap: reason=unstable_if action=reinterpret pc=0x0000000005a871c4 method=com.google.common.collect.CompactHashMap.moveLastEntry(I)V @ 96
Event: 466.738 Thread 0x0000000018dbe800 Uncommon trap: reason=bimorphic action=maybe_recompile pc=0x00000000052f442c method=com.sun.org.apache.xerces.internal.dom.ElementImpl.getNodeName()Ljava/lang/String; @ 8
Event: 467.108 Thread 0x0000000018dbc800 Uncommon trap: reason=unstable_if action=reinterpret pc=0x000000000555e968 method=org.gradle.execution.plan.Node.isExecuted()Z @ 7
Event: 467.565 Thread 0x0000000018dbc800 Uncommon trap: reason=class_check action=maybe_recompile pc=0x000000000490d724 method=org.gradle.internal.fingerprint.impl.DefaultCurrentFileCollectionFingerprint.from(Ljava/lang/Iterable;Lorg/gradle/internal/fingerprint/FingerprintingStrategy;)Lorg/gradl
Event: 467.675 Thread 0x000000001b1f0000 Uncommon trap: reason=unstable_if action=reinterpret pc=0x00000000065cf874 method=java.util.stream.SpinedBuffer.clear()V @ 64
Event: 468.434 Thread 0x000000001b1f0000 Uncommon trap: reason=null_check action=make_not_entrant pc=0x0000000005007270 method=com.android.tools.r8.s.a.b.h.a(Ljava/lang/Object;)V @ 71
Event: 468.705 Thread 0x000000001b1f0000 Uncommon trap: reason=class_check action=maybe_recompile pc=0x0000000005208930 method=java.util.stream.SortedOps$SizedRefSortingSink.end()V @ 57
Event: 468.706 Thread 0x000000001b1f0000 Uncommon trap: reason=class_check action=maybe_recompile pc=0x0000000005208930 method=java.util.stream.SortedOps$SizedRefSortingSink.end()V @ 57
Event: 468.707 Thread 0x000000001b1f0000 Uncommon trap: reason=class_check action=maybe_recompile pc=0x0000000005208930 method=java.util.stream.SortedOps$SizedRefSortingSink.end()V @ 57
Event: 468.707 Thread 0x000000001b1f0000 Uncommon trap: reason=class_check action=maybe_recompile pc=0x0000000005208930 method=java.util.stream.SortedOps$SizedRefSortingSink.end()V @ 57

Classes redefined (0 events):
No events

Internal exceptions (10 events):
Event: 463.747 Thread 0x000000000358c000 Implicit null exception at 0x00000000038202cd to 0x0000000003820590
Event: 463.747 Thread 0x000000000358c000 Exception <a 'java/lang/NullPointerException'> (0x00000000e00c68f8) thrown at [D:\src\AOSP-openjdk-cygwin\jdk8u\hotspot\src\share\vm\runtime\sharedRuntime.cpp, line 605]
Event: 464.194 Thread 0x000000001b1f2800 Exception <a 'sun/nio/fs/WindowsException'> (0x00000000e133aab8) thrown at [D:\src\AOSP-openjdk-cygwin\jdk8u\hotspot\src\share\vm\prims\jni.cpp, line 710]
Event: 464.196 Thread 0x000000001b1f2800 Exception <a 'sun/nio/fs/WindowsException'> (0x00000000e133c5f8) thrown at [D:\src\AOSP-openjdk-cygwin\jdk8u\hotspot\src\share\vm\prims\jni.cpp, line 710]
Event: 466.565 Thread 0x0000000018dbc800 Exception <a 'sun/nio/fs/WindowsException'> (0x00000000ec946b48) thrown at [D:\src\AOSP-openjdk-cygwin\jdk8u\hotspot\src\share\vm\prims\jni.cpp, line 710]
Event: 466.859 Thread 0x0000000018dbc800 Exception <a 'sun/nio/fs/WindowsException'> (0x00000000ef527940) thrown at [D:\src\AOSP-openjdk-cygwin\jdk8u\hotspot\src\share\vm\prims\jni.cpp, line 710]
Event: 467.108 Thread 0x0000000018dbc800 Exception <a 'java/lang/NoSuchMethodError': java.lang.Object.lambda$flatMap$1(Ljava/util/function/Function;Lorg/gradle/internal/Try;)Lorg/gradle/api/internal/artifacts/transform/CacheableInvocation;> (0x00000000e05677a0) thrown at [D:\src\AOSP-openjdk-cyg
Event: 467.109 Thread 0x0000000018dbc800 Exception <a 'java/lang/NoSuchMethodError': java.lang.Object.lambda$flatMap$0(Ljava/lang/Throwable;)Lorg/gradle/api/internal/artifacts/transform/CacheableInvocation;> (0x00000000e056bec8) thrown at [D:\src\AOSP-openjdk-cygwin\jdk8u\hotspot\src\share\vm\in
Event: 467.109 Thread 0x0000000018dbc800 Exception <a 'java/lang/NoSuchMethodError': java.lang.Object.lambda$flatMap$4(Ljava/util/function/Function;)Lorg/gradle/api/internal/artifacts/transform/CacheableInvocation;> (0x00000000e056f5e8) thrown at [D:\src\AOSP-openjdk-cygwin\jdk8u\hotspot\src\sha
Event: 467.735 Thread 0x000000001b1f0000 Exception <a 'sun/nio/fs/WindowsException'> (0x00000000e5470c10) thrown at [D:\src\AOSP-openjdk-cygwin\jdk8u\hotspot\src\share\vm\prims\jni.cpp, line 710]

Events (10 events):
Event: 468.705 Thread 0x000000001b1f0000 DEOPT UNPACKING pc=0x00000000035d557b sp=0x000000002594dec0 mode 2
Event: 468.706 Thread 0x000000001b1f0000 Uncommon trap: trap_request=0xffffffde fr.pc=0x0000000005208930
Event: 468.706 Thread 0x000000001b1f0000 DEOPT PACKING pc=0x0000000005208930 sp=0x000000002594df10
Event: 468.706 Thread 0x000000001b1f0000 DEOPT UNPACKING pc=0x00000000035d557b sp=0x000000002594dec0 mode 2
Event: 468.707 Thread 0x000000001b1f0000 Uncommon trap: trap_request=0xffffffde fr.pc=0x0000000005208930
Event: 468.707 Thread 0x000000001b1f0000 DEOPT PACKING pc=0x0000000005208930 sp=0x000000002594df10
Event: 468.707 Thread 0x000000001b1f0000 DEOPT UNPACKING pc=0x00000000035d557b sp=0x000000002594dec0 mode 2
Event: 468.707 Thread 0x000000001b1f0000 Uncommon trap: trap_request=0xffffffde fr.pc=0x0000000005208930
Event: 468.707 Thread 0x000000001b1f0000 DEOPT PACKING pc=0x0000000005208930 sp=0x000000002594df10
Event: 468.707 Thread 0x000000001b1f0000 DEOPT UNPACKING pc=0x00000000035d557b sp=0x000000002594dec0 mode 2


Dynamic libraries:
0x00007ff6cc8b0000 - 0x00007ff6cc8e1000 	E:\androidstudio\jre\bin\java.exe
0x00007ff977040000 - 0x00007ff977230000 	C:\WINDOWS\SYSTEM32\ntdll.dll
0x00007ff976ed0000 - 0x00007ff976f82000 	C:\WINDOWS\System32\KERNEL32.DLL
0x00007ff974ba0000 - 0x00007ff974e43000 	C:\WINDOWS\System32\KERNELBASE.dll
0x00007ff975290000 - 0x00007ff975333000 	C:\WINDOWS\System32\ADVAPI32.dll
0x00007ff975f50000 - 0x00007ff975fee000 	C:\WINDOWS\System32\msvcrt.dll
0x00007ff9751f0000 - 0x00007ff975287000 	C:\WINDOWS\System32\sechost.dll
0x00007ff975cb0000 - 0x00007ff975dd0000 	C:\WINDOWS\System32\RPCRT4.dll
0x00007ff976830000 - 0x00007ff9769c4000 	C:\WINDOWS\System32\USER32.dll
0x00007ff973fd0000 - 0x00007ff973ff1000 	C:\WINDOWS\System32\win32u.dll
0x00007ff975a40000 - 0x00007ff975a66000 	C:\WINDOWS\System32\GDI32.dll
0x00007ff974e50000 - 0x00007ff974fe4000 	C:\WINDOWS\System32\gdi32full.dll
0x00007ff974a20000 - 0x00007ff974abe000 	C:\WINDOWS\System32\msvcp_win.dll
0x00007ff974ff0000 - 0x00007ff9750ea000 	C:\WINDOWS\System32\ucrtbase.dll
0x00007ff967f00000 - 0x00007ff968185000 	C:\WINDOWS\WinSxS\amd64_microsoft.windows.common-controls_6595b64144ccf1df_6.0.18362.657_none_e6c5b579130e3898\COMCTL32.dll
0x00007ff976b90000 - 0x00007ff976ec6000 	C:\WINDOWS\System32\combase.dll
0x00007ff9741a0000 - 0x00007ff974220000 	C:\WINDOWS\System32\bcryptPrimitives.dll
0x00007ff975dd0000 - 0x00007ff975dfe000 	C:\WINDOWS\System32\IMM32.DLL
0x0000000055a80000 - 0x0000000055b52000 	E:\androidstudio\jre\jre\bin\msvcr100.dll
0x0000000054ec0000 - 0x0000000055706000 	E:\androidstudio\jre\jre\bin\server\jvm.dll
0x00007ff9750f0000 - 0x00007ff9750f8000 	C:\WINDOWS\System32\PSAPI.DLL
0x00007ff9653f0000 - 0x00007ff9653f9000 	C:\WINDOWS\SYSTEM32\WSOCK32.dll
0x00007ff976f90000 - 0x00007ff976fff000 	C:\WINDOWS\System32\WS2_32.dll
0x00007ff971e50000 - 0x00007ff971e74000 	C:\WINDOWS\SYSTEM32\WINMM.dll
0x00007ff96e4a0000 - 0x00007ff96e4aa000 	C:\WINDOWS\SYSTEM32\VERSION.dll
0x00007ff9718d0000 - 0x00007ff9718fd000 	C:\WINDOWS\SYSTEM32\winmmbase.dll
0x00007ff974000000 - 0x00007ff97404a000 	C:\WINDOWS\System32\cfgmgr32.dll
0x00007ff965150000 - 0x00007ff96515f000 	E:\androidstudio\jre\jre\bin\verify.dll
0x00007ff964af0000 - 0x00007ff964b19000 	E:\androidstudio\jre\jre\bin\java.dll
0x00007ff9647f0000 - 0x00007ff964806000 	E:\androidstudio\jre\jre\bin\zip.dll
0x00007ff975ff0000 - 0x00007ff9766d5000 	C:\WINDOWS\System32\SHELL32.dll
0x00007ff976ae0000 - 0x00007ff976b89000 	C:\WINDOWS\System32\shcore.dll
0x00007ff974220000 - 0x00007ff97499f000 	C:\WINDOWS\System32\windows.storage.dll
0x00007ff973f90000 - 0x00007ff973faf000 	C:\WINDOWS\System32\profapi.dll
0x00007ff973f20000 - 0x00007ff973f6a000 	C:\WINDOWS\System32\powrprof.dll
0x00007ff973f10000 - 0x00007ff973f20000 	C:\WINDOWS\System32\UMPDC.dll
0x00007ff9769d0000 - 0x00007ff976a22000 	C:\WINDOWS\System32\shlwapi.dll
0x00007ff973fb0000 - 0x00007ff973fc1000 	C:\WINDOWS\System32\kernel.appcore.dll
0x00007ff974a00000 - 0x00007ff974a17000 	C:\WINDOWS\System32\cryptsp.dll
0x00007ff964120000 - 0x00007ff96413a000 	E:\androidstudio\jre\jre\bin\net.dll
0x00007ff967cb0000 - 0x00007ff967e86000 	C:\WINDOWS\SYSTEM32\urlmon.dll
0x00007ff9696a0000 - 0x00007ff969946000 	C:\WINDOWS\SYSTEM32\iertutil.dll
0x00007ff973920000 - 0x00007ff97392c000 	C:\WINDOWS\SYSTEM32\CRYPTBASE.DLL
0x00007ff973750000 - 0x00007ff9737b7000 	C:\WINDOWS\system32\mswsock.dll
0x00007ff963e20000 - 0x00007ff963e33000 	E:\androidstudio\jre\jre\bin\nio.dll
0x00007ff9707f0000 - 0x00007ff970816000 	C:\Users\Administrator\.gradle\native\30\windows-amd64\native-platform.dll
0x00007ff964980000 - 0x00007ff96498d000 	E:\androidstudio\jre\jre\bin\management.dll
0x00007ff973260000 - 0x00007ff973293000 	C:\WINDOWS\system32\rsaenh.dll
0x00007ff974b70000 - 0x00007ff974b96000 	C:\WINDOWS\System32\bcrypt.dll
0x00007ff973e00000 - 0x00007ff973e25000 	C:\WINDOWS\SYSTEM32\USERENV.dll
0x00007ff973400000 - 0x00007ff97343a000 	C:\WINDOWS\SYSTEM32\IPHLPAPI.DLL
0x00007ff9766e0000 - 0x00007ff9766e8000 	C:\WINDOWS\System32\NSI.dll
0x00007ff96a780000 - 0x00007ff96a796000 	C:\WINDOWS\SYSTEM32\dhcpcsvc6.DLL
0x00007ff96daf0000 - 0x00007ff96db0c000 	C:\WINDOWS\SYSTEM32\dhcpcsvc.DLL
0x00007ff9734a0000 - 0x00007ff97356a000 	C:\WINDOWS\SYSTEM32\DNSAPI.dll
0x00007ff972f40000 - 0x00007ff972f71000 	C:\WINDOWS\SYSTEM32\ntmarta.dll

VM Arguments:
jvm_args: -Xmx1536m -Dfile.encoding=GBK -Duser.country=CN -Duser.language=zh -Duser.variant 
java_command: org.gradle.launcher.daemon.bootstrap.GradleDaemon 5.6.4
java_class_path (initial): C:\Users\Administrator\.gradle\wrapper\dists\gradle-5.6.4-all\ankdp27end7byghfw1q2sw75f\gradle-5.6.4\lib\gradle-launcher-5.6.4.jar
Launcher Type: SUN_STANDARD

Environment Variables:
PATH=C:\WINDOWS\system32;C:\WINDOWS;C:\WINDOWS\System32\Wbem;C:\WINDOWS\System32\WindowsPowerShell\v1.0\;C:\WINDOWS\System32\OpenSSH\;C:\Program Files (x86)\NVIDIA Corporation\PhysX\Common;C:\Program Files\NVIDIA Corporation\NVIDIA NvDLISR;C:\WINDOWS\system32;C:\WINDOWS;C:\WINDOWS\System32\Wbem;C:\WINDOWS\System32\WindowsPowerShell\v1.0\;C:\WINDOWS\System32\OpenSSH\;C:\Users\Administrator\AppData\Local\Microsoft\WindowsApps;
USERNAME=Administrator
OS=Windows_NT
PROCESSOR_IDENTIFIER=Intel64 Family 6 Model 158 Stepping 9, GenuineIntel



---------------  S Y S T E M  ---------------

OS: Windows 10.0 , 64 bit Build 18362 (10.0.18362.329)

CPU:total 4 (initial active 4) (4 cores per cpu, 1 threads per core) family 6 model 158 stepping 9, cmov, cx8, fxsr, mmx, sse, sse2, sse3, ssse3, sse4.1, sse4.2, popcnt, avx, avx2, aes, clmul, erms, 3dnowpref, lzcnt, tsc, tscinvbit, bmi1, bmi2, adx

Memory: 4k page, physical 8338836k(1723528k free), swap 9325168k(4516k free)

vm_info: OpenJDK 64-Bit Server VM (25.212-b04) for windows-amd64 JRE (1.8.0_212-release-1586-b04), built by "builder" with MS VC++ 10.0 (VS2010)

time: Sun Mar 01 15:48:04 2020
timezone: 中国标准时间
elapsed time: 468 seconds (0d 0h 7m 48s)

