#
# There is insufficient memory for the Java Runtime Environment to continue.
# Native memory allocation (malloc) failed to allocate 1057296 bytes for Chunk::new
# Possible reasons:
#   The system is out of physical RAM or swap space
#   The process is running with CompressedOops enabled, and the Java Heap may be blocking the growth of the native heap
# Possible solutions:
#   Reduce memory load on the system
#   Increase physical memory or swap space
#   Check if swap backing store is full
#   Decrease Java heap size (-Xmx/-Xms)
#   Decrease number of Java threads
#   Decrease Java thread stack sizes (-Xss)
#   Set larger code cache with -XX:ReservedCodeCacheSize=
#   JVM is running with Unscaled Compressed Oops mode in which the Java heap is
#     placed in the first 4GB address space. The Java Heap base address is the
#     maximum limit for the native heap growth. Please use -XX:HeapBaseMinAddress
#     to set the Java Heap base and to place the Java Heap above 4GB virtual address.
# This output file may be truncated or incomplete.
#
#  Out of Memory Error (allocation.cpp:389), pid=4368, tid=0x000000000000226c
#
# JRE version: OpenJDK Runtime Environment (8.0_212-b04) (build 1.8.0_212-release-1586-b04)
# Java VM: OpenJDK 64-Bit Server VM (25.212-b04 mixed mode windows-amd64 compressed oops)
# Failed to write core dump. Minidumps are not enabled by default on client versions of Windows
#

---------------  T H R E A D  ---------------

Current thread (0x00000000167ec000):  JavaThread "C2 CompilerThread1" daemon [_thread_in_native, id=8812, stack(0x0000000018270000,0x0000000018370000)]

Stack: [0x0000000018270000,0x0000000018370000]
[error occurred during error reporting (printing stack bounds), id 0xc0000005]

Native frames: (J=compiled Java code, j=interpreted, Vv=VM code, C=native code)


Current CompileTask:
C2:   4121 3437       4       org.objectweb.asm.Frame::execute (2318 bytes)


---------------  P R O C E S S  ---------------

Java Threads: ( => current thread )
  0x000000001ab94000 JavaThread "Build operations Thread 4" [_thread_blocked, id=3952, stack(0x0000000021ae0000,0x0000000021be0000)]
  0x000000001ab98000 JavaThread "Build operations Thread 3" [_thread_blocked, id=9604, stack(0x00000000219e0000,0x0000000021ae0000)]
  0x000000001ab93800 JavaThread "Build operations Thread 2" [_thread_blocked, id=6048, stack(0x00000000218e0000,0x00000000219e0000)]
  0x000000001ab95800 JavaThread "Build operations" [_thread_blocked, id=4604, stack(0x00000000217e0000,0x00000000218e0000)]
  0x0000000019b28800 JavaThread "Cache worker for execution history cache (C:\Users\Administrator\.gradle\caches\5.6.4\executionHistory)" [_thread_blocked, id=3680, stack(0x00000000214e0000,0x00000000215e0000)]
  0x0000000019b2d000 JavaThread "Cache worker for cache directory md-rule (C:\Users\Administrator\.gradle\caches\5.6.4\md-rule)" [_thread_blocked, id=8972, stack(0x000000001fcf0000,0x000000001fdf0000)]
  0x0000000019b2b800 JavaThread "Cache worker for cache directory md-supplier (C:\Users\Administrator\.gradle\caches\5.6.4\md-supplier)" [_thread_blocked, id=6388, stack(0x000000001eba0000,0x000000001eca0000)]
  0x0000000019b28000 JavaThread "Cache worker for file hash cache (C:\Users\Administrator\AndroidStudioProjects\MyApplication\.gradle\5.6.4\fileHashes)" [_thread_blocked, id=9816, stack(0x000000001d4d0000,0x000000001d5d0000)]
  0x0000000019b26800 JavaThread "Cache worker for journal cache (C:\Users\Administrator\.gradle\caches\journal-1)" [_thread_blocked, id=10524, stack(0x000000001c100000,0x000000001c200000)]
  0x0000000019b29800 JavaThread "File lock request listener" [_thread_in_native, id=5584, stack(0x000000001c000000,0x000000001c100000)]
  0x00000000194fb000 JavaThread "Cache worker for file hash cache (C:\Users\Administrator\.gradle\caches\5.6.4\fileHashes)" [_thread_blocked, id=9276, stack(0x000000001bf00000,0x000000001c000000)]
  0x000000001a002800 JavaThread "Thread-9" [_thread_blocked, id=2776, stack(0x000000001bc00000,0x000000001bd00000)]
  0x000000001a00d800 JavaThread "Stdin handler" [_thread_blocked, id=8780, stack(0x000000001bb00000,0x000000001bc00000)]
  0x000000001a013800 JavaThread "Asynchronous log dispatcher for DefaultDaemonConnection: socket connection from /127.0.0.1:53459 to /127.0.0.1:53460" [_thread_blocked, id=2752, stack(0x000000001ba00000,0x000000001bb00000)]
  0x000000001a00f000 JavaThread "Daemon worker" [_thread_in_vm, id=824, stack(0x000000001b900000,0x000000001ba00000)]
  0x0000000019e5e000 JavaThread "Cancel handler" [_thread_blocked, id=10204, stack(0x000000001b800000,0x000000001b900000)]
  0x0000000019fe9800 JavaThread "Handler for socket connection from /127.0.0.1:53459 to /127.0.0.1:53460" [_thread_in_native, id=2576, stack(0x000000001b500000,0x000000001b600000)]
  0x0000000019fe4000 JavaThread "Daemon" [_thread_blocked, id=2176, stack(0x000000001b400000,0x000000001b500000)]
  0x0000000019f30000 JavaThread "Daemon periodic checks" [_thread_blocked, id=4960, stack(0x000000001b300000,0x000000001b400000)]
  0x0000000019f2d000 JavaThread "Incoming local TCP Connector on port 53459" [_thread_in_native, id=2884, stack(0x000000001b150000,0x000000001b250000)]
  0x0000000017c65800 JavaThread "Daemon health stats" [_thread_blocked, id=6868, stack(0x000000001ae30000,0x000000001af30000)]
  0x0000000017bf2800 JavaThread "Service Thread" daemon [_thread_blocked, id=7872, stack(0x0000000018470000,0x0000000018570000)]
  0x0000000017b7d000 JavaThread "C1 CompilerThread2" daemon [_thread_blocked, id=9456, stack(0x0000000018370000,0x0000000018470000)]
=>0x00000000167ec000 JavaThread "C2 CompilerThread1" daemon [_thread_in_native, id=8812, stack(0x0000000018270000,0x0000000018370000)]
  0x00000000167e8000 JavaThread "C2 CompilerThread0" daemon [_thread_in_native, id=7380, stack(0x0000000018170000,0x0000000018270000)]
  0x000000001679c000 JavaThread "Attach Listener" daemon [_thread_blocked, id=11808, stack(0x0000000018070000,0x0000000018170000)]
  0x0000000017b78800 JavaThread "Signal Dispatcher" daemon [_thread_blocked, id=8380, stack(0x0000000017f70000,0x0000000018070000)]
  0x0000000002e19800 JavaThread "Finalizer" daemon [_thread_blocked, id=11784, stack(0x0000000017a10000,0x0000000017b10000)]
  0x0000000002e11000 JavaThread "Reference Handler" daemon [_thread_blocked, id=11996, stack(0x0000000017910000,0x0000000017a10000)]
  0x0000000002d1d800 JavaThread "main" [_thread_blocked, id=5040, stack(0x0000000002bb0000,0x0000000002cb0000)]

Other Threads:
  0x0000000016756800 VMThread [stack: 0x0000000017810000,0x0000000017910000] [id=548]
  0x0000000017bf3800 WatcherThread [stack: 0x0000000018570000,0x0000000018670000] [id=5140]

VM state:not at safepoint (normal execution)

VM Mutex/Monitor currently owned by a thread: None

heap address: 0x00000000a0000000, size: 1536 MB, Compressed Oops mode: 32-bit
Narrow klass base: 0x0000000000000000, Narrow klass shift: 3
Compressed class space size: 1073741824 Address: 0x0000000100000000

Heap:
 PSYoungGen      total 119296K, used 29770K [0x00000000e0000000, 0x00000000eaa80000, 0x0000000100000000)
  eden space 107520K, 27% used [0x00000000e0000000,0x00000000e1d12b08,0x00000000e6900000)
  from space 11776K, 0% used [0x00000000e6900000,0x00000000e6900000,0x00000000e7480000)
  to   space 12800K, 0% used [0x00000000e9e00000,0x00000000e9e00000,0x00000000eaa80000)
 ParOldGen       total 89600K, used 17627K [0x00000000a0000000, 0x00000000a5780000, 0x00000000e0000000)
  object space 89600K, 19% used [0x00000000a0000000,0x00000000a1136ed8,0x00000000a5780000)
 Metaspace       used 35764K, capacity 36794K, committed 36992K, reserved 1081344K
  class space    used 4922K, capacity 5190K, committed 5248K, reserved 1048576K

Card table byte_map: [0x00000000121e0000,0x00000000124f0000] byte_map_base: 0x0000000011ce0000

Marking Bits: (ParMarkBitMap*) 0x0000000055689f30
 Begin Bits: [0x0000000012af0000, 0x00000000142f0000)
 End Bits:   [0x00000000142f0000, 0x0000000015af0000)

Polling page: 0x0000000000bc0000

CodeCache: size=245760Kb used=12069Kb max_used=12069Kb free=233690Kb
 bounds [0x0000000002e20000, 0x00000000039f0000, 0x0000000011e20000]
 total_blobs=4217 nmethods=3509 adapters=620
 compilation: enabled

Compilation events (10 events):
Event: 4.107 Thread 0x0000000017b7d000 3520   !   3       org.gradle.internal.classloader.FilteringClassLoader::loadClass (62 bytes)
Event: 4.107 Thread 0x0000000017b7d000 nmethod 3520 0x00000000039e9550 code [0x00000000039e9780, 0x00000000039ea358]
Event: 4.117 Thread 0x0000000017b7d000 3521       3       sun.invoke.util.VerifyAccess::isClassAccessible (66 bytes)
Event: 4.117 Thread 0x0000000017b7d000 nmethod 3521 0x00000000039ea810 code [0x00000000039ea9e0, 0x00000000039eb068]
Event: 4.117 Thread 0x0000000017b7d000 3523       3       java.lang.invoke.LambdaForm$BMH/1534754611::reinvoke (25 bytes)
Event: 4.118 Thread 0x0000000017b7d000 nmethod 3523 0x00000000039eb250 code [0x00000000039eb3e0, 0x00000000039eb9d8]
Event: 4.118 Thread 0x0000000017b7d000 3522       3       sun.invoke.util.VerifyAccess::getClassModifiers (24 bytes)
Event: 4.118 Thread 0x0000000017b7d000 nmethod 3522 0x00000000039ebb10 code [0x00000000039ebca0, 0x00000000039ec098]
Event: 4.118 Thread 0x0000000017b7d000 3524       3       java.lang.Class::getDeclaredConstructors (18 bytes)
Event: 4.118 Thread 0x0000000017b7d000 nmethod 3524 0x00000000039ec190 code [0x00000000039ec320, 0x00000000039ec558]

GC Heap History (10 events):
Event: 2.362 GC heap before
{Heap before GC invocations=7 (full 1):
 PSYoungGen      total 76800K, used 8737K [0x00000000e0000000, 0x00000000e5700000, 0x0000000100000000)
  eden space 66048K, 0% used [0x00000000e0000000,0x00000000e0000000,0x00000000e4080000)
  from space 10752K, 81% used [0x00000000e4b80000,0x00000000e54084f8,0x00000000e5600000)
  to   space 11264K, 0% used [0x00000000e4080000,0x00000000e4080000,0x00000000e4b80000)
 ParOldGen       total 87552K, used 8128K [0x00000000a0000000, 0x00000000a5580000, 0x00000000e0000000)
  object space 87552K, 9% used [0x00000000a0000000,0x00000000a07f0368,0x00000000a5580000)
 Metaspace       used 20622K, capacity 21182K, committed 21296K, reserved 1067008K
  class space    used 2975K, capacity 3133K, committed 3200K, reserved 1048576K
Event: 2.391 GC heap after
Heap after GC invocations=7 (full 1):
 PSYoungGen      total 76800K, used 0K [0x00000000e0000000, 0x00000000e5700000, 0x0000000100000000)
  eden space 66048K, 0% used [0x00000000e0000000,0x00000000e0000000,0x00000000e4080000)
  from space 10752K, 0% used [0x00000000e4b80000,0x00000000e4b80000,0x00000000e5600000)
  to   space 11264K, 0% used [0x00000000e4080000,0x00000000e4080000,0x00000000e4b80000)
 ParOldGen       total 59904K, used 9739K [0x00000000a0000000, 0x00000000a3a80000, 0x00000000e0000000)
  object space 59904K, 16% used [0x00000000a0000000,0x00000000a0982c10,0x00000000a3a80000)
 Metaspace       used 20622K, capacity 21182K, committed 21296K, reserved 1067008K
  class space    used 2975K, capacity 3133K, committed 3200K, reserved 1048576K
}
Event: 3.003 GC heap before
{Heap before GC invocations=8 (full 1):
 PSYoungGen      total 76800K, used 66048K [0x00000000e0000000, 0x00000000e5700000, 0x0000000100000000)
  eden space 66048K, 100% used [0x00000000e0000000,0x00000000e4080000,0x00000000e4080000)
  from space 10752K, 0% used [0x00000000e4b80000,0x00000000e4b80000,0x00000000e5600000)
  to   space 11264K, 0% used [0x00000000e4080000,0x00000000e4080000,0x00000000e4b80000)
 ParOldGen       total 59904K, used 9739K [0x00000000a0000000, 0x00000000a3a80000, 0x00000000e0000000)
  object space 59904K, 16% used [0x00000000a0000000,0x00000000a0982c10,0x00000000a3a80000)
 Metaspace       used 29078K, capacity 29644K, committed 29952K, reserved 1075200K
  class space    used 3915K, capacity 4071K, committed 4096K, reserved 1048576K
Event: 3.014 GC heap after
Heap after GC invocations=8 (full 1):
 PSYoungGen      total 77312K, used 8128K [0x00000000e0000000, 0x00000000e8000000, 0x0000000100000000)
  eden space 66048K, 0% used [0x00000000e0000000,0x00000000e0000000,0x00000000e4080000)
  from space 11264K, 72% used [0x00000000e4080000,0x00000000e4870068,0x00000000e4b80000)
  to   space 11776K, 0% used [0x00000000e7480000,0x00000000e7480000,0x00000000e8000000)
 ParOldGen       total 59904K, used 9747K [0x00000000a0000000, 0x00000000a3a80000, 0x00000000e0000000)
  object space 59904K, 16% used [0x00000000a0000000,0x00000000a0984c10,0x00000000a3a80000)
 Metaspace       used 29078K, capacity 29644K, committed 29952K, reserved 1075200K
  class space    used 3915K, capacity 4071K, committed 4096K, reserved 1048576K
}
Event: 3.369 GC heap before
{Heap before GC invocations=9 (full 1):
 PSYoungGen      total 77312K, used 74176K [0x00000000e0000000, 0x00000000e8000000, 0x0000000100000000)
  eden space 66048K, 100% used [0x00000000e0000000,0x00000000e4080000,0x00000000e4080000)
  from space 11264K, 72% used [0x00000000e4080000,0x00000000e4870068,0x00000000e4b80000)
  to   space 11776K, 0% used [0x00000000e7480000,0x00000000e7480000,0x00000000e8000000)
 ParOldGen       total 59904K, used 9747K [0x00000000a0000000, 0x00000000a3a80000, 0x00000000e0000000)
  object space 59904K, 16% used [0x00000000a0000000,0x00000000a0984c10,0x00000000a3a80000)
 Metaspace       used 31940K, capacity 32576K, committed 32768K, reserved 1077248K
  class space    used 4376K, capacity 4559K, committed 4608K, reserved 1048576K
Event: 3.380 GC heap after
Heap after GC invocations=9 (full 1):
 PSYoungGen      total 119296K, used 8716K [0x00000000e0000000, 0x00000000e8180000, 0x0000000100000000)
  eden space 107520K, 0% used [0x00000000e0000000,0x00000000e0000000,0x00000000e6900000)
  from space 11776K, 74% used [0x00000000e7480000,0x00000000e7d03368,0x00000000e8000000)
  to   space 11776K, 0% used [0x00000000e6900000,0x00000000e6900000,0x00000000e7480000)
 ParOldGen       total 59904K, used 9755K [0x00000000a0000000, 0x00000000a3a80000, 0x00000000e0000000)
  object space 59904K, 16% used [0x00000000a0000000,0x00000000a0986c10,0x00000000a3a80000)
 Metaspace       used 31940K, capacity 32576K, committed 32768K, reserved 1077248K
  class space    used 4376K, capacity 4559K, committed 4608K, reserved 1048576K
}
Event: 3.822 GC heap before
{Heap before GC invocations=10 (full 1):
 PSYoungGen      total 119296K, used 68652K [0x00000000e0000000, 0x00000000e8180000, 0x0000000100000000)
  eden space 107520K, 55% used [0x00000000e0000000,0x00000000e3a88040,0x00000000e6900000)
  from space 11776K, 74% used [0x00000000e7480000,0x00000000e7d03368,0x00000000e8000000)
  to   space 11776K, 0% used [0x00000000e6900000,0x00000000e6900000,0x00000000e7480000)
 ParOldGen       total 59904K, used 9755K [0x00000000a0000000, 0x00000000a3a80000, 0x00000000e0000000)
  object space 59904K, 16% used [0x00000000a0000000,0x00000000a0986c10,0x00000000a3a80000)
 Metaspace       used 34536K, capacity 35336K, committed 35456K, reserved 1079296K
  class space    used 4725K, capacity 4925K, committed 4992K, reserved 1048576K
Event: 3.830 GC heap after
Heap after GC invocations=10 (full 1):
 PSYoungGen      total 119296K, used 10464K [0x00000000e0000000, 0x00000000eaa80000, 0x0000000100000000)
  eden space 107520K, 0% used [0x00000000e0000000,0x00000000e0000000,0x00000000e6900000)
  from space 11776K, 88% used [0x00000000e6900000,0x00000000e73383a8,0x00000000e7480000)
  to   space 12800K, 0% used [0x00000000e9e00000,0x00000000e9e00000,0x00000000eaa80000)
 ParOldGen       total 59904K, used 9763K [0x00000000a0000000, 0x00000000a3a80000, 0x00000000e0000000)
  object space 59904K, 16% used [0x00000000a0000000,0x00000000a0988c10,0x00000000a3a80000)
 Metaspace       used 34536K, capacity 35336K, committed 35456K, reserved 1079296K
  class space    used 4725K, capacity 4925K, committed 4992K, reserved 1048576K
}
Event: 3.830 GC heap before
{Heap before GC invocations=11 (full 2):
 PSYoungGen      total 119296K, used 10464K [0x00000000e0000000, 0x00000000eaa80000, 0x0000000100000000)
  eden space 107520K, 0% used [0x00000000e0000000,0x00000000e0000000,0x00000000e6900000)
  from space 11776K, 88% used [0x00000000e6900000,0x00000000e73383a8,0x00000000e7480000)
  to   space 12800K, 0% used [0x00000000e9e00000,0x00000000e9e00000,0x00000000eaa80000)
 ParOldGen       total 59904K, used 9763K [0x00000000a0000000, 0x00000000a3a80000, 0x00000000e0000000)
  object space 59904K, 16% used [0x00000000a0000000,0x00000000a0988c10,0x00000000a3a80000)
 Metaspace       used 34536K, capacity 35336K, committed 35456K, reserved 1079296K
  class space    used 4725K, capacity 4925K, committed 4992K, reserved 1048576K
Event: 3.872 GC heap after
Heap after GC invocations=11 (full 2):
 PSYoungGen      total 119296K, used 0K [0x00000000e0000000, 0x00000000eaa80000, 0x0000000100000000)
  eden space 107520K, 0% used [0x00000000e0000000,0x00000000e0000000,0x00000000e6900000)
  from space 11776K, 0% used [0x00000000e6900000,0x00000000e6900000,0x00000000e7480000)
  to   space 12800K, 0% used [0x00000000e9e00000,0x00000000e9e00000,0x00000000eaa80000)
 ParOldGen       total 89600K, used 17627K [0x00000000a0000000, 0x00000000a5780000, 0x00000000e0000000)
  object space 89600K, 19% used [0x00000000a0000000,0x00000000a1136ed8,0x00000000a5780000)
 Metaspace       used 34528K, capacity 35312K, committed 35456K, reserved 1079296K
  class space    used 4723K, capacity 4921K, committed 4992K, reserved 1048576K
}

Deoptimization events (10 events):
Event: 3.359 Thread 0x000000001a00f000 Uncommon trap: reason=unstable_if action=reinterpret pc=0x0000000002f95588 method=java.net.URI.match(CJJ)Z @ 19
Event: 3.359 Thread 0x000000001a00f000 Uncommon trap: reason=unstable_if action=reinterpret pc=0x0000000002f8d908 method=java.net.URI.match(CJJ)Z @ 19
Event: 3.569 Thread 0x000000001a00f000 Uncommon trap: reason=unstable_if action=reinterpret pc=0x000000000344bc68 method=java.util.regex.Pattern$BmpCharProperty.match(Ljava/util/regex/Matcher;ILjava/lang/CharSequence;)Z @ 34
Event: 3.723 Thread 0x000000001ab98000 Uncommon trap: reason=unstable_if action=reinterpret pc=0x0000000003416d54 method=java.util.concurrent.ConcurrentHashMap.addCount(JI)V @ 34
Event: 3.730 Thread 0x000000001ab98000 Uncommon trap: reason=unstable_if action=reinterpret pc=0x00000000032c9a78 method=java.util.concurrent.ConcurrentHashMap.addCount(JI)V @ 7
Event: 3.730 Thread 0x000000001ab95800 Uncommon trap: reason=unstable_if action=reinterpret pc=0x00000000032c9a78 method=java.util.concurrent.ConcurrentHashMap.addCount(JI)V @ 7
Event: 3.730 Thread 0x000000001ab93800 Uncommon trap: reason=unstable_if action=reinterpret pc=0x00000000032c9a78 method=java.util.concurrent.ConcurrentHashMap.addCount(JI)V @ 7
Event: 3.730 Thread 0x000000001ab94000 Uncommon trap: reason=unstable_if action=reinterpret pc=0x00000000032c9a78 method=java.util.concurrent.ConcurrentHashMap.addCount(JI)V @ 7
Event: 3.983 Thread 0x000000001a00f000 Uncommon trap: reason=unstable_if action=reinterpret pc=0x00000000039798d8 method=org.codehaus.groovy.reflection.CachedMethod.compareToMethod(Ljava/lang/reflect/Method;)I @ 111
Event: 3.997 Thread 0x000000001a00f000 Uncommon trap: reason=range_check action=make_not_entrant pc=0x000000000378c290 method=java.lang.String.charAt(I)C @ 27

Classes redefined (0 events):
No events

Internal exceptions (10 events):
Event: 4.027 Thread 0x000000001a00f000 Exception <a 'java/lang/ClassNotFoundException': org/gradle/api/internal/AbstractTaskBeanInfo> (0x00000000e10bce80) thrown at [D:\src\AOSP-openjdk-cygwin\jdk8u\hotspot\src\share\vm\classfile\systemDictionary.cpp, line 210]
Event: 4.027 Thread 0x000000001a00f000 Exception <a 'java/lang/ClassNotFoundException': org/gradle/api/internal/AbstractTaskCustomizer> (0x00000000e10f1f28) thrown at [D:\src\AOSP-openjdk-cygwin\jdk8u\hotspot\src\share\vm\classfile\systemDictionary.cpp, line 210]
Event: 4.030 Thread 0x000000001a00f000 Exception <a 'java/lang/ClassNotFoundException': org/gradle/api/DefaultTaskCustomizer> (0x00000000e117f8b0) thrown at [D:\src\AOSP-openjdk-cygwin\jdk8u\hotspot\src\share\vm\classfile\systemDictionary.cpp, line 210]
Event: 4.031 Thread 0x000000001a00f000 Exception <a 'java/lang/ClassNotFoundException': org/gradle/api/internal/ConventionTaskCustomizer> (0x00000000e11c4400) thrown at [D:\src\AOSP-openjdk-cygwin\jdk8u\hotspot\src\share\vm\classfile\systemDictionary.cpp, line 210]
Event: 4.032 Thread 0x000000001a00f000 Exception <a 'java/lang/ClassNotFoundException': org/gradle/api/tasks/DeleteCustomizer> (0x00000000e1205398) thrown at [D:\src\AOSP-openjdk-cygwin\jdk8u\hotspot\src\share\vm\classfile\systemDictionary.cpp, line 210]
Event: 4.034 Thread 0x000000001a00f000 Exception <a 'java/lang/ClassNotFoundException': org/gradle/api/tasks/Delete_DecoratedCustomizer> (0x00000000e1254360) thrown at [D:\src\AOSP-openjdk-cygwin\jdk8u\hotspot\src\share\vm\classfile\systemDictionary.cpp, line 210]
Event: 4.051 Thread 0x000000001a00f000 Exception <a 'java/lang/ClassNotFoundException': build_bv02tmsacc8azaesk2s2nvtteBeanInfo> (0x00000000e1377540) thrown at [D:\src\AOSP-openjdk-cygwin\jdk8u\hotspot\src\share\vm\classfile\systemDictionary.cpp, line 210]
Event: 4.052 Thread 0x000000001a00f000 Exception <a 'java/lang/ClassNotFoundException': build_bv02tmsacc8azaesk2s2nvtteCustomizer> (0x00000000e1384000) thrown at [D:\src\AOSP-openjdk-cygwin\jdk8u\hotspot\src\share\vm\classfile\systemDictionary.cpp, line 210]
Event: 4.055 Thread 0x000000001a00f000 Exception <a 'java/lang/ClassNotFoundException': org/gradle/api/internal/plugins/DefaultObjectConfigurationActionBeanInfo> (0x00000000e13fddd0) thrown at [D:\src\AOSP-openjdk-cygwin\jdk8u\hotspot\src\share\vm\classfile\systemDictionary.cpp, line 210]
Event: 4.056 Thread 0x000000001a00f000 Exception <a 'java/lang/ClassNotFoundException': org/gradle/api/internal/plugins/DefaultObjectConfigurationActionCustomizer> (0x00000000e1443fc0) thrown at [D:\src\AOSP-openjdk-cygwin\jdk8u\hotspot\src\share\vm\classfile\systemDictionary.cpp, line 210]

Events (10 events):
Event: 4.118 loading class com/android/build/gradle/options/BooleanOption
Event: 4.118 loading class com/android/build/gradle/options/BooleanOption done
Event: 4.120 loading class com/android/build/gradle/options/Option$Status$STABLE
Event: 4.120 loading class com/android/build/gradle/options/Option$Status$STABLE done
Event: 4.120 loading class com/android/build/gradle/options/Option$Status
Event: 4.120 loading class com/android/build/gradle/options/Option$Status done
Event: 4.120 loading class com/android/build/gradle/options/Option$Status$EXPERIMENTAL
Event: 4.120 loading class com/android/build/gradle/options/Option$Status$EXPERIMENTAL done
Event: 4.120 loading class com/android/build/gradle/internal/errors/DeprecationReporter$DeprecationTarget
Event: 4.120 loading class com/android/build/gradle/internal/errors/DeprecationReporter$DeprecationTarget done


Dynamic libraries:
0x00007ff6cc8b0000 - 0x00007ff6cc8e1000 	E:\androidstudio\jre\bin\java.exe
0x00007ff977040000 - 0x00007ff977230000 	C:\WINDOWS\SYSTEM32\ntdll.dll
0x00007ff976ed0000 - 0x00007ff976f82000 	C:\WINDOWS\System32\KERNEL32.DLL
0x00007ff974ba0000 - 0x00007ff974e43000 	C:\WINDOWS\System32\KERNELBASE.dll
0x00007ff975290000 - 0x00007ff975333000 	C:\WINDOWS\System32\ADVAPI32.dll
0x00007ff975f50000 - 0x00007ff975fee000 	C:\WINDOWS\System32\msvcrt.dll
0x00007ff9751f0000 - 0x00007ff975287000 	C:\WINDOWS\System32\sechost.dll
0x00007ff975cb0000 - 0x00007ff975dd0000 	C:\WINDOWS\System32\RPCRT4.dll
0x00007ff976830000 - 0x00007ff9769c4000 	C:\WINDOWS\System32\USER32.dll
0x00007ff973fd0000 - 0x00007ff973ff1000 	C:\WINDOWS\System32\win32u.dll
0x00007ff975a40000 - 0x00007ff975a66000 	C:\WINDOWS\System32\GDI32.dll
0x00007ff974e50000 - 0x00007ff974fe4000 	C:\WINDOWS\System32\gdi32full.dll
0x00007ff974a20000 - 0x00007ff974abe000 	C:\WINDOWS\System32\msvcp_win.dll
0x00007ff974ff0000 - 0x00007ff9750ea000 	C:\WINDOWS\System32\ucrtbase.dll
0x00007ff967f00000 - 0x00007ff968185000 	C:\WINDOWS\WinSxS\amd64_microsoft.windows.common-controls_6595b64144ccf1df_6.0.18362.657_none_e6c5b579130e3898\COMCTL32.dll
0x00007ff976b90000 - 0x00007ff976ec6000 	C:\WINDOWS\System32\combase.dll
0x00007ff9741a0000 - 0x00007ff974220000 	C:\WINDOWS\System32\bcryptPrimitives.dll
0x00007ff975dd0000 - 0x00007ff975dfe000 	C:\WINDOWS\System32\IMM32.DLL
0x0000000055a80000 - 0x0000000055b52000 	E:\androidstudio\jre\jre\bin\msvcr100.dll
0x0000000054ec0000 - 0x0000000055706000 	E:\androidstudio\jre\jre\bin\server\jvm.dll
0x00007ff9750f0000 - 0x00007ff9750f8000 	C:\WINDOWS\System32\PSAPI.DLL
0x00007ff96e4a0000 - 0x00007ff96e4aa000 	C:\WINDOWS\SYSTEM32\VERSION.dll
0x00007ff9653f0000 - 0x00007ff9653f9000 	C:\WINDOWS\SYSTEM32\WSOCK32.dll
0x00007ff971e50000 - 0x00007ff971e74000 	C:\WINDOWS\SYSTEM32\WINMM.dll
0x00007ff976f90000 - 0x00007ff976fff000 	C:\WINDOWS\System32\WS2_32.dll
0x00007ff9718d0000 - 0x00007ff9718fd000 	C:\WINDOWS\SYSTEM32\winmmbase.dll
0x00007ff974000000 - 0x00007ff97404a000 	C:\WINDOWS\System32\cfgmgr32.dll
0x00007ff965150000 - 0x00007ff96515f000 	E:\androidstudio\jre\jre\bin\verify.dll
0x00007ff964af0000 - 0x00007ff964b19000 	E:\androidstudio\jre\jre\bin\java.dll
0x00007ff9647f0000 - 0x00007ff964806000 	E:\androidstudio\jre\jre\bin\zip.dll
0x00007ff975ff0000 - 0x00007ff9766d5000 	C:\WINDOWS\System32\SHELL32.dll
0x00007ff976ae0000 - 0x00007ff976b89000 	C:\WINDOWS\System32\shcore.dll
0x00007ff974220000 - 0x00007ff97499f000 	C:\WINDOWS\System32\windows.storage.dll
0x00007ff973f90000 - 0x00007ff973faf000 	C:\WINDOWS\System32\profapi.dll
0x00007ff973f20000 - 0x00007ff973f6a000 	C:\WINDOWS\System32\powrprof.dll
0x00007ff973f10000 - 0x00007ff973f20000 	C:\WINDOWS\System32\UMPDC.dll
0x00007ff9769d0000 - 0x00007ff976a22000 	C:\WINDOWS\System32\shlwapi.dll
0x00007ff973fb0000 - 0x00007ff973fc1000 	C:\WINDOWS\System32\kernel.appcore.dll
0x00007ff974a00000 - 0x00007ff974a17000 	C:\WINDOWS\System32\cryptsp.dll
0x00007ff964120000 - 0x00007ff96413a000 	E:\androidstudio\jre\jre\bin\net.dll
0x00007ff967cb0000 - 0x00007ff967e86000 	C:\WINDOWS\SYSTEM32\urlmon.dll
0x00007ff9696a0000 - 0x00007ff969946000 	C:\WINDOWS\SYSTEM32\iertutil.dll
0x00007ff973920000 - 0x00007ff97392c000 	C:\WINDOWS\SYSTEM32\CRYPTBASE.DLL
0x00007ff973750000 - 0x00007ff9737b7000 	C:\WINDOWS\system32\mswsock.dll
0x00007ff963e20000 - 0x00007ff963e33000 	E:\androidstudio\jre\jre\bin\nio.dll
0x00007ff9707f0000 - 0x00007ff970816000 	C:\Users\Administrator\.gradle\native\30\windows-amd64\native-platform.dll
0x00007ff964980000 - 0x00007ff96498d000 	E:\androidstudio\jre\jre\bin\management.dll
0x00007ff973260000 - 0x00007ff973293000 	C:\WINDOWS\system32\rsaenh.dll
0x00007ff974b70000 - 0x00007ff974b96000 	C:\WINDOWS\System32\bcrypt.dll
0x00007ff973e00000 - 0x00007ff973e25000 	C:\WINDOWS\SYSTEM32\USERENV.dll
0x00007ff973400000 - 0x00007ff97343a000 	C:\WINDOWS\SYSTEM32\IPHLPAPI.DLL
0x00007ff9766e0000 - 0x00007ff9766e8000 	C:\WINDOWS\System32\NSI.dll
0x00007ff96a780000 - 0x00007ff96a796000 	C:\WINDOWS\SYSTEM32\dhcpcsvc6.DLL
0x00007ff96daf0000 - 0x00007ff96db0c000 	C:\WINDOWS\SYSTEM32\dhcpcsvc.DLL
0x00007ff9734a0000 - 0x00007ff97356a000 	C:\WINDOWS\SYSTEM32\DNSAPI.dll

VM Arguments:
jvm_args: -Xmx1536m -Dfile.encoding=GBK -Duser.country=CN -Duser.language=zh -Duser.variant 
java_command: org.gradle.launcher.daemon.bootstrap.GradleDaemon 5.6.4
java_class_path (initial): C:\Users\Administrator\.gradle\wrapper\dists\gradle-5.6.4-all\ankdp27end7byghfw1q2sw75f\gradle-5.6.4\lib\gradle-launcher-5.6.4.jar
Launcher Type: SUN_STANDARD

Environment Variables:
PATH=C:\WINDOWS\system32;C:\WINDOWS;C:\WINDOWS\System32\Wbem;C:\WINDOWS\System32\WindowsPowerShell\v1.0\;C:\WINDOWS\System32\OpenSSH\;C:\Program Files (x86)\NVIDIA Corporation\PhysX\Common;C:\Program Files\NVIDIA Corporation\NVIDIA NvDLISR;C:\WINDOWS\system32;C:\WINDOWS;C:\WINDOWS\System32\Wbem;C:\WINDOWS\System32\WindowsPowerShell\v1.0\;C:\WINDOWS\System32\OpenSSH\;C:\Users\Administrator\AppData\Local\Microsoft\WindowsApps;
USERNAME=Administrator
OS=Windows_NT
PROCESSOR_IDENTIFIER=Intel64 Family 6 Model 158 Stepping 9, GenuineIntel



---------------  S Y S T E M  ---------------

OS: Windows 10.0 , 64 bit Build 18362 (10.0.18362.329)

CPU:total 4 (initial active 4) (4 cores per cpu, 1 threads per core) family 6 model 158 stepping 9, cmov, cx8, fxsr, mmx, sse, sse2, sse3, ssse3, sse4.1, sse4.2, popcnt, avx, avx2, aes, clmul, erms, 3dnowpref, lzcnt, tsc, tscinvbit, bmi1, bmi2, adx

Memory: 4k page, physical 8338836k(2478900k free), swap 9325168k(6032k free)

vm_info: OpenJDK 64-Bit Server VM (25.212-b04) for windows-amd64 JRE (1.8.0_212-release-1586-b04), built by "builder" with MS VC++ 10.0 (VS2010)

time: Sun Mar 01 16:57:45 2020
timezone: 中国标准时间
elapsed time: 4 seconds (0d 0h 0m 4s)

