#
# There is insufficient memory for the Java Runtime Environment to continue.
# Native memory allocation (malloc) failed to allocate 1065456 bytes for Chunk::new
# Possible reasons:
#   The system is out of physical RAM or swap space
#   The process is running with CompressedOops enabled, and the Java Heap may be blocking the growth of the native heap
# Possible solutions:
#   Reduce memory load on the system
#   Increase physical memory or swap space
#   Check if swap backing store is full
#   Decrease Java heap size (-Xmx/-Xms)
#   Decrease number of Java threads
#   Decrease Java thread stack sizes (-Xss)
#   Set larger code cache with -XX:ReservedCodeCacheSize=
#   JVM is running with Unscaled Compressed Oops mode in which the Java heap is
#     placed in the first 4GB address space. The Java Heap base address is the
#     maximum limit for the native heap growth. Please use -XX:HeapBaseMinAddress
#     to set the Java Heap base and to place the Java Heap above 4GB virtual address.
# This output file may be truncated or incomplete.
#
#  Out of Memory Error (allocation.cpp:389), pid=6872, tid=0x0000000000002e58
#
# JRE version: OpenJDK Runtime Environment (8.0_212-b04) (build 1.8.0_212-release-1586-b04)
# Java VM: OpenJDK 64-Bit Server VM (25.212-b04 mixed mode windows-amd64 compressed oops)
# Failed to write core dump. Minidumps are not enabled by default on client versions of Windows
#

---------------  T H R E A D  ---------------

Current thread (0x000000001656c000):  JavaThread "C2 CompilerThread1" daemon [_thread_in_native, id=11864, stack(0x0000000017f60000,0x0000000018060000)]

Stack: [0x0000000017f60000,0x0000000018060000]
[error occurred during error reporting (printing stack bounds), id 0xc0000005]

Native frames: (J=compiled Java code, j=interpreted, Vv=VM code, C=native code)


Current CompileTask:
C2:   8514 7793   !   4       java.nio.file.FileTreeWalker::next (144 bytes)


---------------  P R O C E S S  ---------------

Java Threads: ( => current thread )
  0x000000001c890000 JavaThread "Cache worker for execution history cache (C:\Users\Administrator\AndroidStudioProjects\MyApplication\.gradle\5.6.4\executionHistory)" [_thread_blocked, id=1564, stack(0x0000000023880000,0x0000000023980000)]
  0x000000001c88d000 JavaThread "Execution worker for ':' Thread 3" [_thread_blocked, id=11472, stack(0x0000000023580000,0x0000000023680000)]
  0x000000001c88d800 JavaThread "Execution worker for ':' Thread 2" [_thread_blocked, id=11392, stack(0x0000000023480000,0x0000000023580000)]
  0x000000001c892000 JavaThread "Execution worker for ':'" [_thread_in_Java, id=11572, stack(0x0000000022d00000,0x0000000022e00000)]
  0x000000001c888800 JavaThread "Cache worker for file content cache (C:\Users\Administrator\AndroidStudioProjects\MyApplication\.gradle\5.6.4\fileContent)" [_thread_blocked, id=6204, stack(0x0000000022c00000,0x0000000022d00000)]
  0x000000001c884800 JavaThread "Cache worker for file content cache (C:\Users\Administrator\.gradle\caches\5.6.4\fileContent)" [_thread_blocked, id=1476, stack(0x0000000022b00000,0x0000000022c00000)]
  0x000000001c887800 JavaThread "Memory manager" [_thread_blocked, id=4444, stack(0x0000000022a00000,0x0000000022b00000)]
  0x000000001c88b800 JavaThread "Cache worker for Build Output Cleanup Cache (C:\Users\Administrator\AndroidStudioProjects\MyApplication\.gradle\buildOutputCleanup)" [_thread_blocked, id=3628, stack(0x0000000021f00000,0x0000000022000000)]
  0x000000001c885800 JavaThread "Build operations Thread 4" [_thread_blocked, id=1544, stack(0x0000000021750000,0x0000000021850000)]
  0x000000001c884000 JavaThread "Build operations Thread 3" [_thread_blocked, id=12036, stack(0x0000000021650000,0x0000000021750000)]
  0x000000001c887000 JavaThread "Build operations Thread 2" [_thread_blocked, id=6208, stack(0x0000000021550000,0x0000000021650000)]
  0x000000001c88a800 JavaThread "Build operations" [_thread_blocked, id=11592, stack(0x0000000021450000,0x0000000021550000)]
  0x000000001c883000 JavaThread "Cache worker for execution history cache (C:\Users\Administrator\.gradle\caches\5.6.4\executionHistory)" [_thread_blocked, id=11308, stack(0x0000000020180000,0x0000000020280000)]
  0x000000001c889000 JavaThread "Cache worker for cache directory md-rule (C:\Users\Administrator\.gradle\caches\5.6.4\md-rule)" [_thread_blocked, id=1228, stack(0x000000001e5e0000,0x000000001e6e0000)]
  0x000000001c88a000 JavaThread "Cache worker for cache directory md-supplier (C:\Users\Administrator\.gradle\caches\5.6.4\md-supplier)" [_thread_blocked, id=12220, stack(0x000000001e350000,0x000000001e450000)]
  0x000000001996a000 JavaThread "Cache worker for file hash cache (C:\Users\Administrator\AndroidStudioProjects\MyApplication\.gradle\5.6.4\fileHashes)" [_thread_blocked, id=10768, stack(0x000000001e4e0000,0x000000001e5e0000)]
  0x0000000019968800 JavaThread "Cache worker for journal cache (C:\Users\Administrator\.gradle\caches\journal-1)" [_thread_blocked, id=10968, stack(0x000000001bdb0000,0x000000001beb0000)]
  0x0000000019967000 JavaThread "File lock request listener" [_thread_in_native, id=11496, stack(0x000000001bcb0000,0x000000001bdb0000)]
  0x0000000019968000 JavaThread "Cache worker for file hash cache (C:\Users\Administrator\.gradle\caches\5.6.4\fileHashes)" [_thread_blocked, id=6180, stack(0x000000001b9b0000,0x000000001bab0000)]
  0x0000000019f1a800 JavaThread "Thread-9" [_thread_blocked, id=9652, stack(0x000000001b8b0000,0x000000001b9b0000)]
  0x0000000019f01000 JavaThread "Stdin handler" [_thread_blocked, id=12212, stack(0x000000001b7b0000,0x000000001b8b0000)]
  0x0000000019e19000 JavaThread "Asynchronous log dispatcher for DefaultDaemonConnection: socket connection from /127.0.0.1:53022 to /127.0.0.1:53023" [_thread_blocked, id=9948, stack(0x000000001b6b0000,0x000000001b7b0000)]
  0x0000000019e1b000 JavaThread "Daemon worker" [_thread_blocked, id=5676, stack(0x000000001b5b0000,0x000000001b6b0000)]
  0x0000000019e12800 JavaThread "Cancel handler" [_thread_blocked, id=11660, stack(0x000000001b4b0000,0x000000001b5b0000)]
  0x0000000019047000 JavaThread "Handler for socket connection from /127.0.0.1:53022 to /127.0.0.1:53023" [_thread_in_native, id=3740, stack(0x000000001b1b0000,0x000000001b2b0000)]
  0x0000000019e0c000 JavaThread "Daemon" [_thread_blocked, id=11204, stack(0x000000001b0b0000,0x000000001b1b0000)]
  0x0000000019e6f000 JavaThread "Daemon periodic checks" [_thread_blocked, id=11560, stack(0x000000001afb0000,0x000000001b0b0000)]
  0x0000000019e52000 JavaThread "Incoming local TCP Connector on port 53022" [_thread_in_native, id=4416, stack(0x000000001ae00000,0x000000001af00000)]
  0x00000000186de000 JavaThread "Daemon health stats" [_thread_blocked, id=8256, stack(0x000000001ab00000,0x000000001ac00000)]
  0x00000000178d8800 JavaThread "Service Thread" daemon [_thread_blocked, id=11748, stack(0x0000000018160000,0x0000000018260000)]
  0x000000001786d800 JavaThread "C1 CompilerThread2" daemon [_thread_blocked, id=7468, stack(0x0000000018060000,0x0000000018160000)]
=>0x000000001656c000 JavaThread "C2 CompilerThread1" daemon [_thread_in_native, id=11864, stack(0x0000000017f60000,0x0000000018060000)]
  0x000000001651f000 JavaThread "C2 CompilerThread0" daemon [_thread_blocked, id=11356, stack(0x0000000017e60000,0x0000000017f60000)]
  0x000000001651d800 JavaThread "Attach Listener" daemon [_thread_blocked, id=3184, stack(0x0000000017d60000,0x0000000017e60000)]
  0x0000000017868800 JavaThread "Signal Dispatcher" daemon [_thread_blocked, id=8832, stack(0x0000000017c60000,0x0000000017d60000)]
  0x000000000277b800 JavaThread "Finalizer" daemon [_thread_blocked, id=11512, stack(0x0000000017760000,0x0000000017860000)]
  0x00000000164f9000 JavaThread "Reference Handler" daemon [_thread_blocked, id=11552, stack(0x0000000017660000,0x0000000017760000)]
  0x000000000282d800 JavaThread "main" [_thread_blocked, id=3528, stack(0x0000000000d80000,0x0000000000e80000)]

Other Threads:
  0x00000000164d6800 VMThread [stack: 0x0000000017560000,0x0000000017660000] [id=5360]
  0x00000000178f5800 WatcherThread [stack: 0x0000000018260000,0x0000000018360000] [id=11220]

VM state:at safepoint (normal execution)

VM Mutex/Monitor currently owned by a thread:  ([mutex/lock_event])
[0x000000000282d130] Threads_lock - owner thread: 0x00000000164d6800
[0x0000000002681bd0] Compile_lock - owner thread: 0x000000001c892000

heap address: 0x00000000a0000000, size: 1536 MB, Compressed Oops mode: 32-bit
Narrow klass base: 0x0000000000000000, Narrow klass shift: 3
Compressed class space size: 1073741824 Address: 0x0000000100000000

Heap:
 PSYoungGen      total 149504K, used 38965K [0x00000000e0000000, 0x00000000ea700000, 0x0000000100000000)
  eden space 135168K, 18% used [0x00000000e0000000,0x00000000e189d8b8,0x00000000e8400000)
  from space 14336K, 95% used [0x00000000e8b00000,0x00000000e986fc78,0x00000000e9900000)
  to   space 12800K, 0% used [0x00000000e9a80000,0x00000000e9a80000,0x00000000ea700000)
 ParOldGen       total 91136K, used 32169K [0x00000000a0000000, 0x00000000a5900000, 0x00000000e0000000)
  object space 91136K, 35% used [0x00000000a0000000,0x00000000a1f6a5b8,0x00000000a5900000)
 Metaspace       used 61453K, capacity 63736K, committed 64000K, reserved 1103872K
  class space    used 8357K, capacity 8865K, committed 8960K, reserved 1048576K

Card table byte_map: [0x0000000011f60000,0x0000000012270000] byte_map_base: 0x0000000011a60000

Marking Bits: (ParMarkBitMap*) 0x0000000055689f30
 Begin Bits: [0x0000000012870000, 0x0000000014070000)
 End Bits:   [0x0000000014070000, 0x0000000015870000)

Polling page: 0x0000000000910000

CodeCache: size=245760Kb used=22155Kb max_used=22612Kb free=223604Kb
 bounds [0x0000000002ba0000, 0x00000000041d0000, 0x0000000011ba0000]
 total_blobs=7937 nmethods=7131 adapters=717
 compilation: enabled

Compilation events (10 events):
Event: 8.506 Thread 0x000000001651f000 7871       4       org.gradle.internal.reflect.MethodSet$MethodKey::<init> (18 bytes)
Event: 8.507 Thread 0x000000001651f000 nmethod 7871 0x0000000003135c90 code [0x0000000003135de0, 0x0000000003135f58]
Event: 8.507 Thread 0x000000001651f000 7860       4       com.google.common.cache.LocalCache$Segment::runUnlockedCleanup (15 bytes)
Event: 8.510 Thread 0x000000001651f000 nmethod 7860 0x00000000031f2390 code [0x00000000031f24e0, 0x00000000031f2798]
Event: 8.512 Thread 0x000000001786d800 7873       3       java.util.Collections$UnmodifiableList::get (11 bytes)
Event: 8.512 Thread 0x000000001651f000 7874       4       com.google.common.base.CharMatcher::indexIn (48 bytes)
Event: 8.512 Thread 0x000000001786d800 nmethod 7873 0x0000000002cf5310 code [0x0000000002cf5480, 0x0000000002cf56a8]
Event: 8.513 Thread 0x000000001786d800 7875       3       com.google.common.base.CharMatcher$IsEither::matches (22 bytes)
Event: 8.513 Thread 0x000000001786d800 nmethod 7875 0x00000000035b5750 code [0x00000000035b58a0, 0x00000000035b5a90]
Event: 8.513 Thread 0x000000001786d800 7876       3       com.google.common.base.Splitter::splitToList (49 bytes)

GC Heap History (10 events):
Event: 4.922 GC heap before
{Heap before GC invocations=12 (full 2):
 PSYoungGen      total 117760K, used 105984K [0x00000000e0000000, 0x00000000ea700000, 0x0000000100000000)
  eden space 105984K, 100% used [0x00000000e0000000,0x00000000e6780000,0x00000000e6780000)
  from space 11776K, 0% used [0x00000000e6780000,0x00000000e6780000,0x00000000e7300000)
  to   space 12800K, 0% used [0x00000000e9a80000,0x00000000e9a80000,0x00000000ea700000)
 ParOldGen       total 91136K, used 17844K [0x00000000a0000000, 0x00000000a5900000, 0x00000000e0000000)
  object space 91136K, 19% used [0x00000000a0000000,0x00000000a116d160,0x00000000a5900000)
 Metaspace       used 44225K, capacity 45352K, committed 45440K, reserved 1089536K
  class space    used 5959K, capacity 6256K, committed 6272K, reserved 1048576K
Event: 4.933 GC heap after
Heap after GC invocations=12 (full 2):
 PSYoungGen      total 147968K, used 12774K [0x00000000e0000000, 0x00000000ea700000, 0x0000000100000000)
  eden space 135168K, 0% used [0x00000000e0000000,0x00000000e0000000,0x00000000e8400000)
  from space 12800K, 99% used [0x00000000e9a80000,0x00000000ea6f9b58,0x00000000ea700000)
  to   space 14336K, 0% used [0x00000000e8b00000,0x00000000e8b00000,0x00000000e9900000)
 ParOldGen       total 91136K, used 18139K [0x00000000a0000000, 0x00000000a5900000, 0x00000000e0000000)
  object space 91136K, 19% used [0x00000000a0000000,0x00000000a11b6eb8,0x00000000a5900000)
 Metaspace       used 44225K, capacity 45352K, committed 45440K, reserved 1089536K
  class space    used 5959K, capacity 6256K, committed 6272K, reserved 1048576K
}
Event: 6.259 GC heap before
{Heap before GC invocations=13 (full 2):
 PSYoungGen      total 147968K, used 147942K [0x00000000e0000000, 0x00000000ea700000, 0x0000000100000000)
  eden space 135168K, 100% used [0x00000000e0000000,0x00000000e8400000,0x00000000e8400000)
  from space 12800K, 99% used [0x00000000e9a80000,0x00000000ea6f9b58,0x00000000ea700000)
  to   space 14336K, 0% used [0x00000000e8b00000,0x00000000e8b00000,0x00000000e9900000)
 ParOldGen       total 91136K, used 18139K [0x00000000a0000000, 0x00000000a5900000, 0x00000000e0000000)
  object space 91136K, 19% used [0x00000000a0000000,0x00000000a11b6eb8,0x00000000a5900000)
 Metaspace       used 54842K, capacity 56690K, committed 56960K, reserved 1097728K
  class space    used 7465K, capacity 7940K, committed 8064K, reserved 1048576K
Event: 6.286 GC heap after
Heap after GC invocations=13 (full 2):
 PSYoungGen      total 149504K, used 14304K [0x00000000e0000000, 0x00000000ea700000, 0x0000000100000000)
  eden space 135168K, 0% used [0x00000000e0000000,0x00000000e0000000,0x00000000e8400000)
  from space 14336K, 99% used [0x00000000e8b00000,0x00000000e98f8258,0x00000000e9900000)
  to   space 12800K, 0% used [0x00000000e9a80000,0x00000000e9a80000,0x00000000ea700000)
 ParOldGen       total 91136K, used 25821K [0x00000000a0000000, 0x00000000a5900000, 0x00000000e0000000)
  object space 91136K, 28% used [0x00000000a0000000,0x00000000a19377b8,0x00000000a5900000)
 Metaspace       used 54842K, capacity 56690K, committed 56960K, reserved 1097728K
  class space    used 7465K, capacity 7940K, committed 8064K, reserved 1048576K
}
Event: 6.582 GC heap before
{Heap before GC invocations=14 (full 2):
 PSYoungGen      total 149504K, used 51103K [0x00000000e0000000, 0x00000000ea700000, 0x0000000100000000)
  eden space 135168K, 27% used [0x00000000e0000000,0x00000000e23efab8,0x00000000e8400000)
  from space 14336K, 99% used [0x00000000e8b00000,0x00000000e98f8258,0x00000000e9900000)
  to   space 12800K, 0% used [0x00000000e9a80000,0x00000000e9a80000,0x00000000ea700000)
 ParOldGen       total 91136K, used 25821K [0x00000000a0000000, 0x00000000a5900000, 0x00000000e0000000)
  object space 91136K, 28% used [0x00000000a0000000,0x00000000a19377b8,0x00000000a5900000)
 Metaspace       used 57313K, capacity 59092K, committed 59160K, reserved 1099776K
  class space    used 7852K, capacity 8277K, committed 8320K, reserved 1048576K
Event: 6.590 GC heap after
Heap after GC invocations=14 (full 2):
 PSYoungGen      total 147968K, used 3241K [0x00000000e0000000, 0x00000000ea700000, 0x0000000100000000)
  eden space 135168K, 0% used [0x00000000e0000000,0x00000000e0000000,0x00000000e8400000)
  from space 12800K, 25% used [0x00000000e9a80000,0x00000000e9daa708,0x00000000ea700000)
  to   space 14336K, 0% used [0x00000000e8b00000,0x00000000e8b00000,0x00000000e9900000)
 ParOldGen       total 91136K, used 33544K [0x00000000a0000000, 0x00000000a5900000, 0x00000000e0000000)
  object space 91136K, 36% used [0x00000000a0000000,0x00000000a20c2048,0x00000000a5900000)
 Metaspace       used 57313K, capacity 59092K, committed 59160K, reserved 1099776K
  class space    used 7852K, capacity 8277K, committed 8320K, reserved 1048576K
}
Event: 6.590 GC heap before
{Heap before GC invocations=15 (full 3):
 PSYoungGen      total 147968K, used 3241K [0x00000000e0000000, 0x00000000ea700000, 0x0000000100000000)
  eden space 135168K, 0% used [0x00000000e0000000,0x00000000e0000000,0x00000000e8400000)
  from space 12800K, 25% used [0x00000000e9a80000,0x00000000e9daa708,0x00000000ea700000)
  to   space 14336K, 0% used [0x00000000e8b00000,0x00000000e8b00000,0x00000000e9900000)
 ParOldGen       total 91136K, used 33544K [0x00000000a0000000, 0x00000000a5900000, 0x00000000e0000000)
  object space 91136K, 36% used [0x00000000a0000000,0x00000000a20c2048,0x00000000a5900000)
 Metaspace       used 57313K, capacity 59092K, committed 59160K, reserved 1099776K
  class space    used 7852K, capacity 8277K, committed 8320K, reserved 1048576K
Event: 6.773 GC heap after
Heap after GC invocations=15 (full 3):
 PSYoungGen      total 147968K, used 0K [0x00000000e0000000, 0x00000000ea700000, 0x0000000100000000)
  eden space 135168K, 0% used [0x00000000e0000000,0x00000000e0000000,0x00000000e8400000)
  from space 12800K, 0% used [0x00000000e9a80000,0x00000000e9a80000,0x00000000ea700000)
  to   space 14336K, 0% used [0x00000000e8b00000,0x00000000e8b00000,0x00000000e9900000)
 ParOldGen       total 91136K, used 32161K [0x00000000a0000000, 0x00000000a5900000, 0x00000000e0000000)
  object space 91136K, 35% used [0x00000000a0000000,0x00000000a1f685b8,0x00000000a5900000)
 Metaspace       used 57313K, capacity 59092K, committed 59160K, reserved 1099776K
  class space    used 7852K, capacity 8277K, committed 8320K, reserved 1048576K
}
Event: 8.293 GC heap before
{Heap before GC invocations=16 (full 3):
 PSYoungGen      total 147968K, used 135168K [0x00000000e0000000, 0x00000000ea700000, 0x0000000100000000)
  eden space 135168K, 100% used [0x00000000e0000000,0x00000000e8400000,0x00000000e8400000)
  from space 12800K, 0% used [0x00000000e9a80000,0x00000000e9a80000,0x00000000ea700000)
  to   space 14336K, 0% used [0x00000000e8b00000,0x00000000e8b00000,0x00000000e9900000)
 ParOldGen       total 91136K, used 32161K [0x00000000a0000000, 0x00000000a5900000, 0x00000000e0000000)
  object space 91136K, 35% used [0x00000000a0000000,0x00000000a1f685b8,0x00000000a5900000)
 Metaspace       used 60928K, capacity 63136K, committed 63360K, reserved 1103872K
  class space    used 8280K, capacity 8799K, committed 8832K, reserved 1048576K
Event: 8.304 GC heap after
Heap after GC invocations=16 (full 3):
 PSYoungGen      total 149504K, used 13759K [0x00000000e0000000, 0x00000000ea700000, 0x0000000100000000)
  eden space 135168K, 0% used [0x00000000e0000000,0x00000000e0000000,0x00000000e8400000)
  from space 14336K, 95% used [0x00000000e8b00000,0x00000000e986fc78,0x00000000e9900000)
  to   space 12800K, 0% used [0x00000000e9a80000,0x00000000e9a80000,0x00000000ea700000)
 ParOldGen       total 91136K, used 32169K [0x00000000a0000000, 0x00000000a5900000, 0x00000000e0000000)
  object space 91136K, 35% used [0x00000000a0000000,0x00000000a1f6a5b8,0x00000000a5900000)
 Metaspace       used 60928K, capacity 63136K, committed 63360K, reserved 1103872K
  class space    used 8280K, capacity 8799K, committed 8832K, reserved 1048576K
}

Deoptimization events (10 events):
Event: 8.175 Thread 0x000000001c883000 Uncommon trap: reason=unstable_if action=reinterpret pc=0x0000000003f1a154 method=com.esotericsoftware.kryo.io.Input.readVarInt(Z)I @ 42
Event: 8.253 Thread 0x000000001c883000 Uncommon trap: reason=unstable_if action=reinterpret pc=0x0000000002ff9528 method=com.esotericsoftware.kryo.io.Input.readVarInt(Z)I @ 42
Event: 8.275 Thread 0x0000000019968000 Uncommon trap: reason=unstable_if action=reinterpret pc=0x0000000004106c70 method=java.util.concurrent.locks.ReentrantLock$FairSync.tryAcquire(I)Z @ 26
Event: 8.304 Thread 0x000000001c88d800 Uncommon trap: reason=unstable_if action=reinterpret pc=0x000000000410dc34 method=com.google.common.collect.MapMakerInternalMap$Segment.getEntry(Ljava/lang/Object;I)Lcom/google/common/collect/MapMakerInternalMap$InternalEntry; @ 40
Event: 8.479 Thread 0x000000001c892000 Uncommon trap: reason=unstable_if action=reinterpret pc=0x0000000003ffafe4 method=java.util.concurrent.ConcurrentHashMap.replaceNode(Ljava/lang/Object;Ljava/lang/Object;Ljava/lang/Object;)Ljava/lang/Object; @ 17
Event: 8.493 Thread 0x000000001c892000 Uncommon trap: reason=bimorphic action=maybe_recompile pc=0x0000000003fffb48 method=com.google.common.collect.NaturalOrdering.compare(Ljava/lang/Comparable;Ljava/lang/Comparable;)I @ 12
Event: 8.493 Thread 0x000000001c892000 Uncommon trap: reason=bimorphic action=maybe_recompile pc=0x0000000003fffb48 method=com.google.common.collect.NaturalOrdering.compare(Ljava/lang/Comparable;Ljava/lang/Comparable;)I @ 12
Event: 8.493 Thread 0x000000001c892000 Uncommon trap: reason=bimorphic action=maybe_recompile pc=0x0000000003fffb48 method=com.google.common.collect.NaturalOrdering.compare(Ljava/lang/Comparable;Ljava/lang/Comparable;)I @ 12
Event: 8.493 Thread 0x000000001c892000 Uncommon trap: reason=bimorphic action=maybe_recompile pc=0x0000000003fffb48 method=com.google.common.collect.NaturalOrdering.compare(Ljava/lang/Comparable;Ljava/lang/Comparable;)I @ 12
Event: 8.510 Thread 0x000000001c892000 Uncommon trap: reason=predicate action=maybe_recompile pc=0x0000000003100088 method=com.google.common.base.CharMatcher.indexIn(Ljava/lang/CharSequence;I)I @ 22

Classes redefined (0 events):
No events

Internal exceptions (10 events):
Event: 5.830 Thread 0x0000000019e1b000 Exception <a 'java/lang/ClassNotFoundException': com/android/build/gradle/internal/api/ApkVariantOutputImpl_DecoratedBeanInfo> (0x00000000e5a9d6a8) thrown at [D:\src\AOSP-openjdk-cygwin\jdk8u\hotspot\src\share\vm\classfile\systemDictionary.cpp, line 210]
Event: 5.831 Thread 0x0000000019e1b000 Exception <a 'java/lang/ClassNotFoundException': com/android/build/gradle/internal/api/ApkVariantOutputImplBeanInfo> (0x00000000e5abc488) thrown at [D:\src\AOSP-openjdk-cygwin\jdk8u\hotspot\src\share\vm\classfile\systemDictionary.cpp, line 210]
Event: 5.831 Thread 0x0000000019e1b000 Exception <a 'java/lang/ClassNotFoundException': com/android/build/gradle/internal/api/BaseVariantOutputImplBeanInfo> (0x00000000e5adc748) thrown at [D:\src\AOSP-openjdk-cygwin\jdk8u\hotspot\src\share\vm\classfile\systemDictionary.cpp, line 210]
Event: 5.831 Thread 0x0000000019e1b000 Exception <a 'java/lang/ClassNotFoundException': com/android/build/gradle/internal/api/BaseVariantOutputImplCustomizer> (0x00000000e5afcfe8) thrown at [D:\src\AOSP-openjdk-cygwin\jdk8u\hotspot\src\share\vm\classfile\systemDictionary.cpp, line 210]
Event: 5.833 Thread 0x0000000019e1b000 Exception <a 'java/lang/ClassNotFoundException': com/android/build/gradle/internal/api/ApkVariantOutputImplCustomizer> (0x00000000e5b37450) thrown at [D:\src\AOSP-openjdk-cygwin\jdk8u\hotspot\src\share\vm\classfile\systemDictionary.cpp, line 210]
Event: 5.833 Thread 0x0000000019e1b000 Exception <a 'java/lang/ClassNotFoundException': com/android/build/gradle/internal/api/ApkVariantOutputImpl_DecoratedCustomizer> (0x00000000e5b6d210) thrown at [D:\src\AOSP-openjdk-cygwin\jdk8u\hotspot\src\share\vm\classfile\systemDictionary.cpp, line 210
Event: 6.372 Thread 0x0000000019e1b000 Exception <a 'java/lang/ClassNotFoundException': com/sun/org/glassfish/hk2/osgiresourcelocator/ServiceLoader> (0x00000000e08ba600) thrown at [D:\src\AOSP-openjdk-cygwin\jdk8u\hotspot\src\share\vm\classfile\systemDictionary.cpp, line 210]
Event: 6.411 Thread 0x0000000019e1b000 Exception <a 'java/lang/NullPointerException'> (0x00000000e0e6da30) thrown at [D:\src\AOSP-openjdk-cygwin\jdk8u\hotspot\src\share\vm\interpreter\linkResolver.cpp, line 1287]
Event: 8.304 Thread 0x000000001c88d800 Implicit null exception at 0x000000000410bdc3 to 0x000000000410dc09
Event: 8.479 Thread 0x000000001c892000 Implicit null exception at 0x0000000003ffaa8d to 0x0000000003ffafb9

Events (10 events):
Event: 8.513 Thread 0x000000001786d800 flushing nmethod 0x00000000039f0350
Event: 8.513 Thread 0x000000001786d800 flushing nmethod 0x0000000003a12d10
Event: 8.513 Thread 0x000000001786d800 flushing nmethod 0x0000000003a13b10
Event: 8.513 Thread 0x000000001786d800 flushing nmethod 0x0000000003a267d0
Event: 8.513 Thread 0x000000001786d800 flushing nmethod 0x0000000003a4a010
Event: 8.513 Thread 0x000000001786d800 flushing nmethod 0x0000000003a67a90
Event: 8.513 Thread 0x000000001786d800 flushing nmethod 0x0000000003a86dd0
Event: 8.513 Thread 0x000000001786d800 flushing nmethod 0x0000000003a946d0
Event: 8.513 Thread 0x000000001786d800 flushing nmethod 0x0000000003aab750
Event: 8.513 Thread 0x000000001786d800 flushing nmethod 0x0000000003ad3890


Dynamic libraries:
0x00007ff6cc8b0000 - 0x00007ff6cc8e1000 	E:\androidstudio\jre\bin\java.exe
0x00007ff977040000 - 0x00007ff977230000 	C:\WINDOWS\SYSTEM32\ntdll.dll
0x00007ff976ed0000 - 0x00007ff976f82000 	C:\WINDOWS\System32\KERNEL32.DLL
0x00007ff974ba0000 - 0x00007ff974e43000 	C:\WINDOWS\System32\KERNELBASE.dll
0x00007ff975290000 - 0x00007ff975333000 	C:\WINDOWS\System32\ADVAPI32.dll
0x00007ff975f50000 - 0x00007ff975fee000 	C:\WINDOWS\System32\msvcrt.dll
0x00007ff9751f0000 - 0x00007ff975287000 	C:\WINDOWS\System32\sechost.dll
0x00007ff975cb0000 - 0x00007ff975dd0000 	C:\WINDOWS\System32\RPCRT4.dll
0x00007ff976830000 - 0x00007ff9769c4000 	C:\WINDOWS\System32\USER32.dll
0x00007ff973fd0000 - 0x00007ff973ff1000 	C:\WINDOWS\System32\win32u.dll
0x00007ff975a40000 - 0x00007ff975a66000 	C:\WINDOWS\System32\GDI32.dll
0x00007ff974e50000 - 0x00007ff974fe4000 	C:\WINDOWS\System32\gdi32full.dll
0x00007ff974a20000 - 0x00007ff974abe000 	C:\WINDOWS\System32\msvcp_win.dll
0x00007ff974ff0000 - 0x00007ff9750ea000 	C:\WINDOWS\System32\ucrtbase.dll
0x00007ff967f00000 - 0x00007ff968185000 	C:\WINDOWS\WinSxS\amd64_microsoft.windows.common-controls_6595b64144ccf1df_6.0.18362.657_none_e6c5b579130e3898\COMCTL32.dll
0x00007ff976b90000 - 0x00007ff976ec6000 	C:\WINDOWS\System32\combase.dll
0x00007ff9741a0000 - 0x00007ff974220000 	C:\WINDOWS\System32\bcryptPrimitives.dll
0x00007ff975dd0000 - 0x00007ff975dfe000 	C:\WINDOWS\System32\IMM32.DLL
0x0000000055a80000 - 0x0000000055b52000 	E:\androidstudio\jre\jre\bin\msvcr100.dll
0x0000000054ec0000 - 0x0000000055706000 	E:\androidstudio\jre\jre\bin\server\jvm.dll
0x00007ff9750f0000 - 0x00007ff9750f8000 	C:\WINDOWS\System32\PSAPI.DLL
0x00007ff9653f0000 - 0x00007ff9653f9000 	C:\WINDOWS\SYSTEM32\WSOCK32.dll
0x00007ff976f90000 - 0x00007ff976fff000 	C:\WINDOWS\System32\WS2_32.dll
0x00007ff971e50000 - 0x00007ff971e74000 	C:\WINDOWS\SYSTEM32\WINMM.dll
0x00007ff96e4a0000 - 0x00007ff96e4aa000 	C:\WINDOWS\SYSTEM32\VERSION.dll
0x00007ff9718d0000 - 0x00007ff9718fd000 	C:\WINDOWS\SYSTEM32\WINMMBASE.dll
0x00007ff974000000 - 0x00007ff97404a000 	C:\WINDOWS\System32\cfgmgr32.dll
0x00007ff965150000 - 0x00007ff96515f000 	E:\androidstudio\jre\jre\bin\verify.dll
0x00007ff964af0000 - 0x00007ff964b19000 	E:\androidstudio\jre\jre\bin\java.dll
0x00007ff9647f0000 - 0x00007ff964806000 	E:\androidstudio\jre\jre\bin\zip.dll
0x00007ff975ff0000 - 0x00007ff9766d5000 	C:\WINDOWS\System32\SHELL32.dll
0x00007ff976ae0000 - 0x00007ff976b89000 	C:\WINDOWS\System32\shcore.dll
0x00007ff974220000 - 0x00007ff97499f000 	C:\WINDOWS\System32\windows.storage.dll
0x00007ff973f90000 - 0x00007ff973faf000 	C:\WINDOWS\System32\profapi.dll
0x00007ff973f20000 - 0x00007ff973f6a000 	C:\WINDOWS\System32\powrprof.dll
0x00007ff973f10000 - 0x00007ff973f20000 	C:\WINDOWS\System32\UMPDC.dll
0x00007ff9769d0000 - 0x00007ff976a22000 	C:\WINDOWS\System32\shlwapi.dll
0x00007ff973fb0000 - 0x00007ff973fc1000 	C:\WINDOWS\System32\kernel.appcore.dll
0x00007ff974a00000 - 0x00007ff974a17000 	C:\WINDOWS\System32\cryptsp.dll
0x00007ff964120000 - 0x00007ff96413a000 	E:\androidstudio\jre\jre\bin\net.dll
0x00007ff967cb0000 - 0x00007ff967e86000 	C:\WINDOWS\SYSTEM32\urlmon.dll
0x00007ff9696a0000 - 0x00007ff969946000 	C:\WINDOWS\SYSTEM32\iertutil.dll
0x00007ff973920000 - 0x00007ff97392c000 	C:\WINDOWS\SYSTEM32\CRYPTBASE.DLL
0x00007ff973750000 - 0x00007ff9737b7000 	C:\WINDOWS\system32\mswsock.dll
0x00007ff963e20000 - 0x00007ff963e33000 	E:\androidstudio\jre\jre\bin\nio.dll
0x00007ff9707f0000 - 0x00007ff970816000 	C:\Users\Administrator\.gradle\native\30\windows-amd64\native-platform.dll
0x00007ff964980000 - 0x00007ff96498d000 	E:\androidstudio\jre\jre\bin\management.dll
0x00007ff973260000 - 0x00007ff973293000 	C:\WINDOWS\system32\rsaenh.dll
0x00007ff974b70000 - 0x00007ff974b96000 	C:\WINDOWS\System32\bcrypt.dll
0x00007ff973e00000 - 0x00007ff973e25000 	C:\WINDOWS\SYSTEM32\USERENV.dll
0x00007ff973400000 - 0x00007ff97343a000 	C:\WINDOWS\SYSTEM32\IPHLPAPI.DLL
0x00007ff9766e0000 - 0x00007ff9766e8000 	C:\WINDOWS\System32\NSI.dll
0x00007ff96a780000 - 0x00007ff96a796000 	C:\WINDOWS\SYSTEM32\dhcpcsvc6.DLL
0x00007ff96daf0000 - 0x00007ff96db0c000 	C:\WINDOWS\SYSTEM32\dhcpcsvc.DLL
0x00007ff9734a0000 - 0x00007ff97356a000 	C:\WINDOWS\SYSTEM32\DNSAPI.dll

VM Arguments:
jvm_args: -Xmx1536m -Dfile.encoding=GBK -Duser.country=CN -Duser.language=zh -Duser.variant 
java_command: org.gradle.launcher.daemon.bootstrap.GradleDaemon 5.6.4
java_class_path (initial): C:\Users\Administrator\.gradle\wrapper\dists\gradle-5.6.4-all\ankdp27end7byghfw1q2sw75f\gradle-5.6.4\lib\gradle-launcher-5.6.4.jar
Launcher Type: SUN_STANDARD

Environment Variables:
PATH=C:\WINDOWS\system32;C:\WINDOWS;C:\WINDOWS\System32\Wbem;C:\WINDOWS\System32\WindowsPowerShell\v1.0\;C:\WINDOWS\System32\OpenSSH\;C:\Program Files (x86)\NVIDIA Corporation\PhysX\Common;C:\Program Files\NVIDIA Corporation\NVIDIA NvDLISR;C:\WINDOWS\system32;C:\WINDOWS;C:\WINDOWS\System32\Wbem;C:\WINDOWS\System32\WindowsPowerShell\v1.0\;C:\WINDOWS\System32\OpenSSH\;C:\Users\Administrator\AppData\Local\Microsoft\WindowsApps;
USERNAME=Administrator
OS=Windows_NT
PROCESSOR_IDENTIFIER=Intel64 Family 6 Model 158 Stepping 9, GenuineIntel



---------------  S Y S T E M  ---------------

OS: Windows 10.0 , 64 bit Build 18362 (10.0.18362.329)

CPU:total 4 (initial active 4) (4 cores per cpu, 1 threads per core) family 6 model 158 stepping 9, cmov, cx8, fxsr, mmx, sse, sse2, sse3, ssse3, sse4.1, sse4.2, popcnt, avx, avx2, aes, clmul, erms, 3dnowpref, lzcnt, tsc, tscinvbit, bmi1, bmi2, adx

Memory: 4k page, physical 8338836k(2490580k free), swap 9325168k(5500k free)

vm_info: OpenJDK 64-Bit Server VM (25.212-b04) for windows-amd64 JRE (1.8.0_212-release-1586-b04), built by "builder" with MS VC++ 10.0 (VS2010)

time: Sun Mar 01 16:53:50 2020
timezone: 中国标准时间
elapsed time: 8 seconds (0d 0h 0m 8s)

