#
# There is insufficient memory for the Java Runtime Environment to continue.
# Native memory allocation (malloc) failed to allocate 32744 bytes for ChunkPool::allocate
# Possible reasons:
#   The system is out of physical RAM or swap space
#   The process is running with CompressedOops enabled, and the Java Heap may be blocking the growth of the native heap
# Possible solutions:
#   Reduce memory load on the system
#   Increase physical memory or swap space
#   Check if swap backing store is full
#   Decrease Java heap size (-Xmx/-Xms)
#   Decrease number of Java threads
#   Decrease Java thread stack sizes (-Xss)
#   Set larger code cache with -XX:ReservedCodeCacheSize=
#   JVM is running with Unscaled Compressed Oops mode in which the Java heap is
#     placed in the first 4GB address space. The Java Heap base address is the
#     maximum limit for the native heap growth. Please use -XX:HeapBaseMinAddress
#     to set the Java Heap base and to place the Java Heap above 4GB virtual address.
# This output file may be truncated or incomplete.
#
#  Out of Memory Error (allocation.cpp:272), pid=5328, tid=0x0000000000002e98
#
# JRE version: OpenJDK Runtime Environment (8.0_212-b04) (build 1.8.0_212-release-1586-b04)
# Java VM: OpenJDK 64-Bit Server VM (25.212-b04 mixed mode windows-amd64 compressed oops)
# Failed to write core dump. Minidumps are not enabled by default on client versions of Windows
#

---------------  T H R E A D  ---------------

Current thread (0x000000001823a000):  JavaThread "C1 CompilerThread2" daemon [_thread_in_native, id=11928, stack(0x00000000189e0000,0x0000000018ae0000)]

Stack: [0x00000000189e0000,0x0000000018ae0000]
[error occurred during error reporting (printing stack bounds), id 0xc0000005]

Native frames: (J=compiled Java code, j=interpreted, Vv=VM code, C=native code)


Current CompileTask:
C1:  46664 5987       3       com.sun.org.apache.xerces.internal.dom.DeferredDocumentTypeImpl::synchronizeChildren (283 bytes)


---------------  P R O C E S S  ---------------

Java Threads: ( => current thread )
  0x000000001a7cf800 JavaThread "File lock release action executor" [_thread_blocked, id=7524, stack(0x0000000022db0000,0x0000000022eb0000)]
  0x000000001a7c4800 JavaThread "Build operations Thread 4" [_thread_blocked, id=4164, stack(0x0000000022cb0000,0x0000000022db0000)]
  0x000000001a7cb000 JavaThread "Build operations Thread 3" [_thread_blocked, id=11880, stack(0x0000000022bb0000,0x0000000022cb0000)]
  0x000000001a7ca800 JavaThread "Build operations Thread 2" [_thread_blocked, id=3928, stack(0x0000000022ab0000,0x0000000022bb0000)]
  0x000000001a7c9800 JavaThread "Build operations" [_thread_in_vm, id=4600, stack(0x00000000229b0000,0x0000000022ab0000)]
  0x000000001a7c9000 JavaThread "Cache worker for execution history cache (C:\Users\Administrator\.gradle\caches\5.6.4\executionHistory)" [_thread_blocked, id=9816, stack(0x00000000209b0000,0x0000000020ab0000)]
  0x000000001a7c8000 JavaThread "Cache worker for cache directory md-rule (C:\Users\Administrator\.gradle\caches\5.6.4\md-rule)" [_thread_blocked, id=2956, stack(0x000000001eff0000,0x000000001f0f0000)]
  0x0000000019923000 JavaThread "Cache worker for cache directory md-supplier (C:\Users\Administrator\.gradle\caches\5.6.4\md-supplier)" [_thread_blocked, id=12148, stack(0x000000001ed10000,0x000000001ee10000)]
  0x0000000019927800 JavaThread "Cache worker for file hash cache (C:\Users\Administrator\AndroidStudioProjects\MyApplication\.gradle\5.6.4\fileHashes)" [_thread_blocked, id=9188, stack(0x000000001eef0000,0x000000001eff0000)]
  0x0000000019927000 JavaThread "Cache worker for journal cache (C:\Users\Administrator\.gradle\caches\journal-1)" [_thread_blocked, id=11440, stack(0x000000001c770000,0x000000001c870000)]
  0x0000000019924000 JavaThread "File lock request listener" [_thread_in_native, id=8960, stack(0x000000001c670000,0x000000001c770000)]
  0x0000000019960800 JavaThread "Cache worker for file hash cache (C:\Users\Administrator\.gradle\caches\5.6.4\fileHashes)" [_thread_blocked, id=3960, stack(0x000000001c570000,0x000000001c670000)]
  0x000000001a5a4800 JavaThread "Thread-9" [_thread_blocked, id=11948, stack(0x000000001c270000,0x000000001c370000)]
  0x000000001a5a3000 JavaThread "Stdin handler" [_thread_blocked, id=11728, stack(0x000000001c170000,0x000000001c270000)]
  0x000000001a57d000 JavaThread "Asynchronous log dispatcher for DefaultDaemonConnection: socket connection from /127.0.0.1:58496 to /127.0.0.1:58497" [_thread_blocked, id=11824, stack(0x000000001c070000,0x000000001c170000)]
  0x000000001a574000 JavaThread "Daemon worker" [_thread_blocked, id=3340, stack(0x000000001bf70000,0x000000001c070000)]
  0x000000001a585000 JavaThread "Cancel handler" [_thread_blocked, id=2276, stack(0x000000001be70000,0x000000001bf70000)]
  0x000000001a55b800 JavaThread "Handler for socket connection from /127.0.0.1:58496 to /127.0.0.1:58497" [_thread_in_native, id=4548, stack(0x000000001bb70000,0x000000001bc70000)]
  0x000000001a554800 JavaThread "Daemon" [_thread_blocked, id=4028, stack(0x000000001ba70000,0x000000001bb70000)]
  0x000000001a4b7000 JavaThread "Daemon periodic checks" [_thread_blocked, id=8756, stack(0x000000001b970000,0x000000001ba70000)]
  0x000000001a4b6800 JavaThread "Incoming local TCP Connector on port 58496" [_thread_in_native, id=11844, stack(0x000000001b7c0000,0x000000001b8c0000)]
  0x0000000018eec000 JavaThread "Daemon health stats" [_thread_blocked, id=2408, stack(0x000000001b4a0000,0x000000001b5a0000)]
  0x0000000018261800 JavaThread "Service Thread" daemon [_thread_blocked, id=11396, stack(0x0000000018ae0000,0x0000000018be0000)]
=>0x000000001823a000 JavaThread "C1 CompilerThread2" daemon [_thread_in_native, id=11928, stack(0x00000000189e0000,0x0000000018ae0000)]
  0x000000001822f000 JavaThread "C2 CompilerThread1" daemon [_thread_in_native, id=9220, stack(0x00000000188e0000,0x00000000189e0000)]
  0x0000000016e1d800 JavaThread "C2 CompilerThread0" daemon [_thread_blocked, id=5708, stack(0x00000000187e0000,0x00000000188e0000)]
  0x0000000016e1c000 JavaThread "Attach Listener" daemon [_thread_blocked, id=12116, stack(0x00000000186e0000,0x00000000187e0000)]
  0x00000000181e8800 JavaThread "Signal Dispatcher" daemon [_thread_blocked, id=9968, stack(0x00000000185e0000,0x00000000186e0000)]
  0x0000000003499800 JavaThread "Finalizer" daemon [_thread_blocked, id=10896, stack(0x0000000018080000,0x0000000018180000)]
  0x0000000003491000 JavaThread "Reference Handler" daemon [_thread_blocked, id=232, stack(0x0000000017f80000,0x0000000018080000)]
  0x0000000002e2d800 JavaThread "main" [_thread_blocked, id=5700, stack(0x00000000032a0000,0x00000000033a0000)]

Other Threads:
  0x0000000016dd6800 VMThread [stack: 0x0000000017e80000,0x0000000017f80000] [id=10472]
  0x0000000018262800 WatcherThread [stack: 0x0000000018be0000,0x0000000018ce0000] [id=11092]

VM state:not at safepoint (normal execution)

VM Mutex/Monitor currently owned by a thread: None

heap address: 0x00000000a0000000, size: 1536 MB, Compressed Oops mode: 32-bit
Narrow klass base: 0x0000000000000000, Narrow klass shift: 3
Compressed class space size: 1073741824 Address: 0x0000000100000000

Heap:
 PSYoungGen      total 222208K, used 189841K [0x00000000e0000000, 0x00000000f2780000, 0x0000000100000000)
  eden space 209408K, 90% used [0x00000000e0000000,0x00000000eb9644c8,0x00000000ecc80000)
  from space 12800K, 0% used [0x00000000ecc80000,0x00000000ecc80000,0x00000000ed900000)
  to   space 12800K, 0% used [0x00000000f1b00000,0x00000000f1b00000,0x00000000f2780000)
 ParOldGen       total 84480K, used 15240K [0x00000000a0000000, 0x00000000a5280000, 0x00000000e0000000)
  object space 84480K, 18% used [0x00000000a0000000,0x00000000a0ee2070,0x00000000a5280000)
 Metaspace       used 45797K, capacity 46798K, committed 46896K, reserved 1089536K
  class space    used 5893K, capacity 6172K, committed 6192K, reserved 1048576K

Card table byte_map: [0x0000000012860000,0x0000000012b70000] byte_map_base: 0x0000000012360000

Marking Bits: (ParMarkBitMap*) 0x0000000063759f30
 Begin Bits: [0x0000000013170000, 0x0000000014970000)
 End Bits:   [0x0000000014970000, 0x0000000016170000)

Polling page: 0x0000000001630000

CodeCache: size=245760Kb used=17498Kb max_used=17697Kb free=228261Kb
 bounds [0x00000000034a0000, 0x0000000004620000, 0x00000000124a0000]
 total_blobs=5864 nmethods=5077 adapters=699
 compilation: enabled

Compilation events (10 events):
Event: 46.590 Thread 0x000000001823a000 5982       1       org.gradle.cache.internal.DefaultFileLockManager$DefaultFileLock::access$400 (5 bytes)
Event: 46.590 Thread 0x000000001823a000 nmethod 5982 0x00000000045dc690 code [0x00000000045dc7e0, 0x00000000045dc8d0]
Event: 46.590 Thread 0x000000001823a000 5984       3       org.gradle.cache.internal.locklistener.FileLockPacketPayload::getLockId (5 bytes)
Event: 46.590 Thread 0x000000001823a000 nmethod 5984 0x00000000045dc350 code [0x00000000045dc4a0, 0x00000000045dc5f0]
Event: 46.590 Thread 0x000000001823a000 5983       1       org.gradle.cache.internal.locklistener.DefaultFileLockContentionHandler::access$300 (5 bytes)
Event: 46.591 Thread 0x000000001823a000 nmethod 5983 0x00000000045dc090 code [0x00000000045dc1e0, 0x00000000045dc2d0]
Event: 46.659 Thread 0x000000001823a000 5985       3       com.google.common.cache.LocalCache::customWeigher (16 bytes)
Event: 46.659 Thread 0x000000001823a000 nmethod 5985 0x00000000035aef10 code [0x00000000035af060, 0x00000000035af210]
Event: 46.661 Thread 0x000000001822f000 5986 %     4       com.sun.org.apache.xerces.internal.util.URI::initializePath @ 53 (605 bytes)
Event: 46.662 Thread 0x000000001823a000 5987       3       com.sun.org.apache.xerces.internal.dom.DeferredDocumentTypeImpl::synchronizeChildren (283 bytes)

GC Heap History (10 events):
Event: 6.870 GC heap before
{Heap before GC invocations=11 (full 1):
 PSYoungGen      total 122368K, used 119023K [0x00000000e0000000, 0x00000000eb080000, 0x0000000100000000)
  eden space 110080K, 100% used [0x00000000e0000000,0x00000000e6b80000,0x00000000e6b80000)
  from space 12288K, 72% used [0x00000000e6b80000,0x00000000e743bc78,0x00000000e7780000)
  to   space 12288K, 0% used [0x00000000ea480000,0x00000000ea480000,0x00000000eb080000)
 ParOldGen       total 57344K, used 9810K [0x00000000a0000000, 0x00000000a3800000, 0x00000000e0000000)
  object space 57344K, 17% used [0x00000000a0000000,0x00000000a0994988,0x00000000a3800000)
 Metaspace       used 33368K, capacity 34064K, committed 34224K, reserved 1079296K
  class space    used 4484K, capacity 4702K, committed 4784K, reserved 1048576K
Event: 6.880 GC heap after
Heap after GC invocations=11 (full 1):
 PSYoungGen      total 166400K, used 1203K [0x00000000e0000000, 0x00000000eb000000, 0x0000000100000000)
  eden space 154624K, 0% used [0x00000000e0000000,0x00000000e0000000,0x00000000e9700000)
  from space 11776K, 10% used [0x00000000ea480000,0x00000000ea5ace20,0x00000000eb000000)
  to   space 12800K, 0% used [0x00000000e9700000,0x00000000e9700000,0x00000000ea380000)
 ParOldGen       total 57344K, used 14941K [0x00000000a0000000, 0x00000000a3800000, 0x00000000e0000000)
  object space 57344K, 26% used [0x00000000a0000000,0x00000000a0e97638,0x00000000a3800000)
 Metaspace       used 33368K, capacity 34064K, committed 34224K, reserved 1079296K
  class space    used 4484K, capacity 4702K, committed 4784K, reserved 1048576K
}
Event: 7.654 GC heap before
{Heap before GC invocations=12 (full 1):
 PSYoungGen      total 166400K, used 155827K [0x00000000e0000000, 0x00000000eb000000, 0x0000000100000000)
  eden space 154624K, 100% used [0x00000000e0000000,0x00000000e9700000,0x00000000e9700000)
  from space 11776K, 10% used [0x00000000ea480000,0x00000000ea5ace20,0x00000000eb000000)
  to   space 12800K, 0% used [0x00000000e9700000,0x00000000e9700000,0x00000000ea380000)
 ParOldGen       total 57344K, used 14941K [0x00000000a0000000, 0x00000000a3800000, 0x00000000e0000000)
  object space 57344K, 26% used [0x00000000a0000000,0x00000000a0e97638,0x00000000a3800000)
 Metaspace       used 33372K, capacity 34064K, committed 34224K, reserved 1079296K
  class space    used 4484K, capacity 4702K, committed 4784K, reserved 1048576K
Event: 7.659 GC heap after
Heap after GC invocations=12 (full 1):
 PSYoungGen      total 167424K, used 4882K [0x00000000e0000000, 0x00000000ee980000, 0x0000000100000000)
  eden space 154624K, 0% used [0x00000000e0000000,0x00000000e0000000,0x00000000e9700000)
  from space 12800K, 38% used [0x00000000e9700000,0x00000000e9bc4970,0x00000000ea380000)
  to   space 12800K, 0% used [0x00000000edd00000,0x00000000edd00000,0x00000000ee980000)
 ParOldGen       total 57344K, used 15828K [0x00000000a0000000, 0x00000000a3800000, 0x00000000e0000000)
  object space 57344K, 27% used [0x00000000a0000000,0x00000000a0f75280,0x00000000a3800000)
 Metaspace       used 33372K, capacity 34064K, committed 34224K, reserved 1079296K
  class space    used 4484K, capacity 4702K, committed 4784K, reserved 1048576K
}
Event: 8.434 GC heap before
{Heap before GC invocations=13 (full 1):
 PSYoungGen      total 167424K, used 159506K [0x00000000e0000000, 0x00000000ee980000, 0x0000000100000000)
  eden space 154624K, 100% used [0x00000000e0000000,0x00000000e9700000,0x00000000e9700000)
  from space 12800K, 38% used [0x00000000e9700000,0x00000000e9bc4970,0x00000000ea380000)
  to   space 12800K, 0% used [0x00000000edd00000,0x00000000edd00000,0x00000000ee980000)
 ParOldGen       total 57344K, used 15828K [0x00000000a0000000, 0x00000000a3800000, 0x00000000e0000000)
  object space 57344K, 27% used [0x00000000a0000000,0x00000000a0f75280,0x00000000a3800000)
 Metaspace       used 33379K, capacity 34064K, committed 34224K, reserved 1079296K
  class space    used 4484K, capacity 4702K, committed 4784K, reserved 1048576K
Event: 8.437 GC heap after
Heap after GC invocations=13 (full 1):
 PSYoungGen      total 218112K, used 3222K [0x00000000e0000000, 0x00000000ee580000, 0x0000000100000000)
  eden space 209408K, 0% used [0x00000000e0000000,0x00000000e0000000,0x00000000ecc80000)
  from space 8704K, 37% used [0x00000000edd00000,0x00000000ee025ba8,0x00000000ee580000)
  to   space 12800K, 0% used [0x00000000ecc80000,0x00000000ecc80000,0x00000000ed900000)
 ParOldGen       total 57344K, used 15844K [0x00000000a0000000, 0x00000000a3800000, 0x00000000e0000000)
  object space 57344K, 27% used [0x00000000a0000000,0x00000000a0f79280,0x00000000a3800000)
 Metaspace       used 33379K, capacity 34064K, committed 34224K, reserved 1079296K
  class space    used 4484K, capacity 4702K, committed 4784K, reserved 1048576K
}
Event: 9.362 GC heap before
{Heap before GC invocations=14 (full 1):
 PSYoungGen      total 218112K, used 163373K [0x00000000e0000000, 0x00000000ee580000, 0x0000000100000000)
  eden space 209408K, 76% used [0x00000000e0000000,0x00000000e9c659f8,0x00000000ecc80000)
  from space 8704K, 37% used [0x00000000edd00000,0x00000000ee025ba8,0x00000000ee580000)
  to   space 12800K, 0% used [0x00000000ecc80000,0x00000000ecc80000,0x00000000ed900000)
 ParOldGen       total 57344K, used 15844K [0x00000000a0000000, 0x00000000a3800000, 0x00000000e0000000)
  object space 57344K, 27% used [0x00000000a0000000,0x00000000a0f79280,0x00000000a3800000)
 Metaspace       used 34511K, capacity 35354K, committed 35496K, reserved 1079296K
  class space    used 4569K, capacity 4788K, committed 4912K, reserved 1048576K
Event: 9.365 GC heap after
Heap after GC invocations=14 (full 1):
 PSYoungGen      total 222208K, used 2033K [0x00000000e0000000, 0x00000000f2780000, 0x0000000100000000)
  eden space 209408K, 0% used [0x00000000e0000000,0x00000000e0000000,0x00000000ecc80000)
  from space 12800K, 15% used [0x00000000ecc80000,0x00000000ece7c660,0x00000000ed900000)
  to   space 12800K, 0% used [0x00000000f1b00000,0x00000000f1b00000,0x00000000f2780000)
 ParOldGen       total 57344K, used 15860K [0x00000000a0000000, 0x00000000a3800000, 0x00000000e0000000)
  object space 57344K, 27% used [0x00000000a0000000,0x00000000a0f7d280,0x00000000a3800000)
 Metaspace       used 34511K, capacity 35354K, committed 35496K, reserved 1079296K
  class space    used 4569K, capacity 4788K, committed 4912K, reserved 1048576K
}
Event: 9.365 GC heap before
{Heap before GC invocations=15 (full 2):
 PSYoungGen      total 222208K, used 2033K [0x00000000e0000000, 0x00000000f2780000, 0x0000000100000000)
  eden space 209408K, 0% used [0x00000000e0000000,0x00000000e0000000,0x00000000ecc80000)
  from space 12800K, 15% used [0x00000000ecc80000,0x00000000ece7c660,0x00000000ed900000)
  to   space 12800K, 0% used [0x00000000f1b00000,0x00000000f1b00000,0x00000000f2780000)
 ParOldGen       total 57344K, used 15860K [0x00000000a0000000, 0x00000000a3800000, 0x00000000e0000000)
  object space 57344K, 27% used [0x00000000a0000000,0x00000000a0f7d280,0x00000000a3800000)
 Metaspace       used 34511K, capacity 35354K, committed 35496K, reserved 1079296K
  class space    used 4569K, capacity 4788K, committed 4912K, reserved 1048576K
Event: 9.413 GC heap after
Heap after GC invocations=15 (full 2):
 PSYoungGen      total 222208K, used 0K [0x00000000e0000000, 0x00000000f2780000, 0x0000000100000000)
  eden space 209408K, 0% used [0x00000000e0000000,0x00000000e0000000,0x00000000ecc80000)
  from space 12800K, 0% used [0x00000000ecc80000,0x00000000ecc80000,0x00000000ed900000)
  to   space 12800K, 0% used [0x00000000f1b00000,0x00000000f1b00000,0x00000000f2780000)
 ParOldGen       total 84480K, used 15240K [0x00000000a0000000, 0x00000000a5280000, 0x00000000e0000000)
  object space 84480K, 18% used [0x00000000a0000000,0x00000000a0ee2070,0x00000000a5280000)
 Metaspace       used 34445K, capacity 35226K, committed 35496K, reserved 1079296K
  class space    used 4551K, capacity 4768K, committed 4912K, reserved 1048576K
}

Deoptimization events (10 events):
Event: 28.431 Thread 0x000000001a7cf800 Uncommon trap: reason=class_check action=maybe_recompile pc=0x00000000043d8ec4 method=java.util.HashMap.removeNode(ILjava/lang/Object;Ljava/lang/Object;ZZ)Ljava/util/HashMap$Node; @ 68
Event: 36.385 Thread 0x000000001a574000 Uncommon trap: reason=unstable_if action=reinterpret pc=0x00000000044244a0 method=com.sun.org.apache.xerces.internal.impl.XMLEntityScanner.scanContent(Lcom/sun/org/apache/xerces/internal/xni/XMLString;)I @ 44
Event: 40.346 Thread 0x000000001a574000 Uncommon trap: reason=unstable_if action=reinterpret pc=0x000000000450e3c4 method=com.sun.org.apache.xerces.internal.impl.XMLDocumentFragmentScannerImpl$FragmentContentDriver.next()I @ 823
Event: 41.570 Thread 0x000000001a7c4800 Uncommon trap: reason=unstable_if action=reinterpret pc=0x00000000044ab4f0 method=com.sun.org.apache.xerces.internal.impl.XMLScanner.scanExternalID([Ljava/lang/String;Z)V @ 190
Event: 41.570 Thread 0x000000001a7c4800 Uncommon trap: reason=unstable_if action=reinterpret pc=0x00000000037120f0 method=com.sun.org.apache.xerces.internal.impl.XMLEntityScanner.peekChar()I @ 14
Event: 43.869 Thread 0x000000001a7c4800 Uncommon trap: reason=unstable_if action=reinterpret pc=0x000000000380062c method=com.sun.org.apache.xerces.internal.impl.XMLEntityScanner.scanChar(Lcom/sun/org/apache/xerces/internal/impl/XMLScanner$NameType;)I @ 59
Event: 43.869 Thread 0x000000001a7c4800 Uncommon trap: reason=unstable_if action=reinterpret pc=0x0000000004372630 method=com.sun.org.apache.xerces.internal.impl.XMLEntityScanner.scanLiteral(ILcom/sun/org/apache/xerces/internal/xni/XMLString;Z)I @ 587
Event: 43.963 Thread 0x000000001a574000 Uncommon trap: reason=unstable_if action=reinterpret pc=0x00000000045ad9a4 method=com.sun.org.apache.xerces.internal.impl.XMLDocumentFragmentScannerImpl$FragmentContentDriver.next()I @ 1140
Event: 43.963 Thread 0x000000001a574000 Uncommon trap: reason=unstable_if action=reinterpret pc=0x00000000043add4c method=com.sun.org.apache.xerces.internal.parsers.AbstractDOMParser.characters(Lcom/sun/org/apache/xerces/internal/xni/XMLString;Lcom/sun/org/apache/xerces/internal/xni/Augmentatio
Event: 45.077 Thread 0x000000001a574000 Uncommon trap: reason=unstable_if action=reinterpret pc=0x0000000003678a9c method=com.sun.org.apache.xerces.internal.impl.XMLEntityScanner.skipSpaces()Z @ 303

Classes redefined (0 events):
No events

Internal exceptions (10 events):
Event: 26.540 Thread 0x000000001a574000 Exception <a 'java/net/SocketTimeoutException': Read timed out> (0x00000000e9dbcc20) thrown at [D:\src\AOSP-openjdk-cygwin\jdk8u\hotspot\src\share\vm\prims\jni.cpp, line 736]
Event: 31.569 Thread 0x000000001a574000 Exception <a 'java/net/SocketTimeoutException': Read timed out> (0x00000000ea016a60) thrown at [D:\src\AOSP-openjdk-cygwin\jdk8u\hotspot\src\share\vm\prims\jni.cpp, line 736]
Event: 36.398 Thread 0x000000001a574000 Exception <a 'java/net/SocketTimeoutException': Read timed out> (0x00000000ea1ab5c0) thrown at [D:\src\AOSP-openjdk-cygwin\jdk8u\hotspot\src\share\vm\prims\jni.cpp, line 736]
Event: 40.403 Thread 0x000000001a574000 Exception <a 'java/net/SocketTimeoutException': Read timed out> (0x00000000ea9c1f18) thrown at [D:\src\AOSP-openjdk-cygwin\jdk8u\hotspot\src\share\vm\prims\jni.cpp, line 736]
Event: 40.404 Thread 0x000000001a7c4800 Exception <a 'java/net/SocketTimeoutException': Read timed out> (0x00000000e9b7ce08) thrown at [D:\src\AOSP-openjdk-cygwin\jdk8u\hotspot\src\share\vm\prims\jni.cpp, line 736]
Event: 40.407 Thread 0x000000001a7ca800 Exception <a 'java/net/SocketTimeoutException': Read timed out> (0x00000000e9a8fda0) thrown at [D:\src\AOSP-openjdk-cygwin\jdk8u\hotspot\src\share\vm\prims\jni.cpp, line 736]
Event: 40.407 Thread 0x000000001a7cb000 Exception <a 'java/net/SocketTimeoutException': Read timed out> (0x00000000e9589430) thrown at [D:\src\AOSP-openjdk-cygwin\jdk8u\hotspot\src\share\vm\prims\jni.cpp, line 736]
Event: 40.596 Thread 0x000000001a7c4800 Exception <a 'java/net/SocketTimeoutException': Read timed out> (0x00000000e9b8f5a0) thrown at [D:\src\AOSP-openjdk-cygwin\jdk8u\hotspot\src\share\vm\prims\jni.cpp, line 736]
Event: 40.602 Thread 0x000000001a7ca800 Exception <a 'java/net/SocketTimeoutException': Read timed out> (0x00000000e9aa2428) thrown at [D:\src\AOSP-openjdk-cygwin\jdk8u\hotspot\src\share\vm\prims\jni.cpp, line 736]
Event: 40.604 Thread 0x000000001a7cb000 Exception <a 'java/net/SocketTimeoutException': Read timed out> (0x00000000e959d0d0) thrown at [D:\src\AOSP-openjdk-cygwin\jdk8u\hotspot\src\share\vm\prims\jni.cpp, line 736]

Events (10 events):
Event: 46.438 Executing VM operation: RevokeBias
Event: 46.438 Executing VM operation: RevokeBias done
Event: 46.438 Executing VM operation: RevokeBias
Event: 46.438 Executing VM operation: RevokeBias done
Event: 46.452 Executing VM operation: BulkRevokeBias
Event: 46.452 Executing VM operation: BulkRevokeBias done
Event: 46.452 Executing VM operation: BulkRevokeBias
Event: 46.453 Executing VM operation: BulkRevokeBias done
Event: 46.453 Executing VM operation: BulkRevokeBias
Event: 46.453 Executing VM operation: BulkRevokeBias done


Dynamic libraries:
0x00007ff6e5a50000 - 0x00007ff6e5a81000 	E:\androidstudio\jre\bin\java.exe
0x00007ffdc8160000 - 0x00007ffdc8350000 	C:\WINDOWS\SYSTEM32\ntdll.dll
0x00007ffdc67b0000 - 0x00007ffdc6862000 	C:\WINDOWS\System32\KERNEL32.DLL
0x00007ffdc59d0000 - 0x00007ffdc5c73000 	C:\WINDOWS\System32\KERNELBASE.dll
0x00007ffdc78c0000 - 0x00007ffdc7963000 	C:\WINDOWS\System32\ADVAPI32.dll
0x00007ffdc6570000 - 0x00007ffdc660e000 	C:\WINDOWS\System32\msvcrt.dll
0x00007ffdc66e0000 - 0x00007ffdc6777000 	C:\WINDOWS\System32\sechost.dll
0x00007ffdc77a0000 - 0x00007ffdc78c0000 	C:\WINDOWS\System32\RPCRT4.dll
0x00007ffdc6f10000 - 0x00007ffdc70a4000 	C:\WINDOWS\System32\USER32.dll
0x00007ffdc5ed0000 - 0x00007ffdc5ef1000 	C:\WINDOWS\System32\win32u.dll
0x00007ffdc63e0000 - 0x00007ffdc6406000 	C:\WINDOWS\System32\GDI32.dll
0x00007ffdc5f00000 - 0x00007ffdc6094000 	C:\WINDOWS\System32\gdi32full.dll
0x00007ffdc6110000 - 0x00007ffdc61ae000 	C:\WINDOWS\System32\msvcp_win.dll
0x00007ffdc5c80000 - 0x00007ffdc5d7a000 	C:\WINDOWS\System32\ucrtbase.dll
0x00007ffdb8eb0000 - 0x00007ffdb9135000 	C:\WINDOWS\WinSxS\amd64_microsoft.windows.common-controls_6595b64144ccf1df_6.0.18362.657_none_e6c5b579130e3898\COMCTL32.dll
0x00007ffdc7970000 - 0x00007ffdc7ca6000 	C:\WINDOWS\System32\combase.dll
0x00007ffdc5920000 - 0x00007ffdc59a0000 	C:\WINDOWS\System32\bcryptPrimitives.dll
0x00007ffdc6780000 - 0x00007ffdc67ae000 	C:\WINDOWS\System32\IMM32.DLL
0x0000000062db0000 - 0x0000000062e82000 	E:\androidstudio\jre\jre\bin\msvcr100.dll
0x0000000062f90000 - 0x00000000637d6000 	E:\androidstudio\jre\jre\bin\server\jvm.dll
0x00007ffdc6210000 - 0x00007ffdc6218000 	C:\WINDOWS\System32\PSAPI.DLL
0x00007ffdc3050000 - 0x00007ffdc3074000 	C:\WINDOWS\SYSTEM32\WINMM.dll
0x00007ffdbbc60000 - 0x00007ffdbbc69000 	C:\WINDOWS\SYSTEM32\WSOCK32.dll
0x00007ffdc6aa0000 - 0x00007ffdc6b0f000 	C:\WINDOWS\System32\WS2_32.dll
0x00007ffdbf200000 - 0x00007ffdbf20a000 	C:\WINDOWS\SYSTEM32\VERSION.dll
0x00007ffdc29f0000 - 0x00007ffdc2a1d000 	C:\WINDOWS\SYSTEM32\WINMMBASE.dll
0x00007ffdc60c0000 - 0x00007ffdc610a000 	C:\WINDOWS\System32\cfgmgr32.dll
0x00007ffdb7a40000 - 0x00007ffdb7a4f000 	E:\androidstudio\jre\jre\bin\verify.dll
0x00007ffdb47f0000 - 0x00007ffdb4819000 	E:\androidstudio\jre\jre\bin\java.dll
0x00007ffdb3c80000 - 0x00007ffdb3c96000 	E:\androidstudio\jre\jre\bin\zip.dll
0x00007ffdc70b0000 - 0x00007ffdc7795000 	C:\WINDOWS\System32\SHELL32.dll
0x00007ffdc64c0000 - 0x00007ffdc6569000 	C:\WINDOWS\System32\shcore.dll
0x00007ffdc51a0000 - 0x00007ffdc591f000 	C:\WINDOWS\System32\windows.storage.dll
0x00007ffdc5040000 - 0x00007ffdc505f000 	C:\WINDOWS\System32\profapi.dll
0x00007ffdc5080000 - 0x00007ffdc50ca000 	C:\WINDOWS\System32\powrprof.dll
0x00007ffdc5030000 - 0x00007ffdc5040000 	C:\WINDOWS\System32\UMPDC.dll
0x00007ffdc6c20000 - 0x00007ffdc6c72000 	C:\WINDOWS\System32\shlwapi.dll
0x00007ffdc50d0000 - 0x00007ffdc50e1000 	C:\WINDOWS\System32\kernel.appcore.dll
0x00007ffdc60a0000 - 0x00007ffdc60b7000 	C:\WINDOWS\System32\cryptsp.dll
0x00007ffdb3bf0000 - 0x00007ffdb3c0a000 	E:\androidstudio\jre\jre\bin\net.dll
0x00007ffdb92f0000 - 0x00007ffdb94c6000 	C:\WINDOWS\SYSTEM32\urlmon.dll
0x00007ffdbae80000 - 0x00007ffdbb126000 	C:\WINDOWS\SYSTEM32\iertutil.dll
0x00007ffdc4a40000 - 0x00007ffdc4a4c000 	C:\WINDOWS\SYSTEM32\CRYPTBASE.DLL
0x00007ffdc4870000 - 0x00007ffdc48d7000 	C:\WINDOWS\system32\mswsock.dll
0x00007ffdb3bd0000 - 0x00007ffdb3be3000 	E:\androidstudio\jre\jre\bin\nio.dll
0x00007ffdad290000 - 0x00007ffdad2b6000 	C:\Users\Administrator\.gradle\native\30\windows-amd64\native-platform.dll
0x00007ffdb74f0000 - 0x00007ffdb74fd000 	E:\androidstudio\jre\jre\bin\management.dll
0x00007ffdc4380000 - 0x00007ffdc43b3000 	C:\WINDOWS\system32\rsaenh.dll
0x00007ffdc59a0000 - 0x00007ffdc59c6000 	C:\WINDOWS\System32\bcrypt.dll
0x00007ffdc4f50000 - 0x00007ffdc4f75000 	C:\WINDOWS\SYSTEM32\USERENV.dll
0x00007ffdc4520000 - 0x00007ffdc455a000 	C:\WINDOWS\SYSTEM32\IPHLPAPI.DLL
0x00007ffdc6c00000 - 0x00007ffdc6c08000 	C:\WINDOWS\System32\NSI.dll
0x00007ffdbbff0000 - 0x00007ffdbc006000 	C:\WINDOWS\SYSTEM32\dhcpcsvc6.DLL
0x00007ffdbed40000 - 0x00007ffdbed5c000 	C:\WINDOWS\SYSTEM32\dhcpcsvc.DLL
0x00007ffdc45c0000 - 0x00007ffdc468a000 	C:\WINDOWS\SYSTEM32\DNSAPI.dll
0x00007ffda3a90000 - 0x00007ffda3ab4000 	E:\androidstudio\jre\jre\bin\sunec.dll
0x00007ffdb5b20000 - 0x00007ffdb5b2a000 	C:\Windows\System32\rasadhlp.dll
0x00007ffdbb640000 - 0x00007ffdbb6b7000 	C:\WINDOWS\System32\fwpuclnt.dll
0x00007ffdb5890000 - 0x00007ffdb589b000 	E:\androidstudio\jre\jre\bin\sunmscapi.dll
0x00007ffdc5d80000 - 0x00007ffdc5ec9000 	C:\WINDOWS\System32\CRYPT32.dll
0x00007ffdc5060000 - 0x00007ffdc5072000 	C:\WINDOWS\System32\MSASN1.dll

VM Arguments:
jvm_args: -Xmx1536m -Dfile.encoding=GBK -Duser.country=CN -Duser.language=zh -Duser.variant 
java_command: org.gradle.launcher.daemon.bootstrap.GradleDaemon 5.6.4
java_class_path (initial): C:\Users\Administrator\.gradle\wrapper\dists\gradle-5.6.4-all\ankdp27end7byghfw1q2sw75f\gradle-5.6.4\lib\gradle-launcher-5.6.4.jar
Launcher Type: SUN_STANDARD

Environment Variables:
PATH=C:\WINDOWS\system32;C:\WINDOWS;C:\WINDOWS\System32\Wbem;C:\WINDOWS\System32\WindowsPowerShell\v1.0\;C:\WINDOWS\System32\OpenSSH\;C:\Program Files (x86)\NVIDIA Corporation\PhysX\Common;C:\Program Files\NVIDIA Corporation\NVIDIA NvDLISR;C:\WINDOWS\system32;C:\WINDOWS;C:\WINDOWS\System32\Wbem;C:\WINDOWS\System32\WindowsPowerShell\v1.0\;C:\WINDOWS\System32\OpenSSH\;C:\Users\Administrator\AppData\Local\Microsoft\WindowsApps;
USERNAME=Administrator
OS=Windows_NT
PROCESSOR_IDENTIFIER=Intel64 Family 6 Model 158 Stepping 9, GenuineIntel



---------------  S Y S T E M  ---------------

OS: Windows 10.0 , 64 bit Build 18362 (10.0.18362.329)

CPU:total 4 (initial active 4) (4 cores per cpu, 1 threads per core) family 6 model 158 stepping 9, cmov, cx8, fxsr, mmx, sse, sse2, sse3, ssse3, sse4.1, sse4.2, popcnt, avx, avx2, aes, clmul, erms, 3dnowpref, lzcnt, tsc, tscinvbit, bmi1, bmi2, adx

Memory: 4k page, physical 8338836k(2396632k free), swap 9325168k(1936k free)

vm_info: OpenJDK 64-Bit Server VM (25.212-b04) for windows-amd64 JRE (1.8.0_212-release-1586-b04), built by "builder" with MS VC++ 10.0 (VS2010)

time: Thu Feb 27 23:04:54 2020
timezone: 中国标准时间
elapsed time: 46 seconds (0d 0h 0m 46s)

