#
# There is insufficient memory for the Java Runtime Environment to continue.
# Native memory allocation (malloc) failed to allocate 1337408 bytes for Chunk::new
# Possible reasons:
#   The system is out of physical RAM or swap space
#   The process is running with CompressedOops enabled, and the Java Heap may be blocking the growth of the native heap
# Possible solutions:
#   Reduce memory load on the system
#   Increase physical memory or swap space
#   Check if swap backing store is full
#   Decrease Java heap size (-Xmx/-Xms)
#   Decrease number of Java threads
#   Decrease Java thread stack sizes (-Xss)
#   Set larger code cache with -XX:ReservedCodeCacheSize=
#   JVM is running with Unscaled Compressed Oops mode in which the Java heap is
#     placed in the first 4GB address space. The Java Heap base address is the
#     maximum limit for the native heap growth. Please use -XX:HeapBaseMinAddress
#     to set the Java Heap base and to place the Java Heap above 4GB virtual address.
# This output file may be truncated or incomplete.
#
#  Out of Memory Error (allocation.cpp:389), pid=6524, tid=0x0000000000000dec
#
# JRE version: OpenJDK Runtime Environment (8.0_212-b04) (build 1.8.0_212-release-1586-b04)
# Java VM: OpenJDK 64-Bit Server VM (25.212-b04 mixed mode windows-amd64 compressed oops)
# Failed to write core dump. Minidumps are not enabled by default on client versions of Windows
#

---------------  T H R E A D  ---------------

Current thread (0x000000001689a800):  JavaThread "C2 CompilerThread1" daemon [_thread_in_native, id=3564, stack(0x0000000018290000,0x0000000018390000)]

Stack: [0x0000000018290000,0x0000000018390000]
[error occurred during error reporting (printing stack bounds), id 0xc0000005]

Native frames: (J=compiled Java code, j=interpreted, Vv=VM code, C=native code)


Current CompileTask:
C2:   4820 3424       4       groovy.lang.MetaClassImpl$1MOPIter::methodNameAction (325 bytes)


---------------  P R O C E S S  ---------------

Java Threads: ( => current thread )
  0x000000001a038000 JavaThread "Build operations Thread 4" [_thread_blocked, id=7536, stack(0x00000000217d0000,0x00000000218d0000)]
  0x000000001a036000 JavaThread "Build operations Thread 3" [_thread_blocked, id=1544, stack(0x00000000216d0000,0x00000000217d0000)]
  0x000000001a033800 JavaThread "Build operations Thread 2" [_thread_blocked, id=4100, stack(0x00000000215d0000,0x00000000216d0000)]
  0x000000001a035000 JavaThread "Build operations" [_thread_blocked, id=9908, stack(0x00000000214d0000,0x00000000215d0000)]
  0x000000001a037800 JavaThread "Cache worker for execution history cache (C:\Users\Administrator\.gradle\caches\5.6.4\executionHistory)" [_thread_blocked, id=1004, stack(0x00000000213d0000,0x00000000214d0000)]
  0x000000001a02c000 JavaThread "Cache worker for cache directory md-rule (C:\Users\Administrator\.gradle\caches\5.6.4\md-rule)" [_thread_blocked, id=10848, stack(0x00000000212d0000,0x00000000213d0000)]
  0x000000001a02e800 JavaThread "Cache worker for cache directory md-supplier (C:\Users\Administrator\.gradle\caches\5.6.4\md-supplier)" [_thread_blocked, id=8520, stack(0x0000000020200000,0x0000000020300000)]
  0x000000001a031800 JavaThread "Cache worker for file hash cache (C:\Users\Administrator\AndroidStudioProjects\MyApplication\.gradle\5.6.4\fileHashes)" [_thread_blocked, id=12004, stack(0x000000001e930000,0x000000001ea30000)]
  0x000000001a030800 JavaThread "Cache worker for journal cache (C:\Users\Administrator\.gradle\caches\journal-1)" [_thread_blocked, id=932, stack(0x000000001c0e0000,0x000000001c1e0000)]
  0x000000001a02f000 JavaThread "File lock request listener" [_thread_in_native, id=8920, stack(0x000000001bfe0000,0x000000001c0e0000)]
  0x000000001a02d000 JavaThread "Cache worker for file hash cache (C:\Users\Administrator\.gradle\caches\5.6.4\fileHashes)" [_thread_blocked, id=5028, stack(0x000000001bee0000,0x000000001bfe0000)]
  0x0000000019ec4800 JavaThread "Thread-9" [_thread_blocked, id=6164, stack(0x000000001bbe0000,0x000000001bce0000)]
  0x0000000019ecb000 JavaThread "Stdin handler" [_thread_blocked, id=6960, stack(0x000000001bae0000,0x000000001bbe0000)]
  0x0000000019ec6800 JavaThread "Asynchronous log dispatcher for DefaultDaemonConnection: socket connection from /127.0.0.1:53612 to /127.0.0.1:53613" [_thread_blocked, id=11792, stack(0x000000001b9e0000,0x000000001bae0000)]
  0x0000000019ec5000 JavaThread "Daemon worker" [_thread_in_vm, id=8736, stack(0x000000001b8e0000,0x000000001b9e0000)]
  0x0000000019eca800 JavaThread "Cancel handler" [_thread_blocked, id=9920, stack(0x000000001b7e0000,0x000000001b8e0000)]
  0x0000000019ec8000 JavaThread "Handler for socket connection from /127.0.0.1:53612 to /127.0.0.1:53613" [_thread_in_native, id=5272, stack(0x000000001b4e0000,0x000000001b5e0000)]
  0x0000000019ec6000 JavaThread "Daemon" [_thread_blocked, id=2168, stack(0x000000001b3e0000,0x000000001b4e0000)]
  0x0000000019ec7800 JavaThread "Daemon periodic checks" [_thread_blocked, id=12128, stack(0x000000001b2e0000,0x000000001b3e0000)]
  0x0000000019ec9800 JavaThread "Incoming local TCP Connector on port 53612" [_thread_in_native, id=2196, stack(0x000000001b130000,0x000000001b230000)]
  0x0000000019ec9000 JavaThread "Daemon health stats" [_thread_blocked, id=7288, stack(0x000000001ae30000,0x000000001af30000)]
  0x0000000017c1a000 JavaThread "Service Thread" daemon [_thread_blocked, id=10176, stack(0x0000000018490000,0x0000000018590000)]
  0x000000001689e000 JavaThread "C1 CompilerThread2" daemon [_thread_blocked, id=12216, stack(0x0000000018390000,0x0000000018490000)]
=>0x000000001689a800 JavaThread "C2 CompilerThread1" daemon [_thread_in_native, id=3564, stack(0x0000000018290000,0x0000000018390000)]
  0x0000000016898000 JavaThread "C2 CompilerThread0" daemon [_thread_blocked, id=3536, stack(0x0000000018190000,0x0000000018290000)]
  0x000000001684c000 JavaThread "Attach Listener" daemon [_thread_blocked, id=1708, stack(0x0000000018090000,0x0000000018190000)]
  0x0000000017b98800 JavaThread "Signal Dispatcher" daemon [_thread_blocked, id=3960, stack(0x0000000017f90000,0x0000000018090000)]
  0x0000000002a19800 JavaThread "Finalizer" daemon [_thread_blocked, id=11676, stack(0x0000000017a90000,0x0000000017b90000)]
  0x0000000002a11000 JavaThread "Reference Handler" daemon [_thread_blocked, id=10872, stack(0x0000000017990000,0x0000000017a90000)]
  0x0000000002fcd800 JavaThread "main" [_thread_blocked, id=4160, stack(0x0000000001050000,0x0000000001150000)]

Other Threads:
  0x0000000016806800 VMThread [stack: 0x0000000017890000,0x0000000017990000] [id=6564]
  0x0000000017c1a800 WatcherThread [stack: 0x0000000018590000,0x0000000018690000] [id=7428]

VM state:not at safepoint (normal execution)

VM Mutex/Monitor currently owned by a thread: None

heap address: 0x00000000a0000000, size: 1536 MB, Compressed Oops mode: 32-bit
Narrow klass base: 0x0000000000000000, Narrow klass shift: 3
Compressed class space size: 1073741824 Address: 0x0000000100000000

Heap:
 PSYoungGen      total 116736K, used 62255K [0x00000000e0000000, 0x00000000ea480000, 0x0000000100000000)
  eden space 104960K, 59% used [0x00000000e0000000,0x00000000e3ccbd68,0x00000000e6680000)
  from space 11776K, 0% used [0x00000000e6680000,0x00000000e6680000,0x00000000e7200000)
  to   space 12800K, 0% used [0x00000000e9800000,0x00000000e9800000,0x00000000ea480000)
 ParOldGen       total 60416K, used 17895K [0x00000000a0000000, 0x00000000a3b00000, 0x00000000e0000000)
  object space 60416K, 29% used [0x00000000a0000000,0x00000000a1179fb8,0x00000000a3b00000)
 Metaspace       used 41171K, capacity 42262K, committed 42496K, reserved 1085440K
  class space    used 5528K, capacity 5837K, committed 5888K, reserved 1048576K

Card table byte_map: [0x0000000012390000,0x00000000126a0000] byte_map_base: 0x0000000011e90000

Marking Bits: (ParMarkBitMap*) 0x0000000055689f30
 Begin Bits: [0x0000000012ba0000, 0x00000000143a0000)
 End Bits:   [0x00000000143a0000, 0x0000000015ba0000)

Polling page: 0x0000000001150000

CodeCache: size=245760Kb used=12742Kb max_used=12754Kb free=233017Kb
 bounds [0x0000000002fd0000, 0x0000000003c50000, 0x0000000011fd0000]
 total_blobs=4417 nmethods=3676 adapters=653
 compilation: enabled

Compilation events (10 events):
Event: 4.808 Thread 0x0000000016898000 3674       4       java.util.concurrent.locks.ReentrantLock$NonfairSync::lock (25 bytes)
Event: 4.809 Thread 0x0000000016898000 nmethod 3674 0x0000000003c3fa10 code [0x0000000003c3fb80, 0x0000000003c3fd08]
Event: 4.810 Thread 0x000000001689e000 3675       3       java.util.concurrent.ConcurrentHashMap::resizeStamp (13 bytes)
Event: 4.810 Thread 0x0000000016898000 3676       4       java.lang.ClassLoader::addClass (9 bytes)
Event: 4.810 Thread 0x000000001689e000 nmethod 3675 0x0000000003c3f690 code [0x0000000003c3f800, 0x0000000003c3f988]
Event: 4.812 Thread 0x0000000016898000 nmethod 3676 0x0000000003c43ad0 code [0x0000000003c43c40, 0x0000000003c44028]
Event: 4.813 Thread 0x000000001689e000 3677       3       java.util.Collections$SingletonList::iterator (8 bytes)
Event: 4.813 Thread 0x000000001689e000 nmethod 3677 0x0000000003c43550 code [0x0000000003c436c0, 0x0000000003c43990]
Event: 4.813 Thread 0x0000000016898000 3678       4       java.lang.ClassNotFoundException::<init> (7 bytes)
Event: 4.815 Thread 0x0000000016898000 nmethod 3678 0x0000000003c42ed0 code [0x0000000003c43020, 0x0000000003c43388]

GC Heap History (10 events):
Event: 2.434 GC heap before
{Heap before GC invocations=7 (full 1):
 PSYoungGen      total 76800K, used 8716K [0x00000000e0000000, 0x00000000e5700000, 0x0000000100000000)
  eden space 66048K, 0% used [0x00000000e0000000,0x00000000e0000000,0x00000000e4080000)
  from space 10752K, 81% used [0x00000000e4b80000,0x00000000e5403050,0x00000000e5600000)
  to   space 11264K, 0% used [0x00000000e4080000,0x00000000e4080000,0x00000000e4b80000)
 ParOldGen       total 87552K, used 8111K [0x00000000a0000000, 0x00000000a5580000, 0x00000000e0000000)
  object space 87552K, 9% used [0x00000000a0000000,0x00000000a07ebe28,0x00000000a5580000)
 Metaspace       used 20622K, capacity 21178K, committed 21296K, reserved 1067008K
  class space    used 2975K, capacity 3133K, committed 3200K, reserved 1048576K
Event: 2.466 GC heap after
Heap after GC invocations=7 (full 1):
 PSYoungGen      total 76800K, used 0K [0x00000000e0000000, 0x00000000e5700000, 0x0000000100000000)
  eden space 66048K, 0% used [0x00000000e0000000,0x00000000e0000000,0x00000000e4080000)
  from space 10752K, 0% used [0x00000000e4b80000,0x00000000e4b80000,0x00000000e5600000)
  to   space 11264K, 0% used [0x00000000e4080000,0x00000000e4080000,0x00000000e4b80000)
 ParOldGen       total 60416K, used 9728K [0x00000000a0000000, 0x00000000a3b00000, 0x00000000e0000000)
  object space 60416K, 16% used [0x00000000a0000000,0x00000000a09800a0,0x00000000a3b00000)
 Metaspace       used 20622K, capacity 21178K, committed 21296K, reserved 1067008K
  class space    used 2975K, capacity 3133K, committed 3200K, reserved 1048576K
}
Event: 3.079 GC heap before
{Heap before GC invocations=8 (full 1):
 PSYoungGen      total 76800K, used 66048K [0x00000000e0000000, 0x00000000e5700000, 0x0000000100000000)
  eden space 66048K, 100% used [0x00000000e0000000,0x00000000e4080000,0x00000000e4080000)
  from space 10752K, 0% used [0x00000000e4b80000,0x00000000e4b80000,0x00000000e5600000)
  to   space 11264K, 0% used [0x00000000e4080000,0x00000000e4080000,0x00000000e4b80000)
 ParOldGen       total 60416K, used 9728K [0x00000000a0000000, 0x00000000a3b00000, 0x00000000e0000000)
  object space 60416K, 16% used [0x00000000a0000000,0x00000000a09800a0,0x00000000a3b00000)
 Metaspace       used 29077K, capacity 29640K, committed 29952K, reserved 1075200K
  class space    used 3916K, capacity 4071K, committed 4096K, reserved 1048576K
Event: 3.086 GC heap after
Heap after GC invocations=8 (full 1):
 PSYoungGen      total 77312K, used 8169K [0x00000000e0000000, 0x00000000e7d80000, 0x0000000100000000)
  eden space 66048K, 0% used [0x00000000e0000000,0x00000000e0000000,0x00000000e4080000)
  from space 11264K, 72% used [0x00000000e4080000,0x00000000e487a728,0x00000000e4b80000)
  to   space 11776K, 0% used [0x00000000e7200000,0x00000000e7200000,0x00000000e7d80000)
 ParOldGen       total 60416K, used 9736K [0x00000000a0000000, 0x00000000a3b00000, 0x00000000e0000000)
  object space 60416K, 16% used [0x00000000a0000000,0x00000000a09820a0,0x00000000a3b00000)
 Metaspace       used 29077K, capacity 29640K, committed 29952K, reserved 1075200K
  class space    used 3916K, capacity 4071K, committed 4096K, reserved 1048576K
}
Event: 3.508 GC heap before
{Heap before GC invocations=9 (full 1):
 PSYoungGen      total 77312K, used 74217K [0x00000000e0000000, 0x00000000e7d80000, 0x0000000100000000)
  eden space 66048K, 100% used [0x00000000e0000000,0x00000000e4080000,0x00000000e4080000)
  from space 11264K, 72% used [0x00000000e4080000,0x00000000e487a728,0x00000000e4b80000)
  to   space 11776K, 0% used [0x00000000e7200000,0x00000000e7200000,0x00000000e7d80000)
 ParOldGen       total 60416K, used 9736K [0x00000000a0000000, 0x00000000a3b00000, 0x00000000e0000000)
  object space 60416K, 16% used [0x00000000a0000000,0x00000000a09820a0,0x00000000a3b00000)
 Metaspace       used 31961K, capacity 32604K, committed 32768K, reserved 1077248K
  class space    used 4379K, capacity 4591K, committed 4608K, reserved 1048576K
Event: 3.521 GC heap after
Heap after GC invocations=9 (full 1):
 PSYoungGen      total 116736K, used 8785K [0x00000000e0000000, 0x00000000e7f80000, 0x0000000100000000)
  eden space 104960K, 0% used [0x00000000e0000000,0x00000000e0000000,0x00000000e6680000)
  from space 11776K, 74% used [0x00000000e7200000,0x00000000e7a947c0,0x00000000e7d80000)
  to   space 11776K, 0% used [0x00000000e6680000,0x00000000e6680000,0x00000000e7200000)
 ParOldGen       total 60416K, used 9744K [0x00000000a0000000, 0x00000000a3b00000, 0x00000000e0000000)
  object space 60416K, 16% used [0x00000000a0000000,0x00000000a09840a0,0x00000000a3b00000)
 Metaspace       used 31961K, capacity 32604K, committed 32768K, reserved 1077248K
  class space    used 4379K, capacity 4591K, committed 4608K, reserved 1048576K
}
Event: 4.157 GC heap before
{Heap before GC invocations=10 (full 1):
 PSYoungGen      total 116736K, used 71109K [0x00000000e0000000, 0x00000000e7f80000, 0x0000000100000000)
  eden space 104960K, 59% used [0x00000000e0000000,0x00000000e3cdcc70,0x00000000e6680000)
  from space 11776K, 74% used [0x00000000e7200000,0x00000000e7a947c0,0x00000000e7d80000)
  to   space 11776K, 0% used [0x00000000e6680000,0x00000000e6680000,0x00000000e7200000)
 ParOldGen       total 60416K, used 9744K [0x00000000a0000000, 0x00000000a3b00000, 0x00000000e0000000)
  object space 60416K, 16% used [0x00000000a0000000,0x00000000a09840a0,0x00000000a3b00000)
 Metaspace       used 34627K, capacity 35428K, committed 35496K, reserved 1079296K
  class space    used 4737K, capacity 4961K, committed 4992K, reserved 1048576K
Event: 4.166 GC heap after
Heap after GC invocations=10 (full 1):
 PSYoungGen      total 116736K, used 10759K [0x00000000e0000000, 0x00000000ea480000, 0x0000000100000000)
  eden space 104960K, 0% used [0x00000000e0000000,0x00000000e0000000,0x00000000e6680000)
  from space 11776K, 91% used [0x00000000e6680000,0x00000000e7101f08,0x00000000e7200000)
  to   space 12800K, 0% used [0x00000000e9800000,0x00000000e9800000,0x00000000ea480000)
 ParOldGen       total 60416K, used 9752K [0x00000000a0000000, 0x00000000a3b00000, 0x00000000e0000000)
  object space 60416K, 16% used [0x00000000a0000000,0x00000000a09860a0,0x00000000a3b00000)
 Metaspace       used 34627K, capacity 35428K, committed 35496K, reserved 1079296K
  class space    used 4737K, capacity 4961K, committed 4992K, reserved 1048576K
}
Event: 4.166 GC heap before
{Heap before GC invocations=11 (full 2):
 PSYoungGen      total 116736K, used 10759K [0x00000000e0000000, 0x00000000ea480000, 0x0000000100000000)
  eden space 104960K, 0% used [0x00000000e0000000,0x00000000e0000000,0x00000000e6680000)
  from space 11776K, 91% used [0x00000000e6680000,0x00000000e7101f08,0x00000000e7200000)
  to   space 12800K, 0% used [0x00000000e9800000,0x00000000e9800000,0x00000000ea480000)
 ParOldGen       total 60416K, used 9752K [0x00000000a0000000, 0x00000000a3b00000, 0x00000000e0000000)
  object space 60416K, 16% used [0x00000000a0000000,0x00000000a09860a0,0x00000000a3b00000)
 Metaspace       used 34627K, capacity 35428K, committed 35496K, reserved 1079296K
  class space    used 4737K, capacity 4961K, committed 4992K, reserved 1048576K
Event: 4.208 GC heap after
Heap after GC invocations=11 (full 2):
 PSYoungGen      total 116736K, used 0K [0x00000000e0000000, 0x00000000ea480000, 0x0000000100000000)
  eden space 104960K, 0% used [0x00000000e0000000,0x00000000e0000000,0x00000000e6680000)
  from space 11776K, 0% used [0x00000000e6680000,0x00000000e6680000,0x00000000e7200000)
  to   space 12800K, 0% used [0x00000000e9800000,0x00000000e9800000,0x00000000ea480000)
 ParOldGen       total 60416K, used 17895K [0x00000000a0000000, 0x00000000a3b00000, 0x00000000e0000000)
  object space 60416K, 29% used [0x00000000a0000000,0x00000000a1179fb8,0x00000000a3b00000)
 Metaspace       used 34627K, capacity 35428K, committed 35496K, reserved 1079296K
  class space    used 4737K, capacity 4961K, committed 4992K, reserved 1048576K
}

Deoptimization events (10 events):
Event: 4.154 Thread 0x0000000019ec5000 Uncommon trap: reason=bimorphic action=maybe_recompile pc=0x00000000037b350c method=java.util.AbstractCollection.addAll(Ljava/util/Collection;)Z @ 29
Event: 4.270 Thread 0x0000000019ec5000 Uncommon trap: reason=unstable_if action=reinterpret pc=0x00000000034960cc method=java.util.WeakHashMap.expungeStaleEntries()V @ 66
Event: 4.287 Thread 0x0000000019ec5000 Uncommon trap: reason=range_check action=make_not_entrant pc=0x0000000003a5984c method=java.lang.String.charAt(I)C @ 27
Event: 4.347 Thread 0x0000000019ec5000 Uncommon trap: reason=bimorphic action=maybe_recompile pc=0x00000000037b350c method=java.util.AbstractCollection.addAll(Ljava/util/Collection;)Z @ 29
Event: 4.481 Thread 0x0000000019ec5000 Uncommon trap: reason=unstable_if action=reinterpret pc=0x00000000035d55f8 method=java.io.BufferedInputStream.read([BII)I @ 56
Event: 4.482 Thread 0x0000000019ec5000 Uncommon trap: reason=unstable_if action=reinterpret pc=0x0000000003543d50 method=java.util.regex.Pattern.has(I)Z @ 6
Event: 4.490 Thread 0x0000000019ec5000 Uncommon trap: reason=bimorphic action=maybe_recompile pc=0x00000000037b350c method=java.util.AbstractCollection.addAll(Ljava/util/Collection;)Z @ 29
Event: 4.511 Thread 0x0000000019ec5000 Uncommon trap: reason=predicate action=maybe_recompile pc=0x0000000003bf9828 method=java.util.Arrays.binarySearch0([Ljava/lang/Object;IILjava/lang/Object;Ljava/util/Comparator;)I @ 28
Event: 4.536 Thread 0x0000000019ec5000 Uncommon trap: reason=unstable_if action=reinterpret pc=0x0000000003b8447c method=java.security.CodeSource.hashCode()I @ 4
Event: 4.544 Thread 0x0000000019ec5000 Uncommon trap: reason=unstable_if action=reinterpret pc=0x0000000003ac58e4 method=jdk.internal.org.objectweb.asm.Type.getArgumentsAndReturnSizes(Ljava/lang/String;)I @ 47

Classes redefined (0 events):
No events

Internal exceptions (10 events):
Event: 4.334 Thread 0x0000000019ec5000 Exception <a 'java/lang/ClassNotFoundException': org/gradle/api/internal/AbstractTaskCustomizer> (0x00000000e0dee1e0) thrown at [D:\src\AOSP-openjdk-cygwin\jdk8u\hotspot\src\share\vm\classfile\systemDictionary.cpp, line 210]
Event: 4.338 Thread 0x0000000019ec5000 Exception <a 'java/lang/ClassNotFoundException': org/gradle/api/DefaultTaskCustomizer> (0x00000000e0e7bbc8) thrown at [D:\src\AOSP-openjdk-cygwin\jdk8u\hotspot\src\share\vm\classfile\systemDictionary.cpp, line 210]
Event: 4.339 Thread 0x0000000019ec5000 Exception <a 'java/lang/ClassNotFoundException': org/gradle/api/internal/ConventionTaskCustomizer> (0x00000000e0ec0710) thrown at [D:\src\AOSP-openjdk-cygwin\jdk8u\hotspot\src\share\vm\classfile\systemDictionary.cpp, line 210]
Event: 4.340 Thread 0x0000000019ec5000 Exception <a 'java/lang/ClassNotFoundException': org/gradle/api/tasks/DeleteCustomizer> (0x00000000e0f09cf8) thrown at [D:\src\AOSP-openjdk-cygwin\jdk8u\hotspot\src\share\vm\classfile\systemDictionary.cpp, line 210]
Event: 4.341 Thread 0x0000000019ec5000 Exception <a 'java/lang/ClassNotFoundException': org/gradle/api/tasks/Delete_DecoratedCustomizer> (0x00000000e0f58c38) thrown at [D:\src\AOSP-openjdk-cygwin\jdk8u\hotspot\src\share\vm\classfile\systemDictionary.cpp, line 210]
Event: 4.363 Thread 0x0000000019ec5000 Exception <a 'java/lang/ClassNotFoundException': build_bv02tmsacc8azaesk2s2nvtteBeanInfo> (0x00000000e107bc00) thrown at [D:\src\AOSP-openjdk-cygwin\jdk8u\hotspot\src\share\vm\classfile\systemDictionary.cpp, line 210]
Event: 4.364 Thread 0x0000000019ec5000 Exception <a 'java/lang/ClassNotFoundException': build_bv02tmsacc8azaesk2s2nvtteCustomizer> (0x00000000e10886c0) thrown at [D:\src\AOSP-openjdk-cygwin\jdk8u\hotspot\src\share\vm\classfile\systemDictionary.cpp, line 210]
Event: 4.368 Thread 0x0000000019ec5000 Exception <a 'java/lang/ClassNotFoundException': org/gradle/api/internal/plugins/DefaultObjectConfigurationActionBeanInfo> (0x00000000e1102510) thrown at [D:\src\AOSP-openjdk-cygwin\jdk8u\hotspot\src\share\vm\classfile\systemDictionary.cpp, line 210]
Event: 4.368 Thread 0x0000000019ec5000 Exception <a 'java/lang/ClassNotFoundException': org/gradle/api/internal/plugins/DefaultObjectConfigurationActionCustomizer> (0x00000000e1148700) thrown at [D:\src\AOSP-openjdk-cygwin\jdk8u\hotspot\src\share\vm\classfile\systemDictionary.cpp, line 210]
Event: 4.536 Thread 0x0000000019ec5000 Implicit null exception at 0x0000000003b7b11a to 0x0000000003b8442d

Events (10 events):
Event: 4.815 loading class org/gradle/api/plugins/JavaPluginConvention
Event: 4.815 loading class org/gradle/api/plugins/JavaPluginConvention done
Event: 4.816 loading class org/gradle/api/plugins/internal/DefaultJavaPluginConvention
Event: 4.816 loading class org/gradle/api/plugins/internal/DefaultJavaPluginConvention done
Event: 4.817 loading class org/gradle/api/tasks/SourceSet
Event: 4.817 loading class org/gradle/api/tasks/SourceSet done
Event: 4.818 loading class org/gradle/api/file/SourceDirectorySet
Event: 4.818 loading class org/gradle/api/file/SourceDirectorySet done
Event: 4.819 loading class org/gradle/api/tasks/testing/Test
Event: 4.819 loading class org/gradle/api/tasks/testing/Test done


Dynamic libraries:
0x00007ff6cc8b0000 - 0x00007ff6cc8e1000 	E:\androidstudio\jre\bin\java.exe
0x00007ff977040000 - 0x00007ff977230000 	C:\WINDOWS\SYSTEM32\ntdll.dll
0x00007ff976ed0000 - 0x00007ff976f82000 	C:\WINDOWS\System32\KERNEL32.DLL
0x00007ff974ba0000 - 0x00007ff974e43000 	C:\WINDOWS\System32\KERNELBASE.dll
0x00007ff975290000 - 0x00007ff975333000 	C:\WINDOWS\System32\ADVAPI32.dll
0x00007ff975f50000 - 0x00007ff975fee000 	C:\WINDOWS\System32\msvcrt.dll
0x00007ff9751f0000 - 0x00007ff975287000 	C:\WINDOWS\System32\sechost.dll
0x00007ff975cb0000 - 0x00007ff975dd0000 	C:\WINDOWS\System32\RPCRT4.dll
0x00007ff976830000 - 0x00007ff9769c4000 	C:\WINDOWS\System32\USER32.dll
0x00007ff973fd0000 - 0x00007ff973ff1000 	C:\WINDOWS\System32\win32u.dll
0x00007ff975a40000 - 0x00007ff975a66000 	C:\WINDOWS\System32\GDI32.dll
0x00007ff974e50000 - 0x00007ff974fe4000 	C:\WINDOWS\System32\gdi32full.dll
0x00007ff974a20000 - 0x00007ff974abe000 	C:\WINDOWS\System32\msvcp_win.dll
0x00007ff974ff0000 - 0x00007ff9750ea000 	C:\WINDOWS\System32\ucrtbase.dll
0x00007ff967f00000 - 0x00007ff968185000 	C:\WINDOWS\WinSxS\amd64_microsoft.windows.common-controls_6595b64144ccf1df_6.0.18362.657_none_e6c5b579130e3898\COMCTL32.dll
0x00007ff976b90000 - 0x00007ff976ec6000 	C:\WINDOWS\System32\combase.dll
0x00007ff9741a0000 - 0x00007ff974220000 	C:\WINDOWS\System32\bcryptPrimitives.dll
0x00007ff975dd0000 - 0x00007ff975dfe000 	C:\WINDOWS\System32\IMM32.DLL
0x0000000055a80000 - 0x0000000055b52000 	E:\androidstudio\jre\jre\bin\msvcr100.dll
0x0000000054ec0000 - 0x0000000055706000 	E:\androidstudio\jre\jre\bin\server\jvm.dll
0x00007ff9750f0000 - 0x00007ff9750f8000 	C:\WINDOWS\System32\PSAPI.DLL
0x00007ff9653f0000 - 0x00007ff9653f9000 	C:\WINDOWS\SYSTEM32\WSOCK32.dll
0x00007ff976f90000 - 0x00007ff976fff000 	C:\WINDOWS\System32\WS2_32.dll
0x00007ff971e50000 - 0x00007ff971e74000 	C:\WINDOWS\SYSTEM32\WINMM.dll
0x00007ff96e4a0000 - 0x00007ff96e4aa000 	C:\WINDOWS\SYSTEM32\VERSION.dll
0x00007ff9718d0000 - 0x00007ff9718fd000 	C:\WINDOWS\SYSTEM32\winmmbase.dll
0x00007ff974000000 - 0x00007ff97404a000 	C:\WINDOWS\System32\cfgmgr32.dll
0x00007ff965150000 - 0x00007ff96515f000 	E:\androidstudio\jre\jre\bin\verify.dll
0x00007ff964af0000 - 0x00007ff964b19000 	E:\androidstudio\jre\jre\bin\java.dll
0x00007ff9647f0000 - 0x00007ff964806000 	E:\androidstudio\jre\jre\bin\zip.dll
0x00007ff975ff0000 - 0x00007ff9766d5000 	C:\WINDOWS\System32\SHELL32.dll
0x00007ff976ae0000 - 0x00007ff976b89000 	C:\WINDOWS\System32\shcore.dll
0x00007ff974220000 - 0x00007ff97499f000 	C:\WINDOWS\System32\windows.storage.dll
0x00007ff973f90000 - 0x00007ff973faf000 	C:\WINDOWS\System32\profapi.dll
0x00007ff973f20000 - 0x00007ff973f6a000 	C:\WINDOWS\System32\powrprof.dll
0x00007ff973f10000 - 0x00007ff973f20000 	C:\WINDOWS\System32\UMPDC.dll
0x00007ff9769d0000 - 0x00007ff976a22000 	C:\WINDOWS\System32\shlwapi.dll
0x00007ff973fb0000 - 0x00007ff973fc1000 	C:\WINDOWS\System32\kernel.appcore.dll
0x00007ff974a00000 - 0x00007ff974a17000 	C:\WINDOWS\System32\cryptsp.dll
0x00007ff964120000 - 0x00007ff96413a000 	E:\androidstudio\jre\jre\bin\net.dll
0x00007ff967cb0000 - 0x00007ff967e86000 	C:\WINDOWS\SYSTEM32\urlmon.dll
0x00007ff9696a0000 - 0x00007ff969946000 	C:\WINDOWS\SYSTEM32\iertutil.dll
0x00007ff973920000 - 0x00007ff97392c000 	C:\WINDOWS\SYSTEM32\CRYPTBASE.DLL
0x00007ff973750000 - 0x00007ff9737b7000 	C:\WINDOWS\system32\mswsock.dll
0x00007ff963e20000 - 0x00007ff963e33000 	E:\androidstudio\jre\jre\bin\nio.dll
0x00007ff9707f0000 - 0x00007ff970816000 	C:\Users\Administrator\.gradle\native\30\windows-amd64\native-platform.dll
0x00007ff964980000 - 0x00007ff96498d000 	E:\androidstudio\jre\jre\bin\management.dll
0x00007ff973260000 - 0x00007ff973293000 	C:\WINDOWS\system32\rsaenh.dll
0x00007ff974b70000 - 0x00007ff974b96000 	C:\WINDOWS\System32\bcrypt.dll
0x00007ff973e00000 - 0x00007ff973e25000 	C:\WINDOWS\SYSTEM32\USERENV.dll
0x00007ff973400000 - 0x00007ff97343a000 	C:\WINDOWS\SYSTEM32\IPHLPAPI.DLL
0x00007ff9766e0000 - 0x00007ff9766e8000 	C:\WINDOWS\System32\NSI.dll
0x00007ff96a780000 - 0x00007ff96a796000 	C:\WINDOWS\SYSTEM32\dhcpcsvc6.DLL
0x00007ff96daf0000 - 0x00007ff96db0c000 	C:\WINDOWS\SYSTEM32\dhcpcsvc.DLL
0x00007ff9734a0000 - 0x00007ff97356a000 	C:\WINDOWS\SYSTEM32\DNSAPI.dll

VM Arguments:
jvm_args: -Xmx1536m -Dfile.encoding=GBK -Duser.country=CN -Duser.language=zh -Duser.variant 
java_command: org.gradle.launcher.daemon.bootstrap.GradleDaemon 5.6.4
java_class_path (initial): C:\Users\Administrator\.gradle\wrapper\dists\gradle-5.6.4-all\ankdp27end7byghfw1q2sw75f\gradle-5.6.4\lib\gradle-launcher-5.6.4.jar
Launcher Type: SUN_STANDARD

Environment Variables:
PATH=C:\WINDOWS\system32;C:\WINDOWS;C:\WINDOWS\System32\Wbem;C:\WINDOWS\System32\WindowsPowerShell\v1.0\;C:\WINDOWS\System32\OpenSSH\;C:\Program Files (x86)\NVIDIA Corporation\PhysX\Common;C:\Program Files\NVIDIA Corporation\NVIDIA NvDLISR;C:\WINDOWS\system32;C:\WINDOWS;C:\WINDOWS\System32\Wbem;C:\WINDOWS\System32\WindowsPowerShell\v1.0\;C:\WINDOWS\System32\OpenSSH\;C:\Users\Administrator\AppData\Local\Microsoft\WindowsApps;
USERNAME=Administrator
OS=Windows_NT
PROCESSOR_IDENTIFIER=Intel64 Family 6 Model 158 Stepping 9, GenuineIntel



---------------  S Y S T E M  ---------------

OS: Windows 10.0 , 64 bit Build 18362 (10.0.18362.329)

CPU:total 4 (initial active 4) (4 cores per cpu, 1 threads per core) family 6 model 158 stepping 9, cmov, cx8, fxsr, mmx, sse, sse2, sse3, ssse3, sse4.1, sse4.2, popcnt, avx, avx2, aes, clmul, erms, 3dnowpref, lzcnt, tsc, tscinvbit, bmi1, bmi2, adx

Memory: 4k page, physical 8338836k(2516856k free), swap 9325168k(5336k free)

vm_info: OpenJDK 64-Bit Server VM (25.212-b04) for windows-amd64 JRE (1.8.0_212-release-1586-b04), built by "builder" with MS VC++ 10.0 (VS2010)

time: Sun Mar 01 16:58:32 2020
timezone: 中国标准时间
elapsed time: 4 seconds (0d 0h 0m 4s)

