#
# There is insufficient memory for the Java Runtime Environment to continue.
# Native memory allocation (malloc) failed to allocate 1036256 bytes for Chunk::new
# Possible reasons:
#   The system is out of physical RAM or swap space
#   The process is running with CompressedOops enabled, and the Java Heap may be blocking the growth of the native heap
# Possible solutions:
#   Reduce memory load on the system
#   Increase physical memory or swap space
#   Check if swap backing store is full
#   Decrease Java heap size (-Xmx/-Xms)
#   Decrease number of Java threads
#   Decrease Java thread stack sizes (-Xss)
#   Set larger code cache with -XX:ReservedCodeCacheSize=
#   JVM is running with Unscaled Compressed Oops mode in which the Java heap is
#     placed in the first 4GB address space. The Java Heap base address is the
#     maximum limit for the native heap growth. Please use -XX:HeapBaseMinAddress
#     to set the Java Heap base and to place the Java Heap above 4GB virtual address.
# This output file may be truncated or incomplete.
#
#  Out of Memory Error (allocation.cpp:389), pid=10620, tid=0x0000000000000338
#
# JRE version: OpenJDK Runtime Environment (8.0_212-b04) (build 1.8.0_212-release-1586-b04)
# Java VM: OpenJDK 64-Bit Server VM (25.212-b04 mixed mode windows-amd64 compressed oops)
# Failed to write core dump. Minidumps are not enabled by default on client versions of Windows
#

---------------  T H R E A D  ---------------

Current thread (0x00000000166e8000):  JavaThread "C2 CompilerThread0" daemon [_thread_in_native, id=824, stack(0x0000000018010000,0x0000000018110000)]

Stack: [0x0000000018010000,0x0000000018110000]
[error occurred during error reporting (printing stack bounds), id 0xc0000005]

Native frames: (J=compiled Java code, j=interpreted, Vv=VM code, C=native code)


Current CompileTask:
C2:   4255 3464       4       org.objectweb.asm.Frame::execute (2318 bytes)


---------------  P R O C E S S  ---------------

Java Threads: ( => current thread )
  0x000000001a650000 JavaThread "Build operations Thread 4" [_thread_blocked, id=9388, stack(0x00000000216b0000,0x00000000217b0000)]
  0x000000001a653000 JavaThread "Build operations Thread 3" [_thread_blocked, id=4712, stack(0x00000000215b0000,0x00000000216b0000)]
  0x000000001a655800 JavaThread "Build operations Thread 2" [_thread_blocked, id=6384, stack(0x00000000214b0000,0x00000000215b0000)]
  0x000000001a651800 JavaThread "Build operations" [_thread_blocked, id=7460, stack(0x00000000213b0000,0x00000000214b0000)]
  0x000000001a651000 JavaThread "Cache worker for execution history cache (C:\Users\Administrator\.gradle\caches\5.6.4\executionHistory)" [_thread_blocked, id=5948, stack(0x000000001e450000,0x000000001e550000)]
  0x0000000019b61800 JavaThread "Cache worker for cache directory md-rule (C:\Users\Administrator\.gradle\caches\5.6.4\md-rule)" [_thread_blocked, id=8764, stack(0x00000000202e0000,0x00000000203e0000)]
  0x0000000019b5f800 JavaThread "Cache worker for cache directory md-supplier (C:\Users\Administrator\.gradle\caches\5.6.4\md-supplier)" [_thread_blocked, id=5300, stack(0x000000001e730000,0x000000001e830000)]
  0x0000000019b66000 JavaThread "Cache worker for file hash cache (C:\Users\Administrator\AndroidStudioProjects\MyApplication\.gradle\5.6.4\fileHashes)" [_thread_blocked, id=3452, stack(0x000000001e630000,0x000000001e730000)]
  0x0000000019b64800 JavaThread "Cache worker for journal cache (C:\Users\Administrator\.gradle\caches\journal-1)" [_thread_blocked, id=9256, stack(0x000000001beb0000,0x000000001bfb0000)]
  0x0000000019b63000 JavaThread "File lock request listener" [_thread_in_native, id=8120, stack(0x000000001bdb0000,0x000000001beb0000)]
  0x0000000019b65800 JavaThread "Cache worker for file hash cache (C:\Users\Administrator\.gradle\caches\5.6.4\fileHashes)" [_thread_blocked, id=4368, stack(0x000000001bcb0000,0x000000001bdb0000)]
  0x000000001a00a000 JavaThread "Thread-9" [_thread_blocked, id=8812, stack(0x000000001b9b0000,0x000000001bab0000)]
  0x0000000019f9c000 JavaThread "Stdin handler" [_thread_blocked, id=10408, stack(0x000000001b8b0000,0x000000001b9b0000)]
  0x000000001a01c800 JavaThread "Asynchronous log dispatcher for DefaultDaemonConnection: socket connection from /127.0.0.1:54500 to /127.0.0.1:54501" [_thread_blocked, id=10184, stack(0x000000001b7b0000,0x000000001b8b0000)]
  0x000000001a01f800 JavaThread "Daemon worker" [_thread_in_vm, id=9604, stack(0x000000001b6b0000,0x000000001b7b0000)]
  0x000000001a01f000 JavaThread "Cancel handler" [_thread_blocked, id=6048, stack(0x000000001b5b0000,0x000000001b6b0000)]
  0x0000000019f29000 JavaThread "Handler for socket connection from /127.0.0.1:54500 to /127.0.0.1:54501" [_thread_in_native, id=4604, stack(0x000000001b2b0000,0x000000001b3b0000)]
  0x0000000019f25800 JavaThread "Daemon" [_thread_blocked, id=3680, stack(0x000000001b1b0000,0x000000001b2b0000)]
  0x0000000019f79800 JavaThread "Daemon periodic checks" [_thread_blocked, id=8972, stack(0x000000001b0b0000,0x000000001b1b0000)]
  0x0000000019f70800 JavaThread "Incoming local TCP Connector on port 54500" [_thread_in_native, id=6388, stack(0x000000001afb0000,0x000000001b0b0000)]
  0x0000000017b27000 JavaThread "Daemon health stats" [_thread_blocked, id=2752, stack(0x000000001acb0000,0x000000001adb0000)]
  0x0000000017a9d000 JavaThread "Service Thread" daemon [_thread_blocked, id=9276, stack(0x0000000018310000,0x0000000018410000)]
  0x0000000017a1e800 JavaThread "C1 CompilerThread2" daemon [_thread_in_native, id=2776, stack(0x0000000018210000,0x0000000018310000)]
  0x00000000166ec000 JavaThread "C2 CompilerThread1" daemon [_thread_in_native, id=8780, stack(0x0000000018110000,0x0000000018210000)]
=>0x00000000166e8000 JavaThread "C2 CompilerThread0" daemon [_thread_in_native, id=824, stack(0x0000000018010000,0x0000000018110000)]
  0x000000001669c000 JavaThread "Attach Listener" daemon [_thread_blocked, id=10204, stack(0x0000000017f10000,0x0000000018010000)]
  0x0000000017a18800 JavaThread "Signal Dispatcher" daemon [_thread_blocked, id=2576, stack(0x0000000017e10000,0x0000000017f10000)]
  0x0000000002d19800 JavaThread "Finalizer" daemon [_thread_blocked, id=2176, stack(0x0000000017910000,0x0000000017a10000)]
  0x0000000002d11000 JavaThread "Reference Handler" daemon [_thread_blocked, id=2884, stack(0x0000000017810000,0x0000000017910000)]
  0x000000000274d800 JavaThread "main" [_thread_blocked, id=9456, stack(0x0000000002b20000,0x0000000002c20000)]

Other Threads:
  0x0000000016656800 VMThread [stack: 0x0000000017710000,0x0000000017810000] [id=4960]
  0x0000000017a9d800 WatcherThread [stack: 0x0000000018410000,0x0000000018510000] [id=5584]

VM state:not at safepoint (normal execution)

VM Mutex/Monitor currently owned by a thread: None

heap address: 0x00000000a0000000, size: 1536 MB, Compressed Oops mode: 32-bit
Narrow klass base: 0x0000000000000000, Narrow klass shift: 3
Compressed class space size: 1073741824 Address: 0x0000000100000000

Heap:
 PSYoungGen      total 120320K, used 26527K [0x00000000e0000000, 0x00000000e8180000, 0x0000000100000000)
  eden space 108544K, 24% used [0x00000000e0000000,0x00000000e19e7c98,0x00000000e6a00000)
  from space 11776K, 0% used [0x00000000e6a00000,0x00000000e6a00000,0x00000000e7580000)
  to   space 11776K, 0% used [0x00000000e7580000,0x00000000e7580000,0x00000000e8100000)
 ParOldGen       total 88576K, used 17558K [0x00000000a0000000, 0x00000000a5680000, 0x00000000e0000000)
  object space 88576K, 19% used [0x00000000a0000000,0x00000000a1125a18,0x00000000a5680000)
 Metaspace       used 35371K, capacity 36388K, committed 36736K, reserved 1081344K
  class space    used 4864K, capacity 5121K, committed 5248K, reserved 1048576K

Card table byte_map: [0x00000000120e0000,0x00000000123f0000] byte_map_base: 0x0000000011be0000

Marking Bits: (ParMarkBitMap*) 0x0000000055689f30
 Begin Bits: [0x00000000129f0000, 0x00000000141f0000)
 End Bits:   [0x00000000141f0000, 0x00000000159f0000)

Polling page: 0x00000000005f0000

CodeCache: size=245760Kb used=12225Kb max_used=12225Kb free=233534Kb
 bounds [0x0000000002d20000, 0x0000000003920000, 0x0000000011d20000]
 total_blobs=4227 nmethods=3522 adapters=617
 compilation: enabled

Compilation events (10 events):
Event: 4.238 Thread 0x0000000017a1e800 3525       1       com.google.common.collect.MapMakerInternalMap$StrongKeyWeakValueSegment::access$100 (5 bytes)
Event: 4.238 Thread 0x0000000017a1e800 nmethod 3525 0x000000000390d490 code [0x000000000390d5e0, 0x000000000390d6d0]
Event: 4.238 Thread 0x0000000017a1e800 3522       3       com.google.common.cache.LocalCache$LoadingValueReference::<init> (8 bytes)
Event: 4.239 Thread 0x0000000017a1e800 nmethod 3522 0x000000000390d750 code [0x000000000390d920, 0x000000000390e050]
Event: 4.239 Thread 0x0000000017a1e800 3523       3       com.google.common.base.Stopwatch::createUnstarted (8 bytes)
Event: 4.239 Thread 0x0000000017a1e800 nmethod 3523 0x000000000390e510 code [0x000000000390e680, 0x000000000390e950]
Event: 4.239 Thread 0x0000000017a1e800 3526       3       java.util.regex.Pattern$Curly::study (153 bytes)
Event: 4.239 Thread 0x0000000017a1e800 nmethod 3526 0x000000000390ea90 code [0x000000000390ec20, 0x000000000390f1d8]
Event: 4.251 Thread 0x0000000017a1e800 3527       1       com.google.common.collect.MapMakerInternalMap$AbstractStrongKeyEntry::getKey (5 bytes)
Event: 4.251 Thread 0x0000000017a1e800 nmethod 3527 0x000000000390f390 code [0x000000000390f4e0, 0x000000000390f5f0]

GC Heap History (10 events):
Event: 2.446 GC heap before
{Heap before GC invocations=7 (full 1):
 PSYoungGen      total 76800K, used 8790K [0x00000000e0000000, 0x00000000e5700000, 0x0000000100000000)
  eden space 66048K, 0% used [0x00000000e0000000,0x00000000e0000000,0x00000000e4080000)
  from space 10752K, 81% used [0x00000000e4b80000,0x00000000e5415910,0x00000000e5600000)
  to   space 11264K, 0% used [0x00000000e4080000,0x00000000e4080000,0x00000000e4b80000)
 ParOldGen       total 87552K, used 8161K [0x00000000a0000000, 0x00000000a5580000, 0x00000000e0000000)
  object space 87552K, 9% used [0x00000000a0000000,0x00000000a07f8688,0x00000000a5580000)
 Metaspace       used 20624K, capacity 21178K, committed 21296K, reserved 1067008K
  class space    used 2975K, capacity 3133K, committed 3200K, reserved 1048576K
Event: 2.476 GC heap after
Heap after GC invocations=7 (full 1):
 PSYoungGen      total 76800K, used 0K [0x00000000e0000000, 0x00000000e5700000, 0x0000000100000000)
  eden space 66048K, 0% used [0x00000000e0000000,0x00000000e0000000,0x00000000e4080000)
  from space 10752K, 0% used [0x00000000e4b80000,0x00000000e4b80000,0x00000000e5600000)
  to   space 11264K, 0% used [0x00000000e4080000,0x00000000e4080000,0x00000000e4b80000)
 ParOldGen       total 58880K, used 9748K [0x00000000a0000000, 0x00000000a3980000, 0x00000000e0000000)
  object space 58880K, 16% used [0x00000000a0000000,0x00000000a09851a0,0x00000000a3980000)
 Metaspace       used 20624K, capacity 21178K, committed 21296K, reserved 1067008K
  class space    used 2975K, capacity 3133K, committed 3200K, reserved 1048576K
}
Event: 3.065 GC heap before
{Heap before GC invocations=8 (full 1):
 PSYoungGen      total 76800K, used 66048K [0x00000000e0000000, 0x00000000e5700000, 0x0000000100000000)
  eden space 66048K, 100% used [0x00000000e0000000,0x00000000e4080000,0x00000000e4080000)
  from space 10752K, 0% used [0x00000000e4b80000,0x00000000e4b80000,0x00000000e5600000)
  to   space 11264K, 0% used [0x00000000e4080000,0x00000000e4080000,0x00000000e4b80000)
 ParOldGen       total 58880K, used 9748K [0x00000000a0000000, 0x00000000a3980000, 0x00000000e0000000)
  object space 58880K, 16% used [0x00000000a0000000,0x00000000a09851a0,0x00000000a3980000)
 Metaspace       used 29074K, capacity 29640K, committed 29952K, reserved 1075200K
  class space    used 3916K, capacity 4071K, committed 4096K, reserved 1048576K
Event: 3.072 GC heap after
Heap after GC invocations=8 (full 1):
 PSYoungGen      total 77312K, used 8128K [0x00000000e0000000, 0x00000000e8100000, 0x0000000100000000)
  eden space 66048K, 0% used [0x00000000e0000000,0x00000000e0000000,0x00000000e4080000)
  from space 11264K, 72% used [0x00000000e4080000,0x00000000e4870068,0x00000000e4b80000)
  to   space 11776K, 0% used [0x00000000e7580000,0x00000000e7580000,0x00000000e8100000)
 ParOldGen       total 58880K, used 9756K [0x00000000a0000000, 0x00000000a3980000, 0x00000000e0000000)
  object space 58880K, 16% used [0x00000000a0000000,0x00000000a09871a0,0x00000000a3980000)
 Metaspace       used 29074K, capacity 29640K, committed 29952K, reserved 1075200K
  class space    used 3916K, capacity 4071K, committed 4096K, reserved 1048576K
}
Event: 3.460 GC heap before
{Heap before GC invocations=9 (full 1):
 PSYoungGen      total 77312K, used 74176K [0x00000000e0000000, 0x00000000e8100000, 0x0000000100000000)
  eden space 66048K, 100% used [0x00000000e0000000,0x00000000e4080000,0x00000000e4080000)
  from space 11264K, 72% used [0x00000000e4080000,0x00000000e4870068,0x00000000e4b80000)
  to   space 11776K, 0% used [0x00000000e7580000,0x00000000e7580000,0x00000000e8100000)
 ParOldGen       total 58880K, used 9756K [0x00000000a0000000, 0x00000000a3980000, 0x00000000e0000000)
  object space 58880K, 16% used [0x00000000a0000000,0x00000000a09871a0,0x00000000a3980000)
 Metaspace       used 31994K, capacity 32668K, committed 32768K, reserved 1077248K
  class space    used 4385K, capacity 4591K, committed 4608K, reserved 1048576K
Event: 3.470 GC heap after
Heap after GC invocations=9 (full 1):
 PSYoungGen      total 120320K, used 8847K [0x00000000e0000000, 0x00000000e8180000, 0x0000000100000000)
  eden space 108544K, 0% used [0x00000000e0000000,0x00000000e0000000,0x00000000e6a00000)
  from space 11776K, 75% used [0x00000000e7580000,0x00000000e7e23d70,0x00000000e8100000)
  to   space 11776K, 0% used [0x00000000e6a00000,0x00000000e6a00000,0x00000000e7580000)
 ParOldGen       total 58880K, used 9764K [0x00000000a0000000, 0x00000000a3980000, 0x00000000e0000000)
  object space 58880K, 16% used [0x00000000a0000000,0x00000000a09891a0,0x00000000a3980000)
 Metaspace       used 31994K, capacity 32668K, committed 32768K, reserved 1077248K
  class space    used 4385K, capacity 4591K, committed 4608K, reserved 1048576K
}
Event: 3.979 GC heap before
{Heap before GC invocations=10 (full 1):
 PSYoungGen      total 120320K, used 67728K [0x00000000e0000000, 0x00000000e8180000, 0x0000000100000000)
  eden space 108544K, 54% used [0x00000000e0000000,0x00000000e3980330,0x00000000e6a00000)
  from space 11776K, 75% used [0x00000000e7580000,0x00000000e7e23d70,0x00000000e8100000)
  to   space 11776K, 0% used [0x00000000e6a00000,0x00000000e6a00000,0x00000000e7580000)
 ParOldGen       total 58880K, used 9764K [0x00000000a0000000, 0x00000000a3980000, 0x00000000e0000000)
  object space 58880K, 16% used [0x00000000a0000000,0x00000000a09891a0,0x00000000a3980000)
 Metaspace       used 34528K, capacity 35332K, committed 35456K, reserved 1079296K
  class space    used 4727K, capacity 4925K, committed 4992K, reserved 1048576K
Event: 3.987 GC heap after
Heap after GC invocations=10 (full 1):
 PSYoungGen      total 120320K, used 10374K [0x00000000e0000000, 0x00000000e8180000, 0x0000000100000000)
  eden space 108544K, 0% used [0x00000000e0000000,0x00000000e0000000,0x00000000e6a00000)
  from space 11776K, 88% used [0x00000000e6a00000,0x00000000e7421b80,0x00000000e7580000)
  to   space 11776K, 0% used [0x00000000e7580000,0x00000000e7580000,0x00000000e8100000)
 ParOldGen       total 58880K, used 9772K [0x00000000a0000000, 0x00000000a3980000, 0x00000000e0000000)
  object space 58880K, 16% used [0x00000000a0000000,0x00000000a098b1a0,0x00000000a3980000)
 Metaspace       used 34528K, capacity 35332K, committed 35456K, reserved 1079296K
  class space    used 4727K, capacity 4925K, committed 4992K, reserved 1048576K
}
Event: 3.987 GC heap before
{Heap before GC invocations=11 (full 2):
 PSYoungGen      total 120320K, used 10374K [0x00000000e0000000, 0x00000000e8180000, 0x0000000100000000)
  eden space 108544K, 0% used [0x00000000e0000000,0x00000000e0000000,0x00000000e6a00000)
  from space 11776K, 88% used [0x00000000e6a00000,0x00000000e7421b80,0x00000000e7580000)
  to   space 11776K, 0% used [0x00000000e7580000,0x00000000e7580000,0x00000000e8100000)
 ParOldGen       total 58880K, used 9772K [0x00000000a0000000, 0x00000000a3980000, 0x00000000e0000000)
  object space 58880K, 16% used [0x00000000a0000000,0x00000000a098b1a0,0x00000000a3980000)
 Metaspace       used 34528K, capacity 35332K, committed 35456K, reserved 1079296K
  class space    used 4727K, capacity 4925K, committed 4992K, reserved 1048576K
Event: 4.027 GC heap after
Heap after GC invocations=11 (full 2):
 PSYoungGen      total 120320K, used 0K [0x00000000e0000000, 0x00000000e8180000, 0x0000000100000000)
  eden space 108544K, 0% used [0x00000000e0000000,0x00000000e0000000,0x00000000e6a00000)
  from space 11776K, 0% used [0x00000000e6a00000,0x00000000e6a00000,0x00000000e7580000)
  to   space 11776K, 0% used [0x00000000e7580000,0x00000000e7580000,0x00000000e8100000)
 ParOldGen       total 88576K, used 17558K [0x00000000a0000000, 0x00000000a5680000, 0x00000000e0000000)
  object space 88576K, 19% used [0x00000000a0000000,0x00000000a1125a18,0x00000000a5680000)
 Metaspace       used 34521K, capacity 35308K, committed 35456K, reserved 1079296K
  class space    used 4724K, capacity 4921K, committed 4992K, reserved 1048576K
}

Deoptimization events (10 events):
Event: 3.443 Thread 0x000000001a01f800 Uncommon trap: reason=unstable_if action=reinterpret pc=0x0000000002e99188 method=java.net.URI.match(CJJ)Z @ 19
Event: 3.684 Thread 0x000000001a01f800 Uncommon trap: reason=unstable_if action=reinterpret pc=0x00000000032e81a8 method=java.util.regex.Pattern$BmpCharProperty.match(Ljava/util/regex/Matcher;ILjava/lang/CharSequence;)Z @ 34
Event: 3.865 Thread 0x000000001a01f800 Uncommon trap: reason=class_check action=maybe_recompile pc=0x00000000032e29b0 method=java.util.concurrent.ConcurrentHashMap.putVal(Ljava/lang/Object;Ljava/lang/Object;Z)Ljava/lang/Object; @ 192
Event: 3.865 Thread 0x000000001a651800 Uncommon trap: reason=class_check action=maybe_recompile pc=0x00000000032e29b0 method=java.util.concurrent.ConcurrentHashMap.putVal(Ljava/lang/Object;Ljava/lang/Object;Z)Ljava/lang/Object; @ 192
Event: 3.865 Thread 0x000000001a01f800 Uncommon trap: reason=class_check action=maybe_recompile pc=0x00000000032e29b0 method=java.util.concurrent.ConcurrentHashMap.putVal(Ljava/lang/Object;Ljava/lang/Object;Z)Ljava/lang/Object; @ 192
Event: 3.866 Thread 0x000000001a651800 Uncommon trap: reason=unstable_if action=reinterpret pc=0x00000000032e2974 method=java.util.concurrent.ConcurrentHashMap.putVal(Ljava/lang/Object;Ljava/lang/Object;Z)Ljava/lang/Object; @ 98
Event: 4.067 Thread 0x000000001a01f800 Uncommon trap: reason=bimorphic action=maybe_recompile pc=0x0000000003516354 method=java.util.AbstractCollection.addAll(Ljava/util/Collection;)Z @ 29
Event: 4.135 Thread 0x000000001a01f800 Uncommon trap: reason=unstable_if action=reinterpret pc=0x0000000003634078 method=org.codehaus.groovy.reflection.CachedMethod.compareToMethod(Ljava/lang/reflect/Method;)I @ 111
Event: 4.149 Thread 0x000000001a01f800 Uncommon trap: reason=range_check action=make_not_entrant pc=0x000000000384b090 method=java.lang.String.charAt(I)C @ 27
Event: 4.196 Thread 0x000000001a01f800 Uncommon trap: reason=bimorphic action=maybe_recompile pc=0x0000000003516354 method=java.util.AbstractCollection.addAll(Ljava/util/Collection;)Z @ 29

Classes redefined (0 events):
No events

Internal exceptions (10 events):
Event: 4.184 Thread 0x000000001a01f800 Exception <a 'java/lang/ClassNotFoundException': org/gradle/api/internal/AbstractTaskBeanInfo> (0x00000000e10ede28) thrown at [D:\src\AOSP-openjdk-cygwin\jdk8u\hotspot\src\share\vm\classfile\systemDictionary.cpp, line 210]
Event: 4.184 Thread 0x000000001a01f800 Exception <a 'java/lang/ClassNotFoundException': org/gradle/api/internal/AbstractTaskCustomizer> (0x00000000e1122ed0) thrown at [D:\src\AOSP-openjdk-cygwin\jdk8u\hotspot\src\share\vm\classfile\systemDictionary.cpp, line 210]
Event: 4.187 Thread 0x000000001a01f800 Exception <a 'java/lang/ClassNotFoundException': org/gradle/api/DefaultTaskCustomizer> (0x00000000e11b0818) thrown at [D:\src\AOSP-openjdk-cygwin\jdk8u\hotspot\src\share\vm\classfile\systemDictionary.cpp, line 210]
Event: 4.188 Thread 0x000000001a01f800 Exception <a 'java/lang/ClassNotFoundException': org/gradle/api/internal/ConventionTaskCustomizer> (0x00000000e11f5338) thrown at [D:\src\AOSP-openjdk-cygwin\jdk8u\hotspot\src\share\vm\classfile\systemDictionary.cpp, line 210]
Event: 4.189 Thread 0x000000001a01f800 Exception <a 'java/lang/ClassNotFoundException': org/gradle/api/tasks/DeleteCustomizer> (0x00000000e12362a0) thrown at [D:\src\AOSP-openjdk-cygwin\jdk8u\hotspot\src\share\vm\classfile\systemDictionary.cpp, line 210]
Event: 4.190 Thread 0x000000001a01f800 Exception <a 'java/lang/ClassNotFoundException': org/gradle/api/tasks/Delete_DecoratedCustomizer> (0x00000000e1285138) thrown at [D:\src\AOSP-openjdk-cygwin\jdk8u\hotspot\src\share\vm\classfile\systemDictionary.cpp, line 210]
Event: 4.208 Thread 0x000000001a01f800 Exception <a 'java/lang/ClassNotFoundException': build_bv02tmsacc8azaesk2s2nvtteBeanInfo> (0x00000000e13a83b0) thrown at [D:\src\AOSP-openjdk-cygwin\jdk8u\hotspot\src\share\vm\classfile\systemDictionary.cpp, line 210]
Event: 4.208 Thread 0x000000001a01f800 Exception <a 'java/lang/ClassNotFoundException': build_bv02tmsacc8azaesk2s2nvtteCustomizer> (0x00000000e13b4e70) thrown at [D:\src\AOSP-openjdk-cygwin\jdk8u\hotspot\src\share\vm\classfile\systemDictionary.cpp, line 210]
Event: 4.212 Thread 0x000000001a01f800 Exception <a 'java/lang/ClassNotFoundException': org/gradle/api/internal/plugins/DefaultObjectConfigurationActionBeanInfo> (0x00000000e142ec10) thrown at [D:\src\AOSP-openjdk-cygwin\jdk8u\hotspot\src\share\vm\classfile\systemDictionary.cpp, line 210]
Event: 4.213 Thread 0x000000001a01f800 Exception <a 'java/lang/ClassNotFoundException': org/gradle/api/internal/plugins/DefaultObjectConfigurationActionCustomizer> (0x00000000e1474e80) thrown at [D:\src\AOSP-openjdk-cygwin\jdk8u\hotspot\src\share\vm\classfile\systemDictionary.cpp, line 210]

Events (10 events):
Event: 4.252 loading class com/google/common/base/Preconditions
Event: 4.252 loading class com/google/common/base/Preconditions done
Event: 4.253 loading class com/google/common/base/Splitter$1
Event: 4.253 loading class com/google/common/base/Splitter$1 done
Event: 4.253 loading class com/google/common/base/Splitter$SplittingIterator
Event: 4.253 loading class com/google/common/base/Splitter$SplittingIterator done
Event: 4.253 loading class com/google/common/base/AbstractIterator
Event: 4.253 loading class com/google/common/base/AbstractIterator done
Event: 4.254 loading class com/google/common/base/Splitter$1$1
Event: 4.254 loading class com/google/common/base/Splitter$1$1 done


Dynamic libraries:
0x00007ff6cc8b0000 - 0x00007ff6cc8e1000 	E:\androidstudio\jre\bin\java.exe
0x00007ff977040000 - 0x00007ff977230000 	C:\WINDOWS\SYSTEM32\ntdll.dll
0x00007ff976ed0000 - 0x00007ff976f82000 	C:\WINDOWS\System32\KERNEL32.DLL
0x00007ff974ba0000 - 0x00007ff974e43000 	C:\WINDOWS\System32\KERNELBASE.dll
0x00007ff975290000 - 0x00007ff975333000 	C:\WINDOWS\System32\ADVAPI32.dll
0x00007ff975f50000 - 0x00007ff975fee000 	C:\WINDOWS\System32\msvcrt.dll
0x00007ff9751f0000 - 0x00007ff975287000 	C:\WINDOWS\System32\sechost.dll
0x00007ff975cb0000 - 0x00007ff975dd0000 	C:\WINDOWS\System32\RPCRT4.dll
0x00007ff976830000 - 0x00007ff9769c4000 	C:\WINDOWS\System32\USER32.dll
0x00007ff973fd0000 - 0x00007ff973ff1000 	C:\WINDOWS\System32\win32u.dll
0x00007ff975a40000 - 0x00007ff975a66000 	C:\WINDOWS\System32\GDI32.dll
0x00007ff974e50000 - 0x00007ff974fe4000 	C:\WINDOWS\System32\gdi32full.dll
0x00007ff974a20000 - 0x00007ff974abe000 	C:\WINDOWS\System32\msvcp_win.dll
0x00007ff974ff0000 - 0x00007ff9750ea000 	C:\WINDOWS\System32\ucrtbase.dll
0x00007ff967f00000 - 0x00007ff968185000 	C:\WINDOWS\WinSxS\amd64_microsoft.windows.common-controls_6595b64144ccf1df_6.0.18362.657_none_e6c5b579130e3898\COMCTL32.dll
0x00007ff976b90000 - 0x00007ff976ec6000 	C:\WINDOWS\System32\combase.dll
0x00007ff9741a0000 - 0x00007ff974220000 	C:\WINDOWS\System32\bcryptPrimitives.dll
0x00007ff975dd0000 - 0x00007ff975dfe000 	C:\WINDOWS\System32\IMM32.DLL
0x0000000055a80000 - 0x0000000055b52000 	E:\androidstudio\jre\jre\bin\msvcr100.dll
0x0000000054ec0000 - 0x0000000055706000 	E:\androidstudio\jre\jre\bin\server\jvm.dll
0x00007ff9750f0000 - 0x00007ff9750f8000 	C:\WINDOWS\System32\PSAPI.DLL
0x00007ff971e50000 - 0x00007ff971e74000 	C:\WINDOWS\SYSTEM32\WINMM.dll
0x00007ff96e4a0000 - 0x00007ff96e4aa000 	C:\WINDOWS\SYSTEM32\VERSION.dll
0x00007ff9653f0000 - 0x00007ff9653f9000 	C:\WINDOWS\SYSTEM32\WSOCK32.dll
0x00007ff976f90000 - 0x00007ff976fff000 	C:\WINDOWS\System32\WS2_32.dll
0x00007ff9718d0000 - 0x00007ff9718fd000 	C:\WINDOWS\SYSTEM32\winmmbase.dll
0x00007ff974000000 - 0x00007ff97404a000 	C:\WINDOWS\System32\cfgmgr32.dll
0x00007ff965150000 - 0x00007ff96515f000 	E:\androidstudio\jre\jre\bin\verify.dll
0x00007ff964af0000 - 0x00007ff964b19000 	E:\androidstudio\jre\jre\bin\java.dll
0x00007ff9647f0000 - 0x00007ff964806000 	E:\androidstudio\jre\jre\bin\zip.dll
0x00007ff975ff0000 - 0x00007ff9766d5000 	C:\WINDOWS\System32\SHELL32.dll
0x00007ff976ae0000 - 0x00007ff976b89000 	C:\WINDOWS\System32\shcore.dll
0x00007ff974220000 - 0x00007ff97499f000 	C:\WINDOWS\System32\windows.storage.dll
0x00007ff973f90000 - 0x00007ff973faf000 	C:\WINDOWS\System32\profapi.dll
0x00007ff973f20000 - 0x00007ff973f6a000 	C:\WINDOWS\System32\powrprof.dll
0x00007ff973f10000 - 0x00007ff973f20000 	C:\WINDOWS\System32\UMPDC.dll
0x00007ff9769d0000 - 0x00007ff976a22000 	C:\WINDOWS\System32\shlwapi.dll
0x00007ff973fb0000 - 0x00007ff973fc1000 	C:\WINDOWS\System32\kernel.appcore.dll
0x00007ff974a00000 - 0x00007ff974a17000 	C:\WINDOWS\System32\cryptsp.dll
0x00007ff964120000 - 0x00007ff96413a000 	E:\androidstudio\jre\jre\bin\net.dll
0x00007ff967cb0000 - 0x00007ff967e86000 	C:\WINDOWS\SYSTEM32\urlmon.dll
0x00007ff9696a0000 - 0x00007ff969946000 	C:\WINDOWS\SYSTEM32\iertutil.dll
0x00007ff973920000 - 0x00007ff97392c000 	C:\WINDOWS\SYSTEM32\CRYPTBASE.DLL
0x00007ff973750000 - 0x00007ff9737b7000 	C:\WINDOWS\system32\mswsock.dll
0x00007ff963e20000 - 0x00007ff963e33000 	E:\androidstudio\jre\jre\bin\nio.dll
0x00007ff9707f0000 - 0x00007ff970816000 	C:\Users\Administrator\.gradle\native\30\windows-amd64\native-platform.dll
0x00007ff964980000 - 0x00007ff96498d000 	E:\androidstudio\jre\jre\bin\management.dll
0x00007ff973260000 - 0x00007ff973293000 	C:\WINDOWS\system32\rsaenh.dll
0x00007ff974b70000 - 0x00007ff974b96000 	C:\WINDOWS\System32\bcrypt.dll
0x00007ff973e00000 - 0x00007ff973e25000 	C:\WINDOWS\SYSTEM32\USERENV.dll
0x00007ff973400000 - 0x00007ff97343a000 	C:\WINDOWS\SYSTEM32\IPHLPAPI.DLL
0x00007ff9766e0000 - 0x00007ff9766e8000 	C:\WINDOWS\System32\NSI.dll
0x00007ff96a780000 - 0x00007ff96a796000 	C:\WINDOWS\SYSTEM32\dhcpcsvc6.DLL
0x00007ff96daf0000 - 0x00007ff96db0c000 	C:\WINDOWS\SYSTEM32\dhcpcsvc.DLL
0x00007ff9734a0000 - 0x00007ff97356a000 	C:\WINDOWS\SYSTEM32\DNSAPI.dll

VM Arguments:
jvm_args: -Xmx1536m -Dfile.encoding=GBK -Duser.country=CN -Duser.language=zh -Duser.variant 
java_command: org.gradle.launcher.daemon.bootstrap.GradleDaemon 5.6.4
java_class_path (initial): C:\Users\Administrator\.gradle\wrapper\dists\gradle-5.6.4-all\ankdp27end7byghfw1q2sw75f\gradle-5.6.4\lib\gradle-launcher-5.6.4.jar
Launcher Type: SUN_STANDARD

Environment Variables:
PATH=C:\WINDOWS\system32;C:\WINDOWS;C:\WINDOWS\System32\Wbem;C:\WINDOWS\System32\WindowsPowerShell\v1.0\;C:\WINDOWS\System32\OpenSSH\;C:\Program Files (x86)\NVIDIA Corporation\PhysX\Common;C:\Program Files\NVIDIA Corporation\NVIDIA NvDLISR;C:\WINDOWS\system32;C:\WINDOWS;C:\WINDOWS\System32\Wbem;C:\WINDOWS\System32\WindowsPowerShell\v1.0\;C:\WINDOWS\System32\OpenSSH\;C:\Users\Administrator\AppData\Local\Microsoft\WindowsApps;
USERNAME=Administrator
OS=Windows_NT
PROCESSOR_IDENTIFIER=Intel64 Family 6 Model 158 Stepping 9, GenuineIntel



---------------  S Y S T E M  ---------------

OS: Windows 10.0 , 64 bit Build 18362 (10.0.18362.329)

CPU:total 4 (initial active 4) (4 cores per cpu, 1 threads per core) family 6 model 158 stepping 9, cmov, cx8, fxsr, mmx, sse, sse2, sse3, ssse3, sse4.1, sse4.2, popcnt, avx, avx2, aes, clmul, erms, 3dnowpref, lzcnt, tsc, tscinvbit, bmi1, bmi2, adx

Memory: 4k page, physical 8338836k(2496492k free), swap 9325168k(5388k free)

vm_info: OpenJDK 64-Bit Server VM (25.212-b04) for windows-amd64 JRE (1.8.0_212-release-1586-b04), built by "builder" with MS VC++ 10.0 (VS2010)

time: Sun Mar 01 16:59:37 2020
timezone: 中国标准时间
elapsed time: 4 seconds (0d 0h 0m 4s)

