#
# There is insufficient memory for the Java Runtime Environment to continue.
# Native memory allocation (malloc) failed to allocate 973056 bytes for Chunk::new
# Possible reasons:
#   The system is out of physical RAM or swap space
#   The process is running with CompressedOops enabled, and the Java Heap may be blocking the growth of the native heap
# Possible solutions:
#   Reduce memory load on the system
#   Increase physical memory or swap space
#   Check if swap backing store is full
#   Decrease Java heap size (-Xmx/-Xms)
#   Decrease number of Java threads
#   Decrease Java thread stack sizes (-Xss)
#   Set larger code cache with -XX:ReservedCodeCacheSize=
#   JVM is running with Unscaled Compressed Oops mode in which the Java heap is
#     placed in the first 4GB address space. The Java Heap base address is the
#     maximum limit for the native heap growth. Please use -XX:HeapBaseMinAddress
#     to set the Java Heap base and to place the Java Heap above 4GB virtual address.
# This output file may be truncated or incomplete.
#
#  Out of Memory Error (allocation.cpp:389), pid=11968, tid=0x0000000000002c4c
#
# JRE version: OpenJDK Runtime Environment (8.0_212-b04) (build 1.8.0_212-release-1586-b04)
# Java VM: OpenJDK 64-Bit Server VM (25.212-b04 mixed mode windows-amd64 compressed oops)
# Failed to write core dump. Minidumps are not enabled by default on client versions of Windows
#

---------------  T H R E A D  ---------------

Current thread (0x000000001694b000):  JavaThread "C2 CompilerThread1" daemon [_thread_in_native, id=11340, stack(0x0000000018340000,0x0000000018440000)]

Stack: [0x0000000018340000,0x0000000018440000]
[error occurred during error reporting (printing stack bounds), id 0xc0000005]

Native frames: (J=compiled Java code, j=interpreted, Vv=VM code, C=native code)


Current CompileTask:
C2:   4711 3486       4       org.objectweb.asm.Frame::execute (2318 bytes)


---------------  P R O C E S S  ---------------

Java Threads: ( => current thread )
  0x000000001a341000 JavaThread "Build operations Thread 4" [_thread_blocked, id=10480, stack(0x0000000021b70000,0x0000000021c70000)]
  0x000000001a339800 JavaThread "Build operations Thread 3" [_thread_blocked, id=7008, stack(0x00000000217e0000,0x00000000218e0000)]
  0x000000001a33f800 JavaThread "Build operations Thread 2" [_thread_blocked, id=3508, stack(0x00000000216e0000,0x00000000217e0000)]
  0x000000001a340800 JavaThread "Build operations" [_thread_blocked, id=11944, stack(0x00000000215e0000,0x00000000216e0000)]
  0x000000001a33c000 JavaThread "Cache worker for execution history cache (C:\Users\Administrator\.gradle\caches\5.6.4\executionHistory)" [_thread_blocked, id=4920, stack(0x00000000214e0000,0x00000000215e0000)]
  0x000000001a33c800 JavaThread "Cache worker for cache directory md-rule (C:\Users\Administrator\.gradle\caches\5.6.4\md-rule)" [_thread_blocked, id=12092, stack(0x00000000213e0000,0x00000000214e0000)]
  0x0000000019b44000 JavaThread "Cache worker for cache directory md-supplier (C:\Users\Administrator\.gradle\caches\5.6.4\md-supplier)" [_thread_blocked, id=11936, stack(0x00000000212e0000,0x00000000213e0000)]
  0x0000000019b41000 JavaThread "Cache worker for file hash cache (C:\Users\Administrator\AndroidStudioProjects\MyApplication\.gradle\5.6.4\fileHashes)" [_thread_blocked, id=6180, stack(0x000000001c390000,0x000000001c490000)]
  0x0000000019b3e000 JavaThread "Cache worker for journal cache (C:\Users\Administrator\.gradle\caches\journal-1)" [_thread_blocked, id=10848, stack(0x000000001c190000,0x000000001c290000)]
  0x0000000019b45000 JavaThread "File lock request listener" [_thread_in_native, id=11540, stack(0x000000001c090000,0x000000001c190000)]
  0x0000000019b3f000 JavaThread "Cache worker for file hash cache (C:\Users\Administrator\.gradle\caches\5.6.4\fileHashes)" [_thread_blocked, id=1472, stack(0x000000001bf90000,0x000000001c090000)]
  0x000000001a099000 JavaThread "Thread-9" [_thread_blocked, id=12100, stack(0x000000001bc90000,0x000000001bd90000)]
  0x000000001a0c6000 JavaThread "Stdin handler" [_thread_blocked, id=11980, stack(0x000000001bb90000,0x000000001bc90000)]
  0x000000001a0c5000 JavaThread "Asynchronous log dispatcher for DefaultDaemonConnection: socket connection from /127.0.0.1:52755 to /127.0.0.1:52756" [_thread_blocked, id=10956, stack(0x000000001ba90000,0x000000001bb90000)]
  0x000000001a0c1000 JavaThread "Daemon worker" [_thread_in_vm, id=4472, stack(0x000000001b990000,0x000000001ba90000)]
  0x000000001a0b7000 JavaThread "Cancel handler" [_thread_blocked, id=11320, stack(0x000000001b890000,0x000000001b990000)]
  0x000000001a067000 JavaThread "Handler for socket connection from /127.0.0.1:52755 to /127.0.0.1:52756" [_thread_in_native, id=1476, stack(0x000000001b590000,0x000000001b690000)]
  0x0000000019f0e000 JavaThread "Daemon" [_thread_blocked, id=4444, stack(0x000000001b490000,0x000000001b590000)]
  0x000000001a02f800 JavaThread "Daemon periodic checks" [_thread_blocked, id=4100, stack(0x000000001b390000,0x000000001b490000)]
  0x0000000019fcc800 JavaThread "Incoming local TCP Connector on port 52755" [_thread_in_native, id=11848, stack(0x000000001b1e0000,0x000000001b2e0000)]
  0x0000000019f84000 JavaThread "Daemon health stats" [_thread_blocked, id=11820, stack(0x000000001aee0000,0x000000001afe0000)]
  0x0000000017cce800 JavaThread "Service Thread" daemon [_thread_blocked, id=6204, stack(0x0000000018540000,0x0000000018640000)]
  0x000000001694e000 JavaThread "C1 CompilerThread2" daemon [_thread_blocked, id=12280, stack(0x0000000018440000,0x0000000018540000)]
=>0x000000001694b000 JavaThread "C2 CompilerThread1" daemon [_thread_in_native, id=11340, stack(0x0000000018340000,0x0000000018440000)]
  0x0000000016948000 JavaThread "C2 CompilerThread0" daemon [_thread_in_native, id=11296, stack(0x0000000018240000,0x0000000018340000)]
  0x00000000168fc000 JavaThread "Attach Listener" daemon [_thread_blocked, id=856, stack(0x0000000018140000,0x0000000018240000)]
  0x0000000017c48800 JavaThread "Signal Dispatcher" daemon [_thread_blocked, id=11748, stack(0x0000000018040000,0x0000000018140000)]
  0x0000000002f79800 JavaThread "Finalizer" daemon [_thread_blocked, id=11856, stack(0x0000000017b40000,0x0000000017c40000)]
  0x0000000002f71000 JavaThread "Reference Handler" daemon [_thread_blocked, id=7208, stack(0x0000000017a40000,0x0000000017b40000)]
  0x000000000110d800 JavaThread "main" [_thread_blocked, id=12084, stack(0x00000000029b0000,0x0000000002ab0000)]

Other Threads:
  0x00000000168b6800 VMThread [stack: 0x0000000017940000,0x0000000017a40000] [id=11408]
  0x0000000017ccf800 WatcherThread [stack: 0x0000000018640000,0x0000000018740000] [id=5096]

VM state:not at safepoint (normal execution)

VM Mutex/Monitor currently owned by a thread: None

heap address: 0x00000000a0000000, size: 1536 MB, Compressed Oops mode: 32-bit
Narrow klass base: 0x0000000000000000, Narrow klass shift: 3
Compressed class space size: 1073741824 Address: 0x0000000100000000

Heap:
 PSYoungGen      total 118272K, used 25683K [0x00000000e0000000, 0x00000000ea800000, 0x0000000100000000)
  eden space 106496K, 24% used [0x00000000e0000000,0x00000000e1914d88,0x00000000e6800000)
  from space 11776K, 0% used [0x00000000e6800000,0x00000000e6800000,0x00000000e7380000)
  to   space 12800K, 0% used [0x00000000e9b80000,0x00000000e9b80000,0x00000000ea800000)
 ParOldGen       total 89600K, used 17322K [0x00000000a0000000, 0x00000000a5780000, 0x00000000e0000000)
  object space 89600K, 19% used [0x00000000a0000000,0x00000000a10eab48,0x00000000a5780000)
 Metaspace       used 35164K, capacity 36150K, committed 36352K, reserved 1081344K
  class space    used 4825K, capacity 5085K, committed 5120K, reserved 1048576K

Card table byte_map: [0x0000000012340000,0x0000000012650000] byte_map_base: 0x0000000011e40000

Marking Bits: (ParMarkBitMap*) 0x0000000055689f30
 Begin Bits: [0x0000000012c50000, 0x0000000014450000)
 End Bits:   [0x0000000014450000, 0x0000000015c50000)

Polling page: 0x0000000000cb0000

CodeCache: size=245760Kb used=11336Kb max_used=11440Kb free=234423Kb
 bounds [0x0000000002f80000, 0x0000000003ac0000, 0x0000000011f80000]
 total_blobs=4004 nmethods=3300 adapters=616
 compilation: enabled

Compilation events (10 events):
Event: 4.703 Thread 0x000000001694e000 3535       3       sun.misc.ProxyGenerator::code_astore (11 bytes)
Event: 4.703 Thread 0x000000001694e000 nmethod 3535 0x00000000031d3d90 code [0x00000000031d3f00, 0x00000000031d40a8]
Event: 4.704 Thread 0x000000001694e000 3537       3       sun.misc.ProxyGenerator::addProxyMethod (234 bytes)
Event: 4.705 Thread 0x000000001694e000 nmethod 3537 0x00000000035144d0 code [0x0000000003514820, 0x00000000035164a8]
Event: 4.707 Thread 0x000000001694e000 3538       3       java.nio.Buffer::nextGetIndex (31 bytes)
Event: 4.707 Thread 0x000000001694e000 nmethod 3538 0x00000000031d3950 code [0x00000000031d3ac0, 0x00000000031d3cc8]
Event: 4.707 Thread 0x000000001694e000 3539       3       java.nio.HeapByteBuffer::get (14 bytes)
Event: 4.707 Thread 0x000000001694e000 nmethod 3539 0x00000000031d3250 code [0x00000000031d33e0, 0x00000000031d3788]
Event: 4.709 Thread 0x000000001694e000 3540       3       org.gradle.internal.classloader.FilteringClassLoader$TrieSet::find (9 bytes)
Event: 4.710 Thread 0x000000001694e000 nmethod 3540 0x00000000031d2e50 code [0x00000000031d2fc0, 0x00000000031d3168]

GC Heap History (10 events):
Event: 2.355 GC heap before
{Heap before GC invocations=7 (full 1):
 PSYoungGen      total 76800K, used 8783K [0x00000000e0000000, 0x00000000e5700000, 0x0000000100000000)
  eden space 66048K, 0% used [0x00000000e0000000,0x00000000e0000000,0x00000000e4080000)
  from space 10752K, 81% used [0x00000000e4b80000,0x00000000e5413d10,0x00000000e5600000)
  to   space 11264K, 0% used [0x00000000e4080000,0x00000000e4080000,0x00000000e4b80000)
 ParOldGen       total 87552K, used 8183K [0x00000000a0000000, 0x00000000a5580000, 0x00000000e0000000)
  object space 87552K, 9% used [0x00000000a0000000,0x00000000a07fdcd0,0x00000000a5580000)
 Metaspace       used 20629K, capacity 21178K, committed 21296K, reserved 1067008K
  class space    used 2974K, capacity 3133K, committed 3200K, reserved 1048576K
Event: 2.385 GC heap after
Heap after GC invocations=7 (full 1):
 PSYoungGen      total 76800K, used 0K [0x00000000e0000000, 0x00000000e5700000, 0x0000000100000000)
  eden space 66048K, 0% used [0x00000000e0000000,0x00000000e0000000,0x00000000e4080000)
  from space 10752K, 0% used [0x00000000e4b80000,0x00000000e4b80000,0x00000000e5600000)
  to   space 11264K, 0% used [0x00000000e4080000,0x00000000e4080000,0x00000000e4b80000)
 ParOldGen       total 59904K, used 9752K [0x00000000a0000000, 0x00000000a3a80000, 0x00000000e0000000)
  object space 59904K, 16% used [0x00000000a0000000,0x00000000a0986210,0x00000000a3a80000)
 Metaspace       used 20629K, capacity 21178K, committed 21296K, reserved 1067008K
  class space    used 2974K, capacity 3133K, committed 3200K, reserved 1048576K
}
Event: 3.018 GC heap before
{Heap before GC invocations=8 (full 1):
 PSYoungGen      total 76800K, used 66048K [0x00000000e0000000, 0x00000000e5700000, 0x0000000100000000)
  eden space 66048K, 100% used [0x00000000e0000000,0x00000000e4080000,0x00000000e4080000)
  from space 10752K, 0% used [0x00000000e4b80000,0x00000000e4b80000,0x00000000e5600000)
  to   space 11264K, 0% used [0x00000000e4080000,0x00000000e4080000,0x00000000e4b80000)
 ParOldGen       total 59904K, used 9752K [0x00000000a0000000, 0x00000000a3a80000, 0x00000000e0000000)
  object space 59904K, 16% used [0x00000000a0000000,0x00000000a0986210,0x00000000a3a80000)
 Metaspace       used 29042K, capacity 29566K, committed 29696K, reserved 1075200K
  class space    used 3906K, capacity 4069K, committed 4096K, reserved 1048576K
Event: 3.027 GC heap after
Heap after GC invocations=8 (full 1):
 PSYoungGen      total 77312K, used 8079K [0x00000000e0000000, 0x00000000e7f00000, 0x0000000100000000)
  eden space 66048K, 0% used [0x00000000e0000000,0x00000000e0000000,0x00000000e4080000)
  from space 11264K, 71% used [0x00000000e4080000,0x00000000e4863e48,0x00000000e4b80000)
  to   space 11776K, 0% used [0x00000000e7380000,0x00000000e7380000,0x00000000e7f00000)
 ParOldGen       total 59904K, used 9760K [0x00000000a0000000, 0x00000000a3a80000, 0x00000000e0000000)
  object space 59904K, 16% used [0x00000000a0000000,0x00000000a0988210,0x00000000a3a80000)
 Metaspace       used 29042K, capacity 29566K, committed 29696K, reserved 1075200K
  class space    used 3906K, capacity 4069K, committed 4096K, reserved 1048576K
}
Event: 3.540 GC heap before
{Heap before GC invocations=9 (full 1):
 PSYoungGen      total 77312K, used 74127K [0x00000000e0000000, 0x00000000e7f00000, 0x0000000100000000)
  eden space 66048K, 100% used [0x00000000e0000000,0x00000000e4080000,0x00000000e4080000)
  from space 11264K, 71% used [0x00000000e4080000,0x00000000e4863e48,0x00000000e4b80000)
  to   space 11776K, 0% used [0x00000000e7380000,0x00000000e7380000,0x00000000e7f00000)
 ParOldGen       total 59904K, used 9760K [0x00000000a0000000, 0x00000000a3a80000, 0x00000000e0000000)
  object space 59904K, 16% used [0x00000000a0000000,0x00000000a0988210,0x00000000a3a80000)
 Metaspace       used 31950K, capacity 32540K, committed 32768K, reserved 1077248K
  class space    used 4373K, capacity 4591K, committed 4608K, reserved 1048576K
Event: 3.558 GC heap after
Heap after GC invocations=9 (full 1):
 PSYoungGen      total 118272K, used 8774K [0x00000000e0000000, 0x00000000e8200000, 0x0000000100000000)
  eden space 106496K, 0% used [0x00000000e0000000,0x00000000e0000000,0x00000000e6800000)
  from space 11776K, 74% used [0x00000000e7380000,0x00000000e7c11890,0x00000000e7f00000)
  to   space 11776K, 0% used [0x00000000e6800000,0x00000000e6800000,0x00000000e7380000)
 ParOldGen       total 59904K, used 9768K [0x00000000a0000000, 0x00000000a3a80000, 0x00000000e0000000)
  object space 59904K, 16% used [0x00000000a0000000,0x00000000a098a210,0x00000000a3a80000)
 Metaspace       used 31950K, capacity 32540K, committed 32768K, reserved 1077248K
  class space    used 4373K, capacity 4591K, committed 4608K, reserved 1048576K
}
Event: 4.314 GC heap before
{Heap before GC invocations=10 (full 1):
 PSYoungGen      total 118272K, used 65843K [0x00000000e0000000, 0x00000000e8200000, 0x0000000100000000)
  eden space 106496K, 53% used [0x00000000e0000000,0x00000000e37bb5c8,0x00000000e6800000)
  from space 11776K, 74% used [0x00000000e7380000,0x00000000e7c11890,0x00000000e7f00000)
  to   space 11776K, 0% used [0x00000000e6800000,0x00000000e6800000,0x00000000e7380000)
 ParOldGen       total 59904K, used 9768K [0x00000000a0000000, 0x00000000a3a80000, 0x00000000e0000000)
  object space 59904K, 16% used [0x00000000a0000000,0x00000000a098a210,0x00000000a3a80000)
 Metaspace       used 34494K, capacity 35332K, committed 35456K, reserved 1079296K
  class space    used 4715K, capacity 4925K, committed 4992K, reserved 1048576K
Event: 4.323 GC heap after
Heap after GC invocations=10 (full 1):
 PSYoungGen      total 118272K, used 10167K [0x00000000e0000000, 0x00000000ea800000, 0x0000000100000000)
  eden space 106496K, 0% used [0x00000000e0000000,0x00000000e0000000,0x00000000e6800000)
  from space 11776K, 86% used [0x00000000e6800000,0x00000000e71edd88,0x00000000e7380000)
  to   space 12800K, 0% used [0x00000000e9b80000,0x00000000e9b80000,0x00000000ea800000)
 ParOldGen       total 59904K, used 9776K [0x00000000a0000000, 0x00000000a3a80000, 0x00000000e0000000)
  object space 59904K, 16% used [0x00000000a0000000,0x00000000a098c210,0x00000000a3a80000)
 Metaspace       used 34494K, capacity 35332K, committed 35456K, reserved 1079296K
  class space    used 4715K, capacity 4925K, committed 4992K, reserved 1048576K
}
Event: 4.323 GC heap before
{Heap before GC invocations=11 (full 2):
 PSYoungGen      total 118272K, used 10167K [0x00000000e0000000, 0x00000000ea800000, 0x0000000100000000)
  eden space 106496K, 0% used [0x00000000e0000000,0x00000000e0000000,0x00000000e6800000)
  from space 11776K, 86% used [0x00000000e6800000,0x00000000e71edd88,0x00000000e7380000)
  to   space 12800K, 0% used [0x00000000e9b80000,0x00000000e9b80000,0x00000000ea800000)
 ParOldGen       total 59904K, used 9776K [0x00000000a0000000, 0x00000000a3a80000, 0x00000000e0000000)
  object space 59904K, 16% used [0x00000000a0000000,0x00000000a098c210,0x00000000a3a80000)
 Metaspace       used 34494K, capacity 35332K, committed 35456K, reserved 1079296K
  class space    used 4715K, capacity 4925K, committed 4992K, reserved 1048576K
Event: 4.374 GC heap after
Heap after GC invocations=11 (full 2):
 PSYoungGen      total 118272K, used 0K [0x00000000e0000000, 0x00000000ea800000, 0x0000000100000000)
  eden space 106496K, 0% used [0x00000000e0000000,0x00000000e0000000,0x00000000e6800000)
  from space 11776K, 0% used [0x00000000e6800000,0x00000000e6800000,0x00000000e7380000)
  to   space 12800K, 0% used [0x00000000e9b80000,0x00000000e9b80000,0x00000000ea800000)
 ParOldGen       total 89600K, used 17322K [0x00000000a0000000, 0x00000000a5780000, 0x00000000e0000000)
  object space 89600K, 19% used [0x00000000a0000000,0x00000000a10eab48,0x00000000a5780000)
 Metaspace       used 34486K, capacity 35308K, committed 35456K, reserved 1079296K
  class space    used 4713K, capacity 4921K, committed 4992K, reserved 1048576K
}

Deoptimization events (10 events):
Event: 4.050 Thread 0x000000001a0c1000 Uncommon trap: reason=unstable_if action=reinterpret pc=0x000000000351bba8 method=java.util.regex.Pattern$BmpCharProperty.match(Ljava/util/regex/Matcher;ILjava/lang/CharSequence;)Z @ 34
Event: 4.212 Thread 0x000000001a340800 Uncommon trap: reason=unstable_if action=reinterpret pc=0x000000000351df28 method=java.util.concurrent.ConcurrentHashMap.addCount(JI)V @ 34
Event: 4.222 Thread 0x000000001a341000 Uncommon trap: reason=unstable_if action=reinterpret pc=0x000000000342a1b8 method=java.util.concurrent.ConcurrentHashMap.addCount(JI)V @ 7
Event: 4.234 Thread 0x000000001a341000 Uncommon trap: reason=unstable_if action=reinterpret pc=0x0000000003958430 method=java.util.concurrent.ConcurrentHashMap.get(Ljava/lang/Object;)Ljava/lang/Object; @ 86
Event: 4.285 Thread 0x000000001a33f800 Uncommon trap: reason=unstable_if action=reinterpret pc=0x000000000346a9c4 method=java.util.concurrent.ConcurrentHashMap.transfer([Ljava/util/concurrent/ConcurrentHashMap$Node;[Ljava/util/concurrent/ConcurrentHashMap$Node;)V @ 34
Event: 4.287 Thread 0x000000001a341000 Uncommon trap: reason=unstable_if action=reinterpret pc=0x000000000346a9f4 method=java.util.concurrent.ConcurrentHashMap.transfer([Ljava/util/concurrent/ConcurrentHashMap$Node;[Ljava/util/concurrent/ConcurrentHashMap$Node;)V @ 277
Event: 4.497 Thread 0x000000001a0c1000 Uncommon trap: reason=bimorphic action=maybe_recompile pc=0x000000000376dd58 method=java.util.AbstractCollection.addAll(Ljava/util/Collection;)Z @ 29
Event: 4.599 Thread 0x000000001a0c1000 Uncommon trap: reason=unstable_if action=reinterpret pc=0x00000000033fd960 method=java.util.WeakHashMap.expungeStaleEntries()V @ 66
Event: 4.619 Thread 0x000000001a0c1000 Uncommon trap: reason=range_check action=make_not_entrant pc=0x00000000039062ec method=java.lang.String.charAt(I)C @ 27
Event: 4.676 Thread 0x000000001a0c1000 Uncommon trap: reason=bimorphic action=maybe_recompile pc=0x000000000376dd58 method=java.util.AbstractCollection.addAll(Ljava/util/Collection;)Z @ 29

Classes redefined (0 events):
No events

Internal exceptions (10 events):
Event: 4.663 Thread 0x000000001a0c1000 Exception <a 'java/lang/ClassNotFoundException': org/gradle/api/internal/AbstractTaskBeanInfo> (0x00000000e1295700) thrown at [D:\src\AOSP-openjdk-cygwin\jdk8u\hotspot\src\share\vm\classfile\systemDictionary.cpp, line 210]
Event: 4.664 Thread 0x000000001a0c1000 Exception <a 'java/lang/ClassNotFoundException': org/gradle/api/internal/AbstractTaskCustomizer> (0x00000000e12ca7a8) thrown at [D:\src\AOSP-openjdk-cygwin\jdk8u\hotspot\src\share\vm\classfile\systemDictionary.cpp, line 210]
Event: 4.666 Thread 0x000000001a0c1000 Exception <a 'java/lang/ClassNotFoundException': org/gradle/api/DefaultTaskCustomizer> (0x00000000e13586b0) thrown at [D:\src\AOSP-openjdk-cygwin\jdk8u\hotspot\src\share\vm\classfile\systemDictionary.cpp, line 210]
Event: 4.668 Thread 0x000000001a0c1000 Exception <a 'java/lang/ClassNotFoundException': org/gradle/api/internal/ConventionTaskCustomizer> (0x00000000e139d1d0) thrown at [D:\src\AOSP-openjdk-cygwin\jdk8u\hotspot\src\share\vm\classfile\systemDictionary.cpp, line 210]
Event: 4.669 Thread 0x000000001a0c1000 Exception <a 'java/lang/ClassNotFoundException': org/gradle/api/tasks/DeleteCustomizer> (0x00000000e13de148) thrown at [D:\src\AOSP-openjdk-cygwin\jdk8u\hotspot\src\share\vm\classfile\systemDictionary.cpp, line 210]
Event: 4.671 Thread 0x000000001a0c1000 Exception <a 'java/lang/ClassNotFoundException': org/gradle/api/tasks/Delete_DecoratedCustomizer> (0x00000000e142cfe0) thrown at [D:\src\AOSP-openjdk-cygwin\jdk8u\hotspot\src\share\vm\classfile\systemDictionary.cpp, line 210]
Event: 4.688 Thread 0x000000001a0c1000 Exception <a 'java/lang/ClassNotFoundException': build_bv02tmsacc8azaesk2s2nvtteBeanInfo> (0x00000000e15501c0) thrown at [D:\src\AOSP-openjdk-cygwin\jdk8u\hotspot\src\share\vm\classfile\systemDictionary.cpp, line 210]
Event: 4.689 Thread 0x000000001a0c1000 Exception <a 'java/lang/ClassNotFoundException': build_bv02tmsacc8azaesk2s2nvtteCustomizer> (0x00000000e155cc80) thrown at [D:\src\AOSP-openjdk-cygwin\jdk8u\hotspot\src\share\vm\classfile\systemDictionary.cpp, line 210]
Event: 4.692 Thread 0x000000001a0c1000 Exception <a 'java/lang/ClassNotFoundException': org/gradle/api/internal/plugins/DefaultObjectConfigurationActionBeanInfo> (0x00000000e15d6a58) thrown at [D:\src\AOSP-openjdk-cygwin\jdk8u\hotspot\src\share\vm\classfile\systemDictionary.cpp, line 210]
Event: 4.693 Thread 0x000000001a0c1000 Exception <a 'java/lang/ClassNotFoundException': org/gradle/api/internal/plugins/DefaultObjectConfigurationActionCustomizer> (0x00000000e161cc48) thrown at [D:\src\AOSP-openjdk-cygwin\jdk8u\hotspot\src\share\vm\classfile\systemDictionary.cpp, line 210]

Events (10 events):
Event: 4.703 loading class kotlin/DeprecationLevel
Event: 4.703 loading class kotlin/DeprecationLevel done
Event: 4.703 loading class kotlin/annotation/MustBeDocumented
Event: 4.703 loading class kotlin/annotation/MustBeDocumented done
Event: 4.708 loading class kotlin/jvm/internal/Intrinsics
Event: 4.708 loading class kotlin/jvm/internal/Intrinsics done
Event: 4.709 loading class com/android/build/gradle/BasePluginKt
Event: 4.709 loading class com/android/build/gradle/BasePluginKt done
Event: 4.709 loading class kotlin/TuplesKt
Event: 4.709 loading class kotlin/TuplesKt done


Dynamic libraries:
0x00007ff6cc8b0000 - 0x00007ff6cc8e1000 	E:\androidstudio\jre\bin\java.exe
0x00007ff977040000 - 0x00007ff977230000 	C:\WINDOWS\SYSTEM32\ntdll.dll
0x00007ff976ed0000 - 0x00007ff976f82000 	C:\WINDOWS\System32\KERNEL32.DLL
0x00007ff974ba0000 - 0x00007ff974e43000 	C:\WINDOWS\System32\KERNELBASE.dll
0x00007ff975290000 - 0x00007ff975333000 	C:\WINDOWS\System32\ADVAPI32.dll
0x00007ff975f50000 - 0x00007ff975fee000 	C:\WINDOWS\System32\msvcrt.dll
0x00007ff9751f0000 - 0x00007ff975287000 	C:\WINDOWS\System32\sechost.dll
0x00007ff975cb0000 - 0x00007ff975dd0000 	C:\WINDOWS\System32\RPCRT4.dll
0x00007ff976830000 - 0x00007ff9769c4000 	C:\WINDOWS\System32\USER32.dll
0x00007ff973fd0000 - 0x00007ff973ff1000 	C:\WINDOWS\System32\win32u.dll
0x00007ff975a40000 - 0x00007ff975a66000 	C:\WINDOWS\System32\GDI32.dll
0x00007ff974e50000 - 0x00007ff974fe4000 	C:\WINDOWS\System32\gdi32full.dll
0x00007ff974a20000 - 0x00007ff974abe000 	C:\WINDOWS\System32\msvcp_win.dll
0x00007ff974ff0000 - 0x00007ff9750ea000 	C:\WINDOWS\System32\ucrtbase.dll
0x00007ff967f00000 - 0x00007ff968185000 	C:\WINDOWS\WinSxS\amd64_microsoft.windows.common-controls_6595b64144ccf1df_6.0.18362.657_none_e6c5b579130e3898\COMCTL32.dll
0x00007ff976b90000 - 0x00007ff976ec6000 	C:\WINDOWS\System32\combase.dll
0x00007ff9741a0000 - 0x00007ff974220000 	C:\WINDOWS\System32\bcryptPrimitives.dll
0x00007ff975dd0000 - 0x00007ff975dfe000 	C:\WINDOWS\System32\IMM32.DLL
0x0000000055a80000 - 0x0000000055b52000 	E:\androidstudio\jre\jre\bin\msvcr100.dll
0x0000000054ec0000 - 0x0000000055706000 	E:\androidstudio\jre\jre\bin\server\jvm.dll
0x00007ff9750f0000 - 0x00007ff9750f8000 	C:\WINDOWS\System32\PSAPI.DLL
0x00007ff9653f0000 - 0x00007ff9653f9000 	C:\WINDOWS\SYSTEM32\WSOCK32.dll
0x00007ff976f90000 - 0x00007ff976fff000 	C:\WINDOWS\System32\WS2_32.dll
0x00007ff971e50000 - 0x00007ff971e74000 	C:\WINDOWS\SYSTEM32\WINMM.dll
0x00007ff96e4a0000 - 0x00007ff96e4aa000 	C:\WINDOWS\SYSTEM32\VERSION.dll
0x00007ff9718d0000 - 0x00007ff9718fd000 	C:\WINDOWS\SYSTEM32\winmmbase.dll
0x00007ff974000000 - 0x00007ff97404a000 	C:\WINDOWS\System32\cfgmgr32.dll
0x00007ff965150000 - 0x00007ff96515f000 	E:\androidstudio\jre\jre\bin\verify.dll
0x00007ff964af0000 - 0x00007ff964b19000 	E:\androidstudio\jre\jre\bin\java.dll
0x00007ff9647f0000 - 0x00007ff964806000 	E:\androidstudio\jre\jre\bin\zip.dll
0x00007ff975ff0000 - 0x00007ff9766d5000 	C:\WINDOWS\System32\SHELL32.dll
0x00007ff976ae0000 - 0x00007ff976b89000 	C:\WINDOWS\System32\shcore.dll
0x00007ff974220000 - 0x00007ff97499f000 	C:\WINDOWS\System32\windows.storage.dll
0x00007ff973f90000 - 0x00007ff973faf000 	C:\WINDOWS\System32\profapi.dll
0x00007ff973f20000 - 0x00007ff973f6a000 	C:\WINDOWS\System32\powrprof.dll
0x00007ff973f10000 - 0x00007ff973f20000 	C:\WINDOWS\System32\UMPDC.dll
0x00007ff9769d0000 - 0x00007ff976a22000 	C:\WINDOWS\System32\shlwapi.dll
0x00007ff973fb0000 - 0x00007ff973fc1000 	C:\WINDOWS\System32\kernel.appcore.dll
0x00007ff974a00000 - 0x00007ff974a17000 	C:\WINDOWS\System32\cryptsp.dll
0x00007ff964120000 - 0x00007ff96413a000 	E:\androidstudio\jre\jre\bin\net.dll
0x00007ff967cb0000 - 0x00007ff967e86000 	C:\WINDOWS\SYSTEM32\urlmon.dll
0x00007ff9696a0000 - 0x00007ff969946000 	C:\WINDOWS\SYSTEM32\iertutil.dll
0x00007ff973920000 - 0x00007ff97392c000 	C:\WINDOWS\SYSTEM32\CRYPTBASE.DLL
0x00007ff973750000 - 0x00007ff9737b7000 	C:\WINDOWS\system32\mswsock.dll
0x00007ff963e20000 - 0x00007ff963e33000 	E:\androidstudio\jre\jre\bin\nio.dll
0x00007ff9707f0000 - 0x00007ff970816000 	C:\Users\Administrator\.gradle\native\30\windows-amd64\native-platform.dll
0x00007ff964980000 - 0x00007ff96498d000 	E:\androidstudio\jre\jre\bin\management.dll
0x00007ff973260000 - 0x00007ff973293000 	C:\WINDOWS\system32\rsaenh.dll
0x00007ff974b70000 - 0x00007ff974b96000 	C:\WINDOWS\System32\bcrypt.dll
0x00007ff973e00000 - 0x00007ff973e25000 	C:\WINDOWS\SYSTEM32\USERENV.dll
0x00007ff973400000 - 0x00007ff97343a000 	C:\WINDOWS\SYSTEM32\IPHLPAPI.DLL
0x00007ff9766e0000 - 0x00007ff9766e8000 	C:\WINDOWS\System32\NSI.dll
0x00007ff96a780000 - 0x00007ff96a796000 	C:\WINDOWS\SYSTEM32\dhcpcsvc6.DLL
0x00007ff96daf0000 - 0x00007ff96db0c000 	C:\WINDOWS\SYSTEM32\dhcpcsvc.DLL
0x00007ff9734a0000 - 0x00007ff97356a000 	C:\WINDOWS\SYSTEM32\DNSAPI.dll

VM Arguments:
jvm_args: -Xmx1536m -Dfile.encoding=GBK -Duser.country=CN -Duser.language=zh -Duser.variant 
java_command: org.gradle.launcher.daemon.bootstrap.GradleDaemon 5.6.4
java_class_path (initial): C:\Users\Administrator\.gradle\wrapper\dists\gradle-5.6.4-all\ankdp27end7byghfw1q2sw75f\gradle-5.6.4\lib\gradle-launcher-5.6.4.jar
Launcher Type: SUN_STANDARD

Environment Variables:
PATH=C:\WINDOWS\system32;C:\WINDOWS;C:\WINDOWS\System32\Wbem;C:\WINDOWS\System32\WindowsPowerShell\v1.0\;C:\WINDOWS\System32\OpenSSH\;C:\Program Files (x86)\NVIDIA Corporation\PhysX\Common;C:\Program Files\NVIDIA Corporation\NVIDIA NvDLISR;C:\WINDOWS\system32;C:\WINDOWS;C:\WINDOWS\System32\Wbem;C:\WINDOWS\System32\WindowsPowerShell\v1.0\;C:\WINDOWS\System32\OpenSSH\;C:\Users\Administrator\AppData\Local\Microsoft\WindowsApps;
USERNAME=Administrator
OS=Windows_NT
PROCESSOR_IDENTIFIER=Intel64 Family 6 Model 158 Stepping 9, GenuineIntel



---------------  S Y S T E M  ---------------

OS: Windows 10.0 , 64 bit Build 18362 (10.0.18362.329)

CPU:total 4 (initial active 4) (4 cores per cpu, 1 threads per core) family 6 model 158 stepping 9, cmov, cx8, fxsr, mmx, sse, sse2, sse3, ssse3, sse4.1, sse4.2, popcnt, avx, avx2, aes, clmul, erms, 3dnowpref, lzcnt, tsc, tscinvbit, bmi1, bmi2, adx

Memory: 4k page, physical 8338836k(2416972k free), swap 9325168k(5760k free)

vm_info: OpenJDK 64-Bit Server VM (25.212-b04) for windows-amd64 JRE (1.8.0_212-release-1586-b04), built by "builder" with MS VC++ 10.0 (VS2010)

time: Sun Mar 01 16:47:53 2020
timezone: 中国标准时间
elapsed time: 4 seconds (0d 0h 0m 4s)

