#
# There is insufficient memory for the Java Runtime Environment to continue.
# Native memory allocation (malloc) failed to allocate 794016 bytes for Chunk::new
# Possible reasons:
#   The system is out of physical RAM or swap space
#   The process is running with CompressedOops enabled, and the Java Heap may be blocking the growth of the native heap
# Possible solutions:
#   Reduce memory load on the system
#   Increase physical memory or swap space
#   Check if swap backing store is full
#   Decrease Java heap size (-Xmx/-Xms)
#   Decrease number of Java threads
#   Decrease Java thread stack sizes (-Xss)
#   Set larger code cache with -XX:ReservedCodeCacheSize=
#   JVM is running with Unscaled Compressed Oops mode in which the Java heap is
#     placed in the first 4GB address space. The Java Heap base address is the
#     maximum limit for the native heap growth. Please use -XX:HeapBaseMinAddress
#     to set the Java Heap base and to place the Java Heap above 4GB virtual address.
# This output file may be truncated or incomplete.
#
#  Out of Memory Error (allocation.cpp:389), pid=11176, tid=0x0000000000000ee8
#
# JRE version: OpenJDK Runtime Environment (8.0_212-b04) (build 1.8.0_212-release-1586-b04)
# Java VM: OpenJDK 64-Bit Server VM (25.212-b04 mixed mode windows-amd64 compressed oops)
# Failed to write core dump. Minidumps are not enabled by default on client versions of Windows
#

---------------  T H R E A D  ---------------

Current thread (0x0000000016be8000):  JavaThread "C2 CompilerThread0" daemon [_thread_in_native, id=3816, stack(0x00000000184e0000,0x00000000185e0000)]

Stack: [0x00000000184e0000,0x00000000185e0000]
[error occurred during error reporting (printing stack bounds), id 0xc0000005]

Native frames: (J=compiled Java code, j=interpreted, Vv=VM code, C=native code)


Current CompileTask:
C2: 643648 22978   !   4       com.android.ide.common.symbols.SymbolIo$SymbolLineReader::handleStyleable (426 bytes)


---------------  P R O C E S S  ---------------

Java Threads: ( => current thread )
  0x000000001da74800 JavaThread "WorkerExecutor Queue Thread 5" [_thread_blocked, id=11244, stack(0x0000000032d50000,0x0000000032e50000)]
  0x000000001da6b000 JavaThread "stdout" [_thread_in_native, id=1564, stack(0x00000000329f0000,0x0000000032af0000)]
  0x000000001da72000 JavaThread "stderr" [_thread_in_native, id=4644, stack(0x0000000024e10000,0x0000000024f10000)]
  0x000000001da6a800 JavaThread "stdout" [_thread_in_native, id=4920, stack(0x00000000323f0000,0x00000000324f0000)]
  0x000000001da71800 JavaThread "stderr" [_thread_in_native, id=10680, stack(0x00000000322f0000,0x00000000323f0000)]
  0x000000001da69800 JavaThread "stdout" [_thread_in_native, id=10856, stack(0x00000000321f0000,0x00000000322f0000)]
  0x000000001da70000 JavaThread "stderr" [_thread_in_native, id=9532, stack(0x0000000030cd0000,0x0000000030dd0000)]
  0x000000001da6f000 JavaThread "stdout" [_thread_in_native, id=8624, stack(0x0000000030620000,0x0000000030720000)]
  0x000000001da6e800 JavaThread "stderr" [_thread_in_native, id=2176, stack(0x00000000303d0000,0x00000000304d0000)]
  0x000000001da68000 JavaThread "pool-14-thread-1" [_thread_blocked, id=10528, stack(0x00000000302d0000,0x00000000303d0000)]
  0x000000001da6c800 JavaThread "WorkerExecutor Queue Thread 4" [_thread_blocked, id=8800, stack(0x00000000301d0000,0x00000000302d0000)]
  0x000000001a580000 JavaThread "WorkerExecutor Queue Thread 3" [_thread_blocked, id=2996, stack(0x000000002fdd0000,0x000000002fed0000)]
  0x000000001a57f000 JavaThread "WorkerExecutor Queue Thread 2" [_thread_blocked, id=10408, stack(0x0000000025650000,0x0000000025750000)]
  0x000000001a57b800 JavaThread "WorkerExecutor Queue" [_thread_blocked, id=572, stack(0x0000000025550000,0x0000000025650000)]
  0x000000001a57e800 JavaThread "Exec process Thread 18" daemon [_thread_blocked, id=5356, stack(0x0000000025210000,0x0000000025310000)]
  0x000000001a582000 JavaThread "Exec process Thread 17" daemon [_thread_blocked, id=10620, stack(0x0000000025110000,0x0000000025210000)]
  0x000000001a57d000 JavaThread "Exec process Thread 16" daemon [_thread_blocked, id=10600, stack(0x0000000025010000,0x0000000025110000)]
  0x000000001a57a800 JavaThread "ForkJoinPool.commonPool-worker-2" daemon [_thread_blocked, id=11012, stack(0x0000000024f10000,0x0000000025010000)]
  0x000000001a573000 JavaThread "ForkJoinPool.commonPool-worker-0" daemon [_thread_blocked, id=11228, stack(0x0000000024910000,0x0000000024a10000)]
  0x000000001a57a000 JavaThread "Cache worker for execution history cache (C:\Users\Administrator\AndroidStudioProjects\MyApplication\.gradle\5.6.4\executionHistory)" [_thread_blocked, id=10664, stack(0x0000000024810000,0x0000000024910000)]
  0x000000001a574800 JavaThread "Cache worker for file content cache (C:\Users\Administrator\AndroidStudioProjects\MyApplication\.gradle\5.6.4\fileContent)" [_thread_blocked, id=6188, stack(0x0000000023350000,0x0000000023450000)]
  0x000000001d40c800 JavaThread "Cache worker for Build Output Cleanup Cache (C:\Users\Administrator\AndroidStudioProjects\MyApplication\.gradle\buildOutputCleanup)" [_thread_blocked, id=1120, stack(0x0000000022420000,0x0000000022520000)]
  0x000000001d40b800 JavaThread "Build operations Thread 4" [_thread_blocked, id=2400, stack(0x0000000021d20000,0x0000000021e20000)]
  0x000000001d412800 JavaThread "Build operations Thread 3" [_thread_blocked, id=7172, stack(0x0000000021c20000,0x0000000021d20000)]
  0x000000001d411800 JavaThread "Build operations Thread 2" [_thread_blocked, id=10992, stack(0x0000000021b20000,0x0000000021c20000)]
  0x000000001d411000 JavaThread "Build operations" [_thread_blocked, id=7864, stack(0x0000000021a20000,0x0000000021b20000)]
  0x000000001d40e000 JavaThread "Cache worker for cache directory md-rule (C:\Users\Administrator\.gradle\caches\5.6.4\md-rule)" [_thread_blocked, id=1124, stack(0x000000001f020000,0x000000001f120000)]
  0x000000001d405800 JavaThread "Cache worker for cache directory md-supplier (C:\Users\Administrator\.gradle\caches\5.6.4\md-supplier)" [_thread_blocked, id=6244, stack(0x000000001ef20000,0x000000001f020000)]
  0x000000001d405000 JavaThread "Cache worker for file hash cache (C:\Users\Administrator\AndroidStudioProjects\MyApplication\.gradle\5.6.4\fileHashes)" [_thread_blocked, id=2984, stack(0x000000001ee20000,0x000000001ef20000)]
  0x000000001d404000 JavaThread "Thread-165" [_thread_blocked, id=928, stack(0x000000001ed20000,0x000000001ee20000)]
  0x000000001d40b000 JavaThread "Stdin handler" [_thread_blocked, id=1248, stack(0x000000001be80000,0x000000001bf80000)]
  0x000000001d408800 JavaThread "Asynchronous log dispatcher for DefaultDaemonConnection: socket connection from /127.0.0.1:55303 to /127.0.0.1:56056" [_thread_blocked, id=4164, stack(0x000000001b680000,0x000000001b780000)]
  0x000000001d408000 JavaThread "Cancel handler" [_thread_blocked, id=9144, stack(0x00000000012a0000,0x00000000013a0000)]
  0x000000001d407000 JavaThread "Handler for socket connection from /127.0.0.1:55303 to /127.0.0.1:56056" [_thread_in_native, id=4024, stack(0x00000000010a0000,0x00000000011a0000)]
  0x00000000190d0000 JavaThread "RMI RenewClean-[127.0.0.1:17696,org.jetbrains.kotlin.daemon.common.LoopbackNetworkInterface$ClientLoopbackSocketFactory@15dabd0f]" daemon [_thread_blocked, id=1992, stack(0x00000000324f0000,0x00000000325f0000)]
  0x00000000190cd000 JavaThread "RMI RenewClean-[127.0.0.1:17696,org.jetbrains.kotlin.daemon.common.LoopbackNetworkInterface$ClientLoopbackSocketFactory@6106ed0a]" daemon [_thread_blocked, id=10360, stack(0x0000000024710000,0x0000000024810000)]
  0x000000001da70800 JavaThread "Daemon worker Thread 2" [_thread_in_Java, id=5364, stack(0x000000001bb80000,0x000000001bc80000)]
  0x000000001da69000 JavaThread "Daemon Thread 2" [_thread_blocked, id=4100, stack(0x00000000011a0000,0x00000000012a0000)]
  0x000000001d409800 JavaThread "Cache worker for Java compile cache (C:\Users\Administrator\.gradle\caches\5.6.4\javaCompile)" [_thread_blocked, id=6240, stack(0x0000000030520000,0x0000000030620000)]
  0x000000001d410000 JavaThread "RMI Reaper" [_thread_blocked, id=10384, stack(0x00000000300d0000,0x00000000301d0000)]
  0x000000001d40f800 JavaThread "RMI TCP Accept-0" daemon [_thread_in_native, id=10396, stack(0x000000002ffd0000,0x00000000300d0000)]
  0x000000001d40e800 JavaThread "GC Daemon" daemon [_thread_blocked, id=10292, stack(0x000000002fed0000,0x000000002ffd0000)]
  0x000000001d406800 JavaThread "RMI Scheduler(0)" daemon [_thread_blocked, id=10268, stack(0x0000000023cc0000,0x0000000023dc0000)]
  0x000000001a57c000 JavaThread "Cache worker for file content cache (C:\Users\Administrator\.gradle\caches\5.6.4\fileContent)" [_thread_blocked, id=8164, stack(0x0000000023250000,0x0000000023350000)]
  0x000000001a577000 JavaThread "Memory manager" [_thread_blocked, id=6228, stack(0x0000000022720000,0x0000000022820000)]
  0x000000001a574000 JavaThread "Cache worker for execution history cache (C:\Users\Administrator\.gradle\caches\5.6.4\executionHistory)" [_thread_blocked, id=7076, stack(0x0000000021720000,0x0000000021820000)]
  0x0000000019fb7000 JavaThread "Cache worker for journal cache (C:\Users\Administrator\.gradle\caches\journal-1)" [_thread_blocked, id=868, stack(0x000000001c180000,0x000000001c280000)]
  0x0000000019fb6000 JavaThread "File lock request listener" [_thread_in_native, id=6256, stack(0x000000001c080000,0x000000001c180000)]
  0x0000000019fb9000 JavaThread "Cache worker for file hash cache (C:\Users\Administrator\.gradle\caches\5.6.4\fileHashes)" [_thread_blocked, id=9984, stack(0x000000001bf80000,0x000000001c080000)]
  0x000000001a396800 JavaThread "Daemon periodic checks" [_thread_blocked, id=10220, stack(0x000000001b580000,0x000000001b680000)]
  0x000000001a38e800 JavaThread "Incoming local TCP Connector on port 55303" [_thread_in_native, id=2900, stack(0x000000001b480000,0x000000001b580000)]
  0x0000000018af6800 JavaThread "Daemon health stats" [_thread_blocked, id=7368, stack(0x000000001b180000,0x000000001b280000)]
  0x0000000017f71800 JavaThread "Service Thread" daemon [_thread_blocked, id=8684, stack(0x00000000187e0000,0x00000000188e0000)]
  0x0000000017ef5000 JavaThread "C1 CompilerThread2" daemon [_thread_in_vm, id=7332, stack(0x00000000186e0000,0x00000000187e0000)]
  0x0000000016bec800 JavaThread "C2 CompilerThread1" daemon [_thread_blocked, id=8132, stack(0x00000000185e0000,0x00000000186e0000)]
=>0x0000000016be8000 JavaThread "C2 CompilerThread0" daemon [_thread_in_native, id=3816, stack(0x00000000184e0000,0x00000000185e0000)]
  0x0000000016b9d000 JavaThread "Attach Listener" daemon [_thread_blocked, id=6948, stack(0x00000000183e0000,0x00000000184e0000)]
  0x0000000017ee8800 JavaThread "Signal Dispatcher" daemon [_thread_blocked, id=1228, stack(0x00000000182e0000,0x00000000183e0000)]
  0x000000000321b000 JavaThread "Finalizer" daemon [_thread_blocked, id=6536, stack(0x0000000017de0000,0x0000000017ee0000)]
  0x0000000016b79000 JavaThread "Reference Handler" daemon [_thread_blocked, id=856, stack(0x0000000017ce0000,0x0000000017de0000)]
  0x0000000002bfd800 JavaThread "main" [_thread_blocked, id=5260, stack(0x0000000003020000,0x0000000003120000)]

Other Threads:
  0x0000000016b56000 VMThread [stack: 0x0000000017be0000,0x0000000017ce0000] [id=10248]
  0x0000000017f8a000 WatcherThread [stack: 0x00000000188e0000,0x00000000189e0000] [id=10232]

VM state:not at safepoint (normal execution)

VM Mutex/Monitor currently owned by a thread:  ([mutex/lock_event])
[0x0000000003121dd0] CompiledIC_lock - owner thread: 0x0000000017ef5000

OutOfMemory and StackOverflow Exception counts:
OutOfMemoryError java_heap_errors=1

heap address: 0x00000000a0000000, size: 1536 MB, Compressed Oops mode: 32-bit
Narrow klass base: 0x0000000000000000, Narrow klass shift: 3
Compressed class space size: 1073741824 Address: 0x0000000100000000

Heap:
 PSYoungGen      total 378880K, used 370958K [0x00000000e0000000, 0x0000000100000000, 0x0000000100000000)
  eden space 307200K, 97% used [0x00000000e0000000,0x00000000f2495f68,0x00000000f2c00000)
  from space 71680K, 99% used [0x00000000f2c00000,0x00000000f71ad930,0x00000000f7200000)
  to   space 111104K, 0% used [0x00000000f9380000,0x00000000f9380000,0x0000000100000000)
 ParOldGen       total 299008K, used 139273K [0x00000000a0000000, 0x00000000b2400000, 0x00000000e0000000)
  object space 299008K, 46% used [0x00000000a0000000,0x00000000a8802420,0x00000000b2400000)
 Metaspace       used 103059K, capacity 108212K, committed 108544K, reserved 1142784K
  class space    used 13269K, capacity 14211K, committed 14336K, reserved 1048576K

Card table byte_map: [0x00000000125e0000,0x00000000128f0000] byte_map_base: 0x00000000120e0000

Marking Bits: (ParMarkBitMap*) 0x0000000055689f30
 Begin Bits: [0x0000000012ef0000, 0x00000000146f0000)
 End Bits:   [0x00000000146f0000, 0x0000000015ef0000)

Polling page: 0x0000000000f00000

CodeCache: size=245760Kb used=62976Kb max_used=63181Kb free=182783Kb
 bounds [0x0000000003220000, 0x0000000007050000, 0x0000000012220000]
 total_blobs=18729 nmethods=17799 adapters=841
 compilation: enabled

Compilation events (10 events):
Event: 643.439 Thread 0x0000000017ef5000 22979       3       com.google.common.collect.Iterators::emptyModifiableIterator (4 bytes)
Event: 643.439 Thread 0x0000000017ef5000 nmethod 22979 0x00000000057bda90 code [0x00000000057bdbe0, 0x00000000057bdd10]
Event: 643.514 Thread 0x0000000016bec800 22980       4       org.objectweb.asm.commons.GeneratorAdapter::newArray (119 bytes)
Event: 643.516 Thread 0x0000000016bec800 nmethod 22980 0x00000000043c82d0 code [0x00000000043c8440, 0x00000000043c8758]
Event: 643.516 Thread 0x0000000016bec800 22981       4       org.objectweb.asm.MethodVisitor::visitFieldInsn (20 bytes)
Event: 643.524 Thread 0x0000000016bec800 nmethod 22981 0x0000000004581e90 code [0x0000000004582000, 0x0000000004582788]
Event: 643.600 Thread 0x0000000016bec800 22982       4       java.nio.DirectByteBuffer::put (126 bytes)
Event: 643.602 Thread 0x0000000016bec800 nmethod 22982 0x00000000043584d0 code [0x0000000004358620, 0x0000000004358868]
Event: 643.628 Thread 0x0000000016bec800 22983       4       java.util.zip.CRC32::update (51 bytes)
Event: 643.629 Thread 0x0000000016bec800 nmethod 22983 0x0000000004455050 code [0x00000000044551a0, 0x00000000044552b8]

GC Heap History (10 events):
Event: 502.445 GC heap before
{Heap before GC invocations=31 (full 4):
 PSYoungGen      total 355840K, used 348299K [0x00000000e0000000, 0x00000000fc500000, 0x0000000100000000)
  eden space 275968K, 100% used [0x00000000e0000000,0x00000000f0d80000,0x00000000f0d80000)
  from space 79872K, 90% used [0x00000000f6500000,0x00000000faba2cc8,0x00000000fb300000)
  to   space 89600K, 0% used [0x00000000f0d80000,0x00000000f0d80000,0x00000000f6500000)
 ParOldGen       total 299008K, used 139241K [0x00000000a0000000, 0x00000000b2400000, 0x00000000e0000000)
  object space 299008K, 46% used [0x00000000a0000000,0x00000000a87fa420,0x00000000b2400000)
 Metaspace       used 95153K, capacity 99092K, committed 99328K, reserved 1136640K
  class space    used 12190K, capacity 12935K, committed 13056K, reserved 1048576K
Event: 502.483 GC heap after
Heap after GC invocations=31 (full 4):
 PSYoungGen      total 365568K, used 68782K [0x00000000e0000000, 0x00000000fe180000, 0x0000000100000000)
  eden space 275968K, 0% used [0x00000000e0000000,0x00000000e0000000,0x00000000f0d80000)
  from space 89600K, 76% used [0x00000000f0d80000,0x00000000f50abac8,0x00000000f6500000)
  to   space 96256K, 0% used [0x00000000f8380000,0x00000000f8380000,0x00000000fe180000)
 ParOldGen       total 299008K, used 139241K [0x00000000a0000000, 0x00000000b2400000, 0x00000000e0000000)
  object space 299008K, 46% used [0x00000000a0000000,0x00000000a87fa420,0x00000000b2400000)
 Metaspace       used 95153K, capacity 99092K, committed 99328K, reserved 1136640K
  class space    used 12190K, capacity 12935K, committed 13056K, reserved 1048576K
}
Event: 534.931 GC heap before
{Heap before GC invocations=32 (full 4):
 PSYoungGen      total 365568K, used 344750K [0x00000000e0000000, 0x00000000fe180000, 0x0000000100000000)
  eden space 275968K, 100% used [0x00000000e0000000,0x00000000f0d80000,0x00000000f0d80000)
  from space 89600K, 76% used [0x00000000f0d80000,0x00000000f50abac8,0x00000000f6500000)
  to   space 96256K, 0% used [0x00000000f8380000,0x00000000f8380000,0x00000000fe180000)
 ParOldGen       total 299008K, used 139241K [0x00000000a0000000, 0x00000000b2400000, 0x00000000e0000000)
  object space 299008K, 46% used [0x00000000a0000000,0x00000000a87fa420,0x00000000b2400000)
 Metaspace       used 95425K, capacity 99486K, committed 99840K, reserved 1136640K
  class space    used 12201K, capacity 12948K, committed 13056K, reserved 1048576K
Event: 534.994 GC heap after
Heap after GC invocations=32 (full 4):
 PSYoungGen      total 390144K, used 72709K [0x00000000e0000000, 0x00000000feb00000, 0x0000000100000000)
  eden space 293888K, 0% used [0x00000000e0000000,0x00000000e0000000,0x00000000f1f00000)
  from space 96256K, 75% used [0x00000000f8380000,0x00000000fca81448,0x00000000fe180000)
  to   space 102912K, 0% used [0x00000000f1f00000,0x00000000f1f00000,0x00000000f8380000)
 ParOldGen       total 299008K, used 139249K [0x00000000a0000000, 0x00000000b2400000, 0x00000000e0000000)
  object space 299008K, 46% used [0x00000000a0000000,0x00000000a87fc420,0x00000000b2400000)
 Metaspace       used 95425K, capacity 99486K, committed 99840K, reserved 1136640K
  class space    used 12201K, capacity 12948K, committed 13056K, reserved 1048576K
}
Event: 541.745 GC heap before
{Heap before GC invocations=33 (full 4):
 PSYoungGen      total 390144K, used 366597K [0x00000000e0000000, 0x00000000feb00000, 0x0000000100000000)
  eden space 293888K, 100% used [0x00000000e0000000,0x00000000f1f00000,0x00000000f1f00000)
  from space 96256K, 75% used [0x00000000f8380000,0x00000000fca81448,0x00000000fe180000)
  to   space 102912K, 0% used [0x00000000f1f00000,0x00000000f1f00000,0x00000000f8380000)
 ParOldGen       total 299008K, used 139249K [0x00000000a0000000, 0x00000000b2400000, 0x00000000e0000000)
  object space 299008K, 46% used [0x00000000a0000000,0x00000000a87fc420,0x00000000b2400000)
 Metaspace       used 95533K, capacity 99550K, committed 99840K, reserved 1136640K
  class space    used 12201K, capacity 12948K, committed 13056K, reserved 1048576K
Event: 541.784 GC heap after
Heap after GC invocations=33 (full 4):
 PSYoungGen      total 396800K, used 69138K [0x00000000e0000000, 0x0000000100000000, 0x0000000100000000)
  eden space 293888K, 0% used [0x00000000e0000000,0x00000000e0000000,0x00000000f1f00000)
  from space 102912K, 67% used [0x00000000f1f00000,0x00000000f6284ad8,0x00000000f8380000)
  to   space 106496K, 0% used [0x00000000f9800000,0x00000000f9800000,0x0000000100000000)
 ParOldGen       total 299008K, used 139257K [0x00000000a0000000, 0x00000000b2400000, 0x00000000e0000000)
  object space 299008K, 46% used [0x00000000a0000000,0x00000000a87fe420,0x00000000b2400000)
 Metaspace       used 95533K, capacity 99550K, committed 99840K, reserved 1136640K
  class space    used 12201K, capacity 12948K, committed 13056K, reserved 1048576K
}
Event: 577.495 GC heap before
{Heap before GC invocations=34 (full 4):
 PSYoungGen      total 396800K, used 363026K [0x00000000e0000000, 0x0000000100000000, 0x0000000100000000)
  eden space 293888K, 100% used [0x00000000e0000000,0x00000000f1f00000,0x00000000f1f00000)
  from space 102912K, 67% used [0x00000000f1f00000,0x00000000f6284ad8,0x00000000f8380000)
  to   space 106496K, 0% used [0x00000000f9800000,0x00000000f9800000,0x0000000100000000)
 ParOldGen       total 299008K, used 139257K [0x00000000a0000000, 0x00000000b2400000, 0x00000000e0000000)
  object space 299008K, 46% used [0x00000000a0000000,0x00000000a87fe420,0x00000000b2400000)
 Metaspace       used 100704K, capacity 105524K, committed 105600K, reserved 1140736K
  class space    used 12976K, capacity 13877K, committed 13952K, reserved 1048576K
Event: 577.563 GC heap after
Heap after GC invocations=34 (full 4):
 PSYoungGen      total 413696K, used 66837K [0x00000000e0000000, 0x0000000100000000, 0x0000000100000000)
  eden space 307200K, 0% used [0x00000000e0000000,0x00000000e0000000,0x00000000f2c00000)
  from space 106496K, 62% used [0x00000000f9800000,0x00000000fd9454e8,0x0000000100000000)
  to   space 108544K, 0% used [0x00000000f2c00000,0x00000000f2c00000,0x00000000f9600000)
 ParOldGen       total 299008K, used 139265K [0x00000000a0000000, 0x00000000b2400000, 0x00000000e0000000)
  object space 299008K, 46% used [0x00000000a0000000,0x00000000a8800420,0x00000000b2400000)
 Metaspace       used 100704K, capacity 105524K, committed 105600K, reserved 1140736K
  class space    used 12976K, capacity 13877K, committed 13952K, reserved 1048576K
}
Event: 640.304 GC heap before
{Heap before GC invocations=35 (full 4):
 PSYoungGen      total 413696K, used 374037K [0x00000000e0000000, 0x0000000100000000, 0x0000000100000000)
  eden space 307200K, 100% used [0x00000000e0000000,0x00000000f2c00000,0x00000000f2c00000)
  from space 106496K, 62% used [0x00000000f9800000,0x00000000fd9454e8,0x0000000100000000)
  to   space 108544K, 0% used [0x00000000f2c00000,0x00000000f2c00000,0x00000000f9600000)
 ParOldGen       total 299008K, used 139265K [0x00000000a0000000, 0x00000000b2400000, 0x00000000e0000000)
  object space 299008K, 46% used [0x00000000a0000000,0x00000000a8800420,0x00000000b2400000)
 Metaspace       used 102956K, capacity 108148K, committed 108288K, reserved 1142784K
  class space    used 13268K, capacity 14211K, committed 14336K, reserved 1048576K
Event: 640.348 GC heap after
Heap after GC invocations=35 (full 4):
 PSYoungGen      total 378880K, used 71350K [0x00000000e0000000, 0x0000000100000000, 0x0000000100000000)
  eden space 307200K, 0% used [0x00000000e0000000,0x00000000e0000000,0x00000000f2c00000)
  from space 71680K, 99% used [0x00000000f2c00000,0x00000000f71ad930,0x00000000f7200000)
  to   space 111104K, 0% used [0x00000000f9380000,0x00000000f9380000,0x0000000100000000)
 ParOldGen       total 299008K, used 139273K [0x00000000a0000000, 0x00000000b2400000, 0x00000000e0000000)
  object space 299008K, 46% used [0x00000000a0000000,0x00000000a8802420,0x00000000b2400000)
 Metaspace       used 102956K, capacity 108148K, committed 108288K, reserved 1142784K
  class space    used 13268K, capacity 14211K, committed 14336K, reserved 1048576K
}

Deoptimization events (10 events):
Event: 639.551 Thread 0x000000001d405000 Uncommon trap: reason=unstable_if action=reinterpret pc=0x0000000003361198 method=org.gradle.cache.internal.btree.FileBackedBlockStore$BlockImpl.getPos()Lorg/gradle/cache/internal/btree/BlockPointer; @ 4
Event: 639.551 Thread 0x000000001d405000 Uncommon trap: reason=unstable_if action=reinterpret pc=0x00000000056121d4 method=org.gradle.cache.internal.btree.FileBackedBlockStore$BlockImpl.write()V @ 124
Event: 639.552 Thread 0x000000001d405000 Uncommon trap: reason=bimorphic action=maybe_recompile pc=0x0000000004840b44 method=java.io.DataOutputStream.writeLong(J)V @ 108
Event: 639.552 Thread 0x000000001d405000 Uncommon trap: reason=bimorphic action=maybe_recompile pc=0x0000000004840b44 method=java.io.DataOutputStream.writeLong(J)V @ 108
Event: 639.552 Thread 0x000000001d405000 Uncommon trap: reason=bimorphic action=maybe_recompile pc=0x0000000004840b44 method=java.io.DataOutputStream.writeLong(J)V @ 108
Event: 639.552 Thread 0x000000001d405000 Uncommon trap: reason=bimorphic action=maybe_recompile pc=0x0000000004840b44 method=java.io.DataOutputStream.writeLong(J)V @ 108
Event: 639.853 Thread 0x000000001a579000 Uncommon trap: reason=null_check action=make_not_entrant pc=0x0000000004e52c08 method=org.gradle.api.internal.changedetection.state.CachingFileHasher.snapshot(Ljava/io/File;JJ)Lorg/gradle/api/internal/changedetection/state/CachingFileHasher$FileInfo; @ 31
Event: 639.853 Thread 0x000000001d405000 Uncommon trap: reason=unstable_if action=reinterpret pc=0x00000000059cb04c method=org.gradle.cache.internal.btree.BTreePersistentIndexedCache.put(Ljava/lang/Object;Ljava/lang/Object;)V @ 30
Event: 642.270 Thread 0x000000001a579000 Uncommon trap: reason=class_check action=maybe_recompile pc=0x0000000005e12434 method=com.sun.org.apache.xerces.internal.dom.AttributeMap.reconcileDefaults(Lcom/sun/org/apache/xerces/internal/dom/NamedNodeMapImpl;)V @ 39
Event: 642.387 Thread 0x000000001da70800 Uncommon trap: reason=class_check action=maybe_recompile pc=0x00000000061a2088 method=com.google.common.collect.Maps$TransformedEntriesMap.<init>(Ljava/util/Map;Lcom/google/common/collect/Maps$EntryTransformer;)V @ 20

Classes redefined (0 events):
No events

Internal exceptions (10 events):
Event: 639.853 Thread 0x000000001a579000 Implicit null exception at 0x0000000004e51de0 to 0x0000000004e52bed
Event: 639.853 Thread 0x000000001d405000 Implicit null exception at 0x00000000059c9094 to 0x00000000059cb01d
Event: 640.023 Thread 0x000000001a57b800 Exception <a 'sun/nio/fs/WindowsException'> (0x00000000f015af20) thrown at [D:\src\AOSP-openjdk-cygwin\jdk8u\hotspot\src\share\vm\prims\jni.cpp, line 710]
Event: 640.026 Thread 0x000000001a57b800 Exception <a 'sun/nio/fs/WindowsException'> (0x00000000f015ca60) thrown at [D:\src\AOSP-openjdk-cygwin\jdk8u\hotspot\src\share\vm\prims\jni.cpp, line 710]
Event: 642.081 Thread 0x000000001da70800 Exception <a 'sun/nio/fs/WindowsException'> (0x00000000e8625f18) thrown at [D:\src\AOSP-openjdk-cygwin\jdk8u\hotspot\src\share\vm\prims\jni.cpp, line 710]
Event: 642.375 Thread 0x000000001da70800 Exception <a 'sun/nio/fs/WindowsException'> (0x00000000e918c400) thrown at [D:\src\AOSP-openjdk-cygwin\jdk8u\hotspot\src\share\vm\prims\jni.cpp, line 710]
Event: 643.466 Thread 0x000000001da6c800 Exception <a 'sun/nio/fs/WindowsException'> (0x00000000ef8d8e20) thrown at [D:\src\AOSP-openjdk-cygwin\jdk8u\hotspot\src\share\vm\prims\jni.cpp, line 710]
Event: 643.466 Thread 0x000000001da6c800 Exception <a 'sun/nio/fs/WindowsException'> (0x00000000ef8d96d0) thrown at [D:\src\AOSP-openjdk-cygwin\jdk8u\hotspot\src\share\vm\prims\jni.cpp, line 710]
Event: 643.466 Thread 0x000000001da6c800 Exception <a 'sun/nio/fs/WindowsException'> (0x00000000ef8d9b78) thrown at [D:\src\AOSP-openjdk-cygwin\jdk8u\hotspot\src\share\vm\prims\jni.cpp, line 710]
Event: 643.635 Thread 0x000000001da6c800 Exception <a 'java/lang/OutOfMemoryError'> (0x00000000f23fa490) thrown at [D:\src\AOSP-openjdk-cygwin\jdk8u\hotspot\src\share\vm\prims\jni.cpp, line 736]

Events (10 events):
Event: 643.637 loading class com/android/ide/common/workers/WorkerExecutorException$Companion done
Event: 643.646 Executing VM operation: RevokeBias
Event: 643.646 Executing VM operation: RevokeBias done
Event: 643.646 Executing VM operation: RevokeBias
Event: 643.646 Thread 0x000000001a578800 Thread exited: 0x000000001a578800
Event: 643.647 Executing VM operation: RevokeBias done
Event: 643.647 Thread 0x000000001a579000 Thread exited: 0x000000001a579000
Event: 643.647 Executing VM operation: RevokeBias
Event: 643.647 Executing VM operation: RevokeBias done
Event: 643.647 Thread 0x000000001a577800 Thread exited: 0x000000001a577800


Dynamic libraries:
0x00007ff6cc8b0000 - 0x00007ff6cc8e1000 	E:\androidstudio\jre\bin\java.exe
0x00007ff977040000 - 0x00007ff977230000 	C:\WINDOWS\SYSTEM32\ntdll.dll
0x00007ff976ed0000 - 0x00007ff976f82000 	C:\WINDOWS\System32\KERNEL32.DLL
0x00007ff974ba0000 - 0x00007ff974e43000 	C:\WINDOWS\System32\KERNELBASE.dll
0x00007ff975290000 - 0x00007ff975333000 	C:\WINDOWS\System32\ADVAPI32.dll
0x00007ff975f50000 - 0x00007ff975fee000 	C:\WINDOWS\System32\msvcrt.dll
0x00007ff9751f0000 - 0x00007ff975287000 	C:\WINDOWS\System32\sechost.dll
0x00007ff975cb0000 - 0x00007ff975dd0000 	C:\WINDOWS\System32\RPCRT4.dll
0x00007ff976830000 - 0x00007ff9769c4000 	C:\WINDOWS\System32\USER32.dll
0x00007ff973fd0000 - 0x00007ff973ff1000 	C:\WINDOWS\System32\win32u.dll
0x00007ff975a40000 - 0x00007ff975a66000 	C:\WINDOWS\System32\GDI32.dll
0x00007ff974e50000 - 0x00007ff974fe4000 	C:\WINDOWS\System32\gdi32full.dll
0x00007ff974a20000 - 0x00007ff974abe000 	C:\WINDOWS\System32\msvcp_win.dll
0x00007ff974ff0000 - 0x00007ff9750ea000 	C:\WINDOWS\System32\ucrtbase.dll
0x00007ff967f00000 - 0x00007ff968185000 	C:\WINDOWS\WinSxS\amd64_microsoft.windows.common-controls_6595b64144ccf1df_6.0.18362.657_none_e6c5b579130e3898\COMCTL32.dll
0x00007ff976b90000 - 0x00007ff976ec6000 	C:\WINDOWS\System32\combase.dll
0x00007ff9741a0000 - 0x00007ff974220000 	C:\WINDOWS\System32\bcryptPrimitives.dll
0x00007ff975dd0000 - 0x00007ff975dfe000 	C:\WINDOWS\System32\IMM32.DLL
0x0000000055a80000 - 0x0000000055b52000 	E:\androidstudio\jre\jre\bin\msvcr100.dll
0x0000000054ec0000 - 0x0000000055706000 	E:\androidstudio\jre\jre\bin\server\jvm.dll
0x00007ff9750f0000 - 0x00007ff9750f8000 	C:\WINDOWS\System32\PSAPI.DLL
0x00007ff9653f0000 - 0x00007ff9653f9000 	C:\WINDOWS\SYSTEM32\WSOCK32.dll
0x00007ff976f90000 - 0x00007ff976fff000 	C:\WINDOWS\System32\WS2_32.dll
0x00007ff96e4a0000 - 0x00007ff96e4aa000 	C:\WINDOWS\SYSTEM32\VERSION.dll
0x00007ff971e50000 - 0x00007ff971e74000 	C:\WINDOWS\SYSTEM32\WINMM.dll
0x00007ff9718d0000 - 0x00007ff9718fd000 	C:\WINDOWS\SYSTEM32\winmmbase.dll
0x00007ff974000000 - 0x00007ff97404a000 	C:\WINDOWS\System32\cfgmgr32.dll
0x00007ff965150000 - 0x00007ff96515f000 	E:\androidstudio\jre\jre\bin\verify.dll
0x00007ff964af0000 - 0x00007ff964b19000 	E:\androidstudio\jre\jre\bin\java.dll
0x00007ff9647f0000 - 0x00007ff964806000 	E:\androidstudio\jre\jre\bin\zip.dll
0x00007ff975ff0000 - 0x00007ff9766d5000 	C:\WINDOWS\System32\SHELL32.dll
0x00007ff976ae0000 - 0x00007ff976b89000 	C:\WINDOWS\System32\shcore.dll
0x00007ff974220000 - 0x00007ff97499f000 	C:\WINDOWS\System32\windows.storage.dll
0x00007ff973f90000 - 0x00007ff973faf000 	C:\WINDOWS\System32\profapi.dll
0x00007ff973f20000 - 0x00007ff973f6a000 	C:\WINDOWS\System32\powrprof.dll
0x00007ff973f10000 - 0x00007ff973f20000 	C:\WINDOWS\System32\UMPDC.dll
0x00007ff9769d0000 - 0x00007ff976a22000 	C:\WINDOWS\System32\shlwapi.dll
0x00007ff973fb0000 - 0x00007ff973fc1000 	C:\WINDOWS\System32\kernel.appcore.dll
0x00007ff974a00000 - 0x00007ff974a17000 	C:\WINDOWS\System32\cryptsp.dll
0x00007ff964120000 - 0x00007ff96413a000 	E:\androidstudio\jre\jre\bin\net.dll
0x00007ff967cb0000 - 0x00007ff967e86000 	C:\WINDOWS\SYSTEM32\urlmon.dll
0x00007ff9696a0000 - 0x00007ff969946000 	C:\WINDOWS\SYSTEM32\iertutil.dll
0x00007ff973920000 - 0x00007ff97392c000 	C:\WINDOWS\SYSTEM32\CRYPTBASE.DLL
0x00007ff973750000 - 0x00007ff9737b7000 	C:\WINDOWS\system32\mswsock.dll
0x00007ff963e20000 - 0x00007ff963e33000 	E:\androidstudio\jre\jre\bin\nio.dll
0x00007ff9707f0000 - 0x00007ff970816000 	C:\Users\Administrator\.gradle\native\30\windows-amd64\native-platform.dll
0x00007ff964980000 - 0x00007ff96498d000 	E:\androidstudio\jre\jre\bin\management.dll
0x00007ff973260000 - 0x00007ff973293000 	C:\WINDOWS\system32\rsaenh.dll
0x00007ff974b70000 - 0x00007ff974b96000 	C:\WINDOWS\System32\bcrypt.dll
0x00007ff973e00000 - 0x00007ff973e25000 	C:\WINDOWS\SYSTEM32\USERENV.dll
0x00007ff973400000 - 0x00007ff97343a000 	C:\WINDOWS\SYSTEM32\IPHLPAPI.DLL
0x00007ff9766e0000 - 0x00007ff9766e8000 	C:\WINDOWS\System32\NSI.dll
0x00007ff96a780000 - 0x00007ff96a796000 	C:\WINDOWS\SYSTEM32\dhcpcsvc6.DLL
0x00007ff96daf0000 - 0x00007ff96db0c000 	C:\WINDOWS\SYSTEM32\dhcpcsvc.DLL
0x00007ff9734a0000 - 0x00007ff97356a000 	C:\WINDOWS\SYSTEM32\DNSAPI.dll
0x00007ff972f40000 - 0x00007ff972f71000 	C:\WINDOWS\SYSTEM32\ntmarta.dll
0x00007ff96a9e0000 - 0x00007ff96a9fe000 	C:\Users\Administrator\AppData\Local\Temp\native-platform1654307934166826060dir\native-platform.dll

VM Arguments:
jvm_args: -Xmx1536m -Dfile.encoding=GBK -Duser.country=CN -Duser.language=zh -Duser.variant 
java_command: org.gradle.launcher.daemon.bootstrap.GradleDaemon 5.6.4
java_class_path (initial): C:\Users\Administrator\.gradle\wrapper\dists\gradle-5.6.4-all\ankdp27end7byghfw1q2sw75f\gradle-5.6.4\lib\gradle-launcher-5.6.4.jar
Launcher Type: SUN_STANDARD

Environment Variables:
PATH=C:\WINDOWS\system32;C:\WINDOWS;C:\WINDOWS\System32\Wbem;C:\WINDOWS\System32\WindowsPowerShell\v1.0\;C:\WINDOWS\System32\OpenSSH\;C:\Program Files (x86)\NVIDIA Corporation\PhysX\Common;C:\Program Files\NVIDIA Corporation\NVIDIA NvDLISR;C:\WINDOWS\system32;C:\WINDOWS;C:\WINDOWS\System32\Wbem;C:\WINDOWS\System32\WindowsPowerShell\v1.0\;C:\WINDOWS\System32\OpenSSH\;C:\Users\Administrator\AppData\Local\Microsoft\WindowsApps;
USERNAME=Administrator
OS=Windows_NT
PROCESSOR_IDENTIFIER=Intel64 Family 6 Model 158 Stepping 9, GenuineIntel



---------------  S Y S T E M  ---------------

OS: Windows 10.0 , 64 bit Build 18362 (10.0.18362.329)

CPU:total 4 (initial active 4) (4 cores per cpu, 1 threads per core) family 6 model 158 stepping 9, cmov, cx8, fxsr, mmx, sse, sse2, sse3, ssse3, sse4.1, sse4.2, popcnt, avx, avx2, aes, clmul, erms, 3dnowpref, lzcnt, tsc, tscinvbit, bmi1, bmi2, adx

Memory: 4k page, physical 8338836k(1904884k free), swap 9325168k(9188k free)

vm_info: OpenJDK 64-Bit Server VM (25.212-b04) for windows-amd64 JRE (1.8.0_212-release-1586-b04), built by "builder" with MS VC++ 10.0 (VS2010)

time: Sun Mar 01 15:37:03 2020
timezone: 中国标准时间
elapsed time: 643 seconds (0d 0h 10m 43s)

