#
# There is insufficient memory for the Java Runtime Environment to continue.
# Native memory allocation (malloc) failed to allocate 32744 bytes for ChunkPool::allocate
# Possible reasons:
#   The system is out of physical RAM or swap space
#   The process is running with CompressedOops enabled, and the Java Heap may be blocking the growth of the native heap
# Possible solutions:
#   Reduce memory load on the system
#   Increase physical memory or swap space
#   Check if swap backing store is full
#   Decrease Java heap size (-Xmx/-Xms)
#   Decrease number of Java threads
#   Decrease Java thread stack sizes (-Xss)
#   Set larger code cache with -XX:ReservedCodeCacheSize=
#   JVM is running with Unscaled Compressed Oops mode in which the Java heap is
#     placed in the first 4GB address space. The Java Heap base address is the
#     maximum limit for the native heap growth. Please use -XX:HeapBaseMinAddress
#     to set the Java Heap base and to place the Java Heap above 4GB virtual address.
# This output file may be truncated or incomplete.
#
#  Out of Memory Error (allocation.cpp:272), pid=11452, tid=0x0000000000002ce8
#
# JRE version: OpenJDK Runtime Environment (8.0_212-b04) (build 1.8.0_212-release-1586-b04)
# Java VM: OpenJDK 64-Bit Server VM (25.212-b04 mixed mode windows-amd64 compressed oops)
# Failed to write core dump. Minidumps are not enabled by default on client versions of Windows
#

---------------  T H R E A D  ---------------

Current thread (0x0000000016a18000):  JavaThread "C2 CompilerThread0" daemon [_thread_in_native, id=11496, stack(0x0000000018310000,0x0000000018410000)]

Stack: [0x0000000018310000,0x0000000018410000]
[error occurred during error reporting (printing stack bounds), id 0xc0000005]

Native frames: (J=compiled Java code, j=interpreted, Vv=VM code, C=native code)


Current CompileTask:
C2:  92702 11783       4       org.gradle.api.internal.artifacts.ivyservice.resolveengine.artifact.ArtifactBackedResolvedVariant$SingleArtifactSet::startVisit (62 bytes)


---------------  P R O C E S S  ---------------

Java Threads: ( => current thread )
  0x000000001ae2b000 JavaThread "pool-4-thread-1" [_thread_blocked, id=2644, stack(0x00000000260f0000,0x00000000261f0000)]
  0x000000001ae2e800 JavaThread "WorkerExecutor Queue" [_thread_in_native, id=6912, stack(0x0000000025ff0000,0x00000000260f0000)]
  0x000000001ae2e000 JavaThread "Cache worker for execution history cache (C:\Users\Administrator\AndroidStudioProjects\MyApplication\.gradle\5.6.4\executionHistory)" [_thread_blocked, id=8280, stack(0x0000000025cf0000,0x0000000025df0000)]
  0x000000001ae2d000 JavaThread "Execution worker for ':' Thread 3" [_thread_blocked, id=4424, stack(0x00000000259f0000,0x0000000025af0000)]
  0x000000001ae2c800 JavaThread "Execution worker for ':' Thread 2" [_thread_in_Java, id=1924, stack(0x00000000258f0000,0x00000000259f0000)]
  0x000000001ae28000 JavaThread "Execution worker for ':'" [_thread_blocked, id=7512, stack(0x00000000257f0000,0x00000000258f0000)]
  0x0000000019de1000 JavaThread "Cache worker for file content cache (C:\Users\Administrator\AndroidStudioProjects\MyApplication\.gradle\5.6.4\fileContent)" [_thread_blocked, id=6524, stack(0x0000000024060000,0x0000000024160000)]
  0x0000000019dde800 JavaThread "Cache worker for file content cache (C:\Users\Administrator\.gradle\caches\5.6.4\fileContent)" [_thread_blocked, id=3372, stack(0x0000000021dc0000,0x0000000021ec0000)]
  0x000000001d39d800 JavaThread "Cache worker for Build Output Cleanup Cache (C:\Users\Administrator\AndroidStudioProjects\MyApplication\.gradle\buildOutputCleanup)" [_thread_blocked, id=7428, stack(0x0000000021710000,0x0000000021810000)]
  0x000000001d39c800 JavaThread "Build operations Thread 4" [_thread_blocked, id=11716, stack(0x00000000238e0000,0x00000000239e0000)]
  0x000000001d39c000 JavaThread "Build operations Thread 3" [_thread_blocked, id=6752, stack(0x00000000220f0000,0x00000000221f0000)]
  0x000000001d39b000 JavaThread "Build operations Thread 2" [_thread_blocked, id=11992, stack(0x0000000021ff0000,0x00000000220f0000)]
  0x000000001d39a800 JavaThread "Build operations" [_thread_blocked, id=2772, stack(0x0000000021ef0000,0x0000000021ff0000)]
  0x000000001d399800 JavaThread "Cache worker for cache directory md-rule (C:\Users\Administrator\.gradle\caches\5.6.4\md-rule)" [_thread_blocked, id=7772, stack(0x000000001eb00000,0x000000001ec00000)]
  0x000000001d392000 JavaThread "Cache worker for cache directory md-supplier (C:\Users\Administrator\.gradle\caches\5.6.4\md-supplier)" [_thread_blocked, id=7536, stack(0x000000001ea00000,0x000000001eb00000)]
  0x000000001d399000 JavaThread "Cache worker for file hash cache (C:\Users\Administrator\AndroidStudioProjects\MyApplication\.gradle\5.6.4\fileHashes)" [_thread_blocked, id=7452, stack(0x000000001e900000,0x000000001ea00000)]
  0x000000001d398000 JavaThread "Thread-28" [_thread_blocked, id=7464, stack(0x000000001e800000,0x000000001e900000)]
  0x000000001d390800 JavaThread "Stdin handler" [_thread_blocked, id=7456, stack(0x000000001bd60000,0x000000001be60000)]
  0x000000001d397800 JavaThread "Asynchronous log dispatcher for DefaultDaemonConnection: socket connection from /127.0.0.1:53049 to /127.0.0.1:53077" [_thread_blocked, id=11408, stack(0x000000001ba60000,0x000000001bb60000)]
  0x000000001d390000 JavaThread "Daemon worker Thread 2" [_thread_blocked, id=8100, stack(0x000000001b560000,0x000000001b660000)]
  0x000000001d393800 JavaThread "Cancel handler" [_thread_blocked, id=1008, stack(0x0000000002930000,0x0000000002a30000)]
  0x000000001d394800 JavaThread "Handler for socket connection from /127.0.0.1:53049 to /127.0.0.1:53077" [_thread_in_native, id=1144, stack(0x0000000001040000,0x0000000001140000)]
  0x000000001d393000 JavaThread "Daemon Thread 2" [_thread_blocked, id=1136, stack(0x0000000000f40000,0x0000000001040000)]
  0x000000001d396000 JavaThread "Memory manager" [_thread_blocked, id=11488, stack(0x0000000021cc0000,0x0000000021dc0000)]
  0x000000001d395000 JavaThread "Cache worker for execution history cache (C:\Users\Administrator\.gradle\caches\5.6.4\executionHistory)" [_thread_blocked, id=7208, stack(0x0000000020240000,0x0000000020340000)]
  0x0000000019ddc800 JavaThread "Cache worker for journal cache (C:\Users\Administrator\.gradle\caches\journal-1)" [_thread_blocked, id=6872, stack(0x000000001c260000,0x000000001c360000)]
  0x0000000019de3000 JavaThread "File lock request listener" [_thread_in_native, id=11864, stack(0x000000001c160000,0x000000001c260000)]
  0x0000000019de0000 JavaThread "Cache worker for file hash cache (C:\Users\Administrator\.gradle\caches\5.6.4\fileHashes)" [_thread_blocked, id=10224, stack(0x000000001c060000,0x000000001c160000)]
  0x0000000019543800 JavaThread "Daemon periodic checks" [_thread_blocked, id=3628, stack(0x000000001b460000,0x000000001b560000)]
  0x000000001a211000 JavaThread "Incoming local TCP Connector on port 53049" [_thread_in_native, id=1544, stack(0x000000001b2b0000,0x000000001b3b0000)]
  0x0000000017e14800 JavaThread "Daemon health stats" [_thread_blocked, id=12036, stack(0x000000001afb0000,0x000000001b0b0000)]
  0x0000000017d80800 JavaThread "Service Thread" daemon [_thread_blocked, id=9948, stack(0x0000000018610000,0x0000000018710000)]
  0x0000000017d6a000 JavaThread "C1 CompilerThread2" daemon [_thread_in_vm, id=10768, stack(0x0000000018510000,0x0000000018610000)]
  0x0000000016a1c000 JavaThread "C2 CompilerThread1" daemon [_thread_in_native, id=10968, stack(0x0000000018410000,0x0000000018510000)]
=>0x0000000016a18000 JavaThread "C2 CompilerThread0" daemon [_thread_in_native, id=11496, stack(0x0000000018310000,0x0000000018410000)]
  0x00000000169cc000 JavaThread "Attach Listener" daemon [_thread_blocked, id=6180, stack(0x0000000018210000,0x0000000018310000)]
  0x0000000017d18800 JavaThread "Signal Dispatcher" daemon [_thread_blocked, id=9652, stack(0x0000000018110000,0x0000000018210000)]
  0x0000000003049800 JavaThread "Finalizer" daemon [_thread_blocked, id=5676, stack(0x0000000017c10000,0x0000000017d10000)]
  0x0000000003041000 JavaThread "Reference Handler" daemon [_thread_blocked, id=11660, stack(0x0000000017b10000,0x0000000017c10000)]
  0x0000000000e2d800 JavaThread "main" [_thread_blocked, id=7468, stack(0x0000000002e50000,0x0000000002f50000)]

Other Threads:
  0x0000000016986800 VMThread [stack: 0x0000000017a10000,0x0000000017b10000] [id=3740]
  0x0000000017d82000 WatcherThread [stack: 0x0000000018710000,0x0000000018810000] [id=12220]

VM state:not at safepoint (normal execution)

VM Mutex/Monitor currently owned by a thread: None

heap address: 0x00000000a0000000, size: 1536 MB, Compressed Oops mode: 32-bit
Narrow klass base: 0x0000000000000000, Narrow klass shift: 3
Compressed class space size: 1073741824 Address: 0x0000000100000000

Heap:
 PSYoungGen      total 210432K, used 102188K [0x00000000e0000000, 0x00000000eea80000, 0x0000000100000000)
  eden space 190976K, 43% used [0x00000000e0000000,0x00000000e50d1208,0x00000000eba80000)
  from space 19456K, 99% used [0x00000000ed100000,0x00000000ee3fa080,0x00000000ee400000)
  to   space 23040K, 0% used [0x00000000eba80000,0x00000000eba80000,0x00000000ed100000)
 ParOldGen       total 141312K, used 67143K [0x00000000a0000000, 0x00000000a8a00000, 0x00000000e0000000)
  object space 141312K, 47% used [0x00000000a0000000,0x00000000a4191d30,0x00000000a8a00000)
 Metaspace       used 81354K, capacity 85000K, committed 85032K, reserved 1122304K
  class space    used 10798K, capacity 11529K, committed 11560K, reserved 1048576K

Card table byte_map: [0x0000000012410000,0x0000000012720000] byte_map_base: 0x0000000011f10000

Marking Bits: (ParMarkBitMap*) 0x0000000055689f30
 Begin Bits: [0x0000000012d20000, 0x0000000014520000)
 End Bits:   [0x0000000014520000, 0x0000000015d20000)

Polling page: 0x0000000000e10000

CodeCache: size=245760Kb used=33728Kb max_used=33728Kb free=212031Kb
 bounds [0x0000000003050000, 0x0000000005170000, 0x0000000012050000]
 total_blobs=11092 nmethods=10236 adapters=768
 compilation: enabled

Compilation events (10 events):
Event: 92.699 Thread 0x0000000017d6a000 nmethod 12010 0x0000000005163a90 code [0x0000000005163c20, 0x0000000005163da8]
Event: 92.699 Thread 0x0000000017d6a000 12011       2       com.sun.org.apache.xerces.internal.util.SymbolTable::<init> (134 bytes)
Event: 92.699 Thread 0x0000000017d6a000 nmethod 12011 0x0000000005163e50 code [0x0000000005164080, 0x00000000051648e8]
Event: 92.700 Thread 0x0000000017d6a000 12013       2       com.sun.org.apache.xerces.internal.impl.XMLErrorReporter::putMessageFormatter (13 bytes)
Event: 92.700 Thread 0x0000000017d6a000 nmethod 12013 0x0000000005164dd0 code [0x0000000005164f40, 0x00000000051650c8]
Event: 92.700 Thread 0x0000000017d6a000 12012       2       com.sun.org.apache.xerces.internal.parsers.XIncludeAwareParserConfiguration::<init> (8 bytes)
Event: 92.700 Thread 0x0000000017d6a000 nmethod 12012 0x0000000005165150 code [0x00000000051652c0, 0x0000000005165448]
Event: 92.700 Thread 0x0000000017d6a000 12014       1       com.sun.org.apache.xerces.internal.dom.CommentImpl::getNodeType (3 bytes)
Event: 92.700 Thread 0x0000000017d6a000 nmethod 12014 0x00000000051654d0 code [0x0000000005165620, 0x0000000005165730]
Event: 92.702 Thread 0x0000000017d6a000 12015       1       com.sun.org.apache.xerces.internal.impl.dtd.XMLDTDValidator::setProperty (1 bytes)

GC Heap History (10 events):
Event: 6.834 GC heap before
{Heap before GC invocations=15 (full 3):
 PSYoungGen      total 177152K, used 14538K [0x00000000e0000000, 0x00000000ed480000, 0x0000000100000000)
  eden space 159232K, 0% used [0x00000000e0000000,0x00000000e0000000,0x00000000e9b80000)
  from space 17920K, 81% used [0x00000000eae80000,0x00000000ebcb2828,0x00000000ec000000)
  to   space 19456K, 0% used [0x00000000e9b80000,0x00000000e9b80000,0x00000000eae80000)
 ParOldGen       total 95232K, used 31243K [0x00000000a0000000, 0x00000000a5d00000, 0x00000000e0000000)
  object space 95232K, 32% used [0x00000000a0000000,0x00000000a1e82d88,0x00000000a5d00000)
 Metaspace       used 56969K, capacity 59044K, committed 59160K, reserved 1099776K
  class space    used 7784K, capacity 8271K, committed 8360K, reserved 1048576K
Event: 7.021 GC heap after
Heap after GC invocations=15 (full 3):
 PSYoungGen      total 177152K, used 0K [0x00000000e0000000, 0x00000000ed480000, 0x0000000100000000)
  eden space 159232K, 0% used [0x00000000e0000000,0x00000000e0000000,0x00000000e9b80000)
  from space 17920K, 0% used [0x00000000eae80000,0x00000000eae80000,0x00000000ec000000)
  to   space 19456K, 0% used [0x00000000e9b80000,0x00000000e9b80000,0x00000000eae80000)
 ParOldGen       total 141312K, used 35104K [0x00000000a0000000, 0x00000000a8a00000, 0x00000000e0000000)
  object space 141312K, 24% used [0x00000000a0000000,0x00000000a2248260,0x00000000a8a00000)
 Metaspace       used 56962K, capacity 59020K, committed 59160K, reserved 1099776K
  class space    used 7782K, capacity 8267K, committed 8360K, reserved 1048576K
}
Event: 8.377 GC heap before
{Heap before GC invocations=16 (full 3):
 PSYoungGen      total 177152K, used 159232K [0x00000000e0000000, 0x00000000ed480000, 0x0000000100000000)
  eden space 159232K, 100% used [0x00000000e0000000,0x00000000e9b80000,0x00000000e9b80000)
  from space 17920K, 0% used [0x00000000eae80000,0x00000000eae80000,0x00000000ec000000)
  to   space 19456K, 0% used [0x00000000e9b80000,0x00000000e9b80000,0x00000000eae80000)
 ParOldGen       total 141312K, used 35104K [0x00000000a0000000, 0x00000000a8a00000, 0x00000000e0000000)
  object space 141312K, 24% used [0x00000000a0000000,0x00000000a2248260,0x00000000a8a00000)
 Metaspace       used 62361K, capacity 64920K, committed 64936K, reserved 1105920K
  class space    used 8583K, capacity 9119K, committed 9128K, reserved 1048576K
Event: 8.398 GC heap after
Heap after GC invocations=16 (full 3):
 PSYoungGen      total 178688K, used 12556K [0x00000000e0000000, 0x00000000ee400000, 0x0000000100000000)
  eden space 159232K, 0% used [0x00000000e0000000,0x00000000e0000000,0x00000000e9b80000)
  from space 19456K, 64% used [0x00000000e9b80000,0x00000000ea7c3110,0x00000000eae80000)
  to   space 19456K, 0% used [0x00000000ed100000,0x00000000ed100000,0x00000000ee400000)
 ParOldGen       total 141312K, used 35112K [0x00000000a0000000, 0x00000000a8a00000, 0x00000000e0000000)
  object space 141312K, 24% used [0x00000000a0000000,0x00000000a224a260,0x00000000a8a00000)
 Metaspace       used 62361K, capacity 64920K, committed 64936K, reserved 1105920K
  class space    used 8583K, capacity 9119K, committed 9128K, reserved 1048576K
}
Event: 9.604 GC heap before
{Heap before GC invocations=17 (full 3):
 PSYoungGen      total 178688K, used 171788K [0x00000000e0000000, 0x00000000ee400000, 0x0000000100000000)
  eden space 159232K, 100% used [0x00000000e0000000,0x00000000e9b80000,0x00000000e9b80000)
  from space 19456K, 64% used [0x00000000e9b80000,0x00000000ea7c3110,0x00000000eae80000)
  to   space 19456K, 0% used [0x00000000ed100000,0x00000000ed100000,0x00000000ee400000)
 ParOldGen       total 141312K, used 35112K [0x00000000a0000000, 0x00000000a8a00000, 0x00000000e0000000)
  object space 141312K, 24% used [0x00000000a0000000,0x00000000a224a260,0x00000000a8a00000)
 Metaspace       used 69413K, capacity 72098K, committed 72360K, reserved 1112064K
  class space    used 9485K, capacity 10046K, committed 10152K, reserved 1048576K
Event: 9.629 GC heap after
Heap after GC invocations=17 (full 3):
 PSYoungGen      total 210432K, used 19430K [0x00000000e0000000, 0x00000000eea80000, 0x0000000100000000)
  eden space 190976K, 0% used [0x00000000e0000000,0x00000000e0000000,0x00000000eba80000)
  from space 19456K, 99% used [0x00000000ed100000,0x00000000ee3f9b00,0x00000000ee400000)
  to   space 23040K, 0% used [0x00000000eba80000,0x00000000eba80000,0x00000000ed100000)
 ParOldGen       total 141312K, used 38546K [0x00000000a0000000, 0x00000000a8a00000, 0x00000000e0000000)
  object space 141312K, 27% used [0x00000000a0000000,0x00000000a25a4870,0x00000000a8a00000)
 Metaspace       used 69413K, capacity 72098K, committed 72360K, reserved 1112064K
  class space    used 9485K, capacity 10046K, committed 10152K, reserved 1048576K
}
Event: 89.776 GC heap before
{Heap before GC invocations=18 (full 3):
 PSYoungGen      total 210432K, used 210406K [0x00000000e0000000, 0x00000000eea80000, 0x0000000100000000)
  eden space 190976K, 100% used [0x00000000e0000000,0x00000000eba80000,0x00000000eba80000)
  from space 19456K, 99% used [0x00000000ed100000,0x00000000ee3f9b00,0x00000000ee400000)
  to   space 23040K, 0% used [0x00000000eba80000,0x00000000eba80000,0x00000000ed100000)
 ParOldGen       total 141312K, used 38546K [0x00000000a0000000, 0x00000000a8a00000, 0x00000000e0000000)
  object space 141312K, 27% used [0x00000000a0000000,0x00000000a25a4870,0x00000000a8a00000)
 Metaspace       used 76088K, capacity 79542K, committed 79784K, reserved 1118208K
  class space    used 10129K, capacity 10848K, committed 10920K, reserved 1048576K
Event: 89.800 GC heap after
Heap after GC invocations=18 (full 3):
 PSYoungGen      total 214016K, used 20973K [0x00000000e0000000, 0x00000000eea80000, 0x0000000100000000)
  eden space 190976K, 0% used [0x00000000e0000000,0x00000000e0000000,0x00000000eba80000)
  from space 23040K, 91% used [0x00000000eba80000,0x00000000ecefb6f8,0x00000000ed100000)
  to   space 19456K, 0% used [0x00000000ed100000,0x00000000ed100000,0x00000000ee400000)
 ParOldGen       total 141312K, used 47575K [0x00000000a0000000, 0x00000000a8a00000, 0x00000000e0000000)
  object space 141312K, 33% used [0x00000000a0000000,0x00000000a2e75e00,0x00000000a8a00000)
 Metaspace       used 76088K, capacity 79542K, committed 79784K, reserved 1118208K
  class space    used 10129K, capacity 10848K, committed 10920K, reserved 1048576K
}
Event: 91.802 GC heap before
{Heap before GC invocations=19 (full 3):
 PSYoungGen      total 214016K, used 211949K [0x00000000e0000000, 0x00000000eea80000, 0x0000000100000000)
  eden space 190976K, 100% used [0x00000000e0000000,0x00000000eba80000,0x00000000eba80000)
  from space 23040K, 91% used [0x00000000eba80000,0x00000000ecefb6f8,0x00000000ed100000)
  to   space 19456K, 0% used [0x00000000ed100000,0x00000000ed100000,0x00000000ee400000)
 ParOldGen       total 141312K, used 47575K [0x00000000a0000000, 0x00000000a8a00000, 0x00000000e0000000)
  object space 141312K, 33% used [0x00000000a0000000,0x00000000a2e75e00,0x00000000a8a00000)
 Metaspace       used 79760K, capacity 83396K, committed 83624K, reserved 1122304K
  class space    used 10598K, capacity 11349K, committed 11432K, reserved 1048576K
Event: 91.833 GC heap after
Heap after GC invocations=19 (full 3):
 PSYoungGen      total 210432K, used 19432K [0x00000000e0000000, 0x00000000eea80000, 0x0000000100000000)
  eden space 190976K, 0% used [0x00000000e0000000,0x00000000e0000000,0x00000000eba80000)
  from space 19456K, 99% used [0x00000000ed100000,0x00000000ee3fa080,0x00000000ee400000)
  to   space 23040K, 0% used [0x00000000eba80000,0x00000000eba80000,0x00000000ed100000)
 ParOldGen       total 141312K, used 67143K [0x00000000a0000000, 0x00000000a8a00000, 0x00000000e0000000)
  object space 141312K, 47% used [0x00000000a0000000,0x00000000a4191d30,0x00000000a8a00000)
 Metaspace       used 79760K, capacity 83396K, committed 83624K, reserved 1122304K
  class space    used 10598K, capacity 11349K, committed 11432K, reserved 1048576K
}

Deoptimization events (10 events):
Event: 92.206 Thread 0x000000001ae28000 Uncommon trap: reason=bimorphic action=maybe_recompile pc=0x0000000004aa5694 method=org.gradle.api.internal.artifacts.transform.DefaultTransformerInvoker.createInvocation(Lorg/gradle/api/internal/artifacts/transform/Transformer;Ljava/io/File;Lorg/gradle/a
Event: 92.284 Thread 0x0000000019ddc800 Uncommon trap: reason=unstable_if action=reinterpret pc=0x0000000004f29d08 method=java.util.concurrent.locks.AbstractQueuedSynchronizer.findNodeFromTail(Ljava/util/concurrent/locks/AbstractQueuedSynchronizer$Node;)Z @ 7
Event: 92.540 Thread 0x000000001ae2c800 Uncommon trap: reason=unstable_if action=reinterpret pc=0x0000000004f026fc method=com.google.common.collect.Lists.equalsImpl(Ljava/util/List;Ljava/lang/Object;)Z @ 38
Event: 92.576 Thread 0x000000001ae2c800 Uncommon trap: reason=bimorphic action=maybe_recompile pc=0x00000000049f4208 method=com.sun.org.apache.xerces.internal.dom.CoreDocumentImpl.isKidOK(Lorg/w3c/dom/Node;Lorg/w3c/dom/Node;)Z @ 39
Event: 92.594 Thread 0x000000001ae2c800 Uncommon trap: reason=unstable_if action=reinterpret pc=0x00000000041c0ed8 method=com.sun.org.apache.xerces.internal.dom.NodeImpl.getOwnerDocument()Lorg/w3c/dom/Document; @ 4
Event: 92.594 Thread 0x000000001ae2c800 Uncommon trap: reason=unstable_if action=reinterpret pc=0x0000000004b523ec method=java.util.regex.Pattern.closure(Ljava/util/regex/Pattern$Node;)Ljava/util/regex/Pattern$Node; @ 113
Event: 92.594 Thread 0x000000001ae2c800 Uncommon trap: reason=unstable_if action=reinterpret pc=0x00000000035d5b5c method=java.util.regex.Pattern$Curly.match(Ljava/util/regex/Matcher;ILjava/lang/CharSequence;)Z @ 45
Event: 92.605 Thread 0x000000001ae2c800 Uncommon trap: reason=bimorphic action=maybe_recompile pc=0x00000000049f4208 method=com.sun.org.apache.xerces.internal.dom.CoreDocumentImpl.isKidOK(Lorg/w3c/dom/Node;Lorg/w3c/dom/Node;)Z @ 39
Event: 92.605 Thread 0x000000001ae2c800 Uncommon trap: reason=bimorphic action=maybe_recompile pc=0x00000000049f4208 method=com.sun.org.apache.xerces.internal.dom.CoreDocumentImpl.isKidOK(Lorg/w3c/dom/Node;Lorg/w3c/dom/Node;)Z @ 39
Event: 92.607 Thread 0x000000001ae2c800 Uncommon trap: reason=bimorphic action=maybe_recompile pc=0x00000000049f4208 method=com.sun.org.apache.xerces.internal.dom.CoreDocumentImpl.isKidOK(Lorg/w3c/dom/Node;Lorg/w3c/dom/Node;)Z @ 39

Classes redefined (0 events):
No events

Internal exceptions (10 events):
Event: 91.295 Thread 0x000000001ae2d000 Exception <a 'java/lang/NoSuchMethodError': java.lang.Object.lambda$comparingByKey$bbdbfea9$1(Ljava/util/Map$Entry;Ljava/util/Map$Entry;)I> (0x00000000e9c8f7f0) thrown at [D:\src\AOSP-openjdk-cygwin\jdk8u\hotspot\src\share\vm\interpreter\linkResolver.cpp,
Event: 91.375 Thread 0x000000001ae2d000 Implicit null exception at 0x0000000003e2ac5e to 0x0000000003e2ade1
Event: 91.768 Thread 0x000000001ae2d000 Implicit null exception at 0x0000000003310056 to 0x00000000033103e9
Event: 91.917 Thread 0x000000001ae2d000 Implicit null exception at 0x0000000004ffd235 to 0x0000000004ffd2b9
Event: 91.928 Thread 0x000000001ae2d000 Implicit null exception at 0x0000000003c75797 to 0x0000000003c75add
Event: 92.036 Thread 0x000000001ae2d000 Exception <a 'java/lang/NoSuchMethodError': <clinit>> (0x00000000e12fef88) thrown at [D:\src\AOSP-openjdk-cygwin\jdk8u\hotspot\src\share\vm\prims\jni.cpp, line 1614]
Event: 92.037 Thread 0x000000001ae2d000 Exception <a 'java/lang/NoSuchMethodError': <clinit>> (0x00000000e1310098) thrown at [D:\src\AOSP-openjdk-cygwin\jdk8u\hotspot\src\share\vm\prims\jni.cpp, line 1614]
Event: 92.038 Thread 0x000000001ae2d000 Exception <a 'java/lang/NoSuchMethodError': <clinit>> (0x00000000e132b548) thrown at [D:\src\AOSP-openjdk-cygwin\jdk8u\hotspot\src\share\vm\prims\jni.cpp, line 1614]
Event: 92.038 Thread 0x000000001ae2d000 Exception <a 'java/lang/NoSuchMethodError': <clinit>> (0x00000000e1330430) thrown at [D:\src\AOSP-openjdk-cygwin\jdk8u\hotspot\src\share\vm\prims\jni.cpp, line 1614]
Event: 92.039 Thread 0x000000001ae2d000 Exception <a 'java/lang/NoSuchMethodError': <clinit>> (0x00000000e13413a0) thrown at [D:\src\AOSP-openjdk-cygwin\jdk8u\hotspot\src\share\vm\prims\jni.cpp, line 1614]

Events (10 events):
Event: 92.595 loading class com/android/manifmerger/XmlNode$NodeName done
Event: 92.605 Thread 0x000000001ae2c800 Uncommon trap: trap_request=0xffffffc6 fr.pc=0x00000000049f4208
Event: 92.605 Thread 0x000000001ae2c800 DEOPT PACKING pc=0x00000000049f4208 sp=0x00000000259eb080
Event: 92.605 Thread 0x000000001ae2c800 DEOPT UNPACKING pc=0x000000000309557b sp=0x00000000259eaf98 mode 2
Event: 92.605 Thread 0x000000001ae2c800 Uncommon trap: trap_request=0xffffffc6 fr.pc=0x00000000049f4208
Event: 92.605 Thread 0x000000001ae2c800 DEOPT PACKING pc=0x00000000049f4208 sp=0x00000000259eafc0
Event: 92.605 Thread 0x000000001ae2c800 DEOPT UNPACKING pc=0x000000000309557b sp=0x00000000259eaed8 mode 2
Event: 92.607 Thread 0x000000001ae2c800 Uncommon trap: trap_request=0xffffffc6 fr.pc=0x00000000049f4208
Event: 92.607 Thread 0x000000001ae2c800 DEOPT PACKING pc=0x00000000049f4208 sp=0x00000000259eb080
Event: 92.607 Thread 0x000000001ae2c800 DEOPT UNPACKING pc=0x000000000309557b sp=0x00000000259eaf98 mode 2


Dynamic libraries:
0x00007ff6cc8b0000 - 0x00007ff6cc8e1000 	E:\androidstudio\jre\bin\java.exe
0x00007ff977040000 - 0x00007ff977230000 	C:\WINDOWS\SYSTEM32\ntdll.dll
0x00007ff976ed0000 - 0x00007ff976f82000 	C:\WINDOWS\System32\KERNEL32.DLL
0x00007ff974ba0000 - 0x00007ff974e43000 	C:\WINDOWS\System32\KERNELBASE.dll
0x00007ff975290000 - 0x00007ff975333000 	C:\WINDOWS\System32\ADVAPI32.dll
0x00007ff975f50000 - 0x00007ff975fee000 	C:\WINDOWS\System32\msvcrt.dll
0x00007ff9751f0000 - 0x00007ff975287000 	C:\WINDOWS\System32\sechost.dll
0x00007ff975cb0000 - 0x00007ff975dd0000 	C:\WINDOWS\System32\RPCRT4.dll
0x00007ff976830000 - 0x00007ff9769c4000 	C:\WINDOWS\System32\USER32.dll
0x00007ff973fd0000 - 0x00007ff973ff1000 	C:\WINDOWS\System32\win32u.dll
0x00007ff975a40000 - 0x00007ff975a66000 	C:\WINDOWS\System32\GDI32.dll
0x00007ff974e50000 - 0x00007ff974fe4000 	C:\WINDOWS\System32\gdi32full.dll
0x00007ff974a20000 - 0x00007ff974abe000 	C:\WINDOWS\System32\msvcp_win.dll
0x00007ff974ff0000 - 0x00007ff9750ea000 	C:\WINDOWS\System32\ucrtbase.dll
0x00007ff967f00000 - 0x00007ff968185000 	C:\WINDOWS\WinSxS\amd64_microsoft.windows.common-controls_6595b64144ccf1df_6.0.18362.657_none_e6c5b579130e3898\COMCTL32.dll
0x00007ff976b90000 - 0x00007ff976ec6000 	C:\WINDOWS\System32\combase.dll
0x00007ff9741a0000 - 0x00007ff974220000 	C:\WINDOWS\System32\bcryptPrimitives.dll
0x00007ff975dd0000 - 0x00007ff975dfe000 	C:\WINDOWS\System32\IMM32.DLL
0x0000000055a80000 - 0x0000000055b52000 	E:\androidstudio\jre\jre\bin\msvcr100.dll
0x0000000054ec0000 - 0x0000000055706000 	E:\androidstudio\jre\jre\bin\server\jvm.dll
0x00007ff9750f0000 - 0x00007ff9750f8000 	C:\WINDOWS\System32\PSAPI.DLL
0x00007ff9653f0000 - 0x00007ff9653f9000 	C:\WINDOWS\SYSTEM32\WSOCK32.dll
0x00007ff976f90000 - 0x00007ff976fff000 	C:\WINDOWS\System32\WS2_32.dll
0x00007ff971e50000 - 0x00007ff971e74000 	C:\WINDOWS\SYSTEM32\WINMM.dll
0x00007ff96e4a0000 - 0x00007ff96e4aa000 	C:\WINDOWS\SYSTEM32\VERSION.dll
0x00007ff9718d0000 - 0x00007ff9718fd000 	C:\WINDOWS\SYSTEM32\winmmbase.dll
0x00007ff974000000 - 0x00007ff97404a000 	C:\WINDOWS\System32\cfgmgr32.dll
0x00007ff965150000 - 0x00007ff96515f000 	E:\androidstudio\jre\jre\bin\verify.dll
0x00007ff964af0000 - 0x00007ff964b19000 	E:\androidstudio\jre\jre\bin\java.dll
0x00007ff9647f0000 - 0x00007ff964806000 	E:\androidstudio\jre\jre\bin\zip.dll
0x00007ff975ff0000 - 0x00007ff9766d5000 	C:\WINDOWS\System32\SHELL32.dll
0x00007ff976ae0000 - 0x00007ff976b89000 	C:\WINDOWS\System32\shcore.dll
0x00007ff974220000 - 0x00007ff97499f000 	C:\WINDOWS\System32\windows.storage.dll
0x00007ff973f90000 - 0x00007ff973faf000 	C:\WINDOWS\System32\profapi.dll
0x00007ff973f20000 - 0x00007ff973f6a000 	C:\WINDOWS\System32\powrprof.dll
0x00007ff973f10000 - 0x00007ff973f20000 	C:\WINDOWS\System32\UMPDC.dll
0x00007ff9769d0000 - 0x00007ff976a22000 	C:\WINDOWS\System32\shlwapi.dll
0x00007ff973fb0000 - 0x00007ff973fc1000 	C:\WINDOWS\System32\kernel.appcore.dll
0x00007ff974a00000 - 0x00007ff974a17000 	C:\WINDOWS\System32\cryptsp.dll
0x00007ff964120000 - 0x00007ff96413a000 	E:\androidstudio\jre\jre\bin\net.dll
0x00007ff967cb0000 - 0x00007ff967e86000 	C:\WINDOWS\SYSTEM32\urlmon.dll
0x00007ff9696a0000 - 0x00007ff969946000 	C:\WINDOWS\SYSTEM32\iertutil.dll
0x00007ff973920000 - 0x00007ff97392c000 	C:\WINDOWS\SYSTEM32\CRYPTBASE.DLL
0x00007ff973750000 - 0x00007ff9737b7000 	C:\WINDOWS\system32\mswsock.dll
0x00007ff963e20000 - 0x00007ff963e33000 	E:\androidstudio\jre\jre\bin\nio.dll
0x00007ff9707f0000 - 0x00007ff970816000 	C:\Users\Administrator\.gradle\native\30\windows-amd64\native-platform.dll
0x00007ff964980000 - 0x00007ff96498d000 	E:\androidstudio\jre\jre\bin\management.dll
0x00007ff973260000 - 0x00007ff973293000 	C:\WINDOWS\system32\rsaenh.dll
0x00007ff974b70000 - 0x00007ff974b96000 	C:\WINDOWS\System32\bcrypt.dll
0x00007ff973e00000 - 0x00007ff973e25000 	C:\WINDOWS\SYSTEM32\USERENV.dll
0x00007ff973400000 - 0x00007ff97343a000 	C:\WINDOWS\SYSTEM32\IPHLPAPI.DLL
0x00007ff9766e0000 - 0x00007ff9766e8000 	C:\WINDOWS\System32\NSI.dll
0x00007ff96a780000 - 0x00007ff96a796000 	C:\WINDOWS\SYSTEM32\dhcpcsvc6.DLL
0x00007ff96daf0000 - 0x00007ff96db0c000 	C:\WINDOWS\SYSTEM32\dhcpcsvc.DLL
0x00007ff9734a0000 - 0x00007ff97356a000 	C:\WINDOWS\SYSTEM32\DNSAPI.dll

VM Arguments:
jvm_args: -Xmx1536m -Dfile.encoding=GBK -Duser.country=CN -Duser.language=zh -Duser.variant 
java_command: org.gradle.launcher.daemon.bootstrap.GradleDaemon 5.6.4
java_class_path (initial): C:\Users\Administrator\.gradle\wrapper\dists\gradle-5.6.4-all\ankdp27end7byghfw1q2sw75f\gradle-5.6.4\lib\gradle-launcher-5.6.4.jar
Launcher Type: SUN_STANDARD

Environment Variables:
PATH=C:\WINDOWS\system32;C:\WINDOWS;C:\WINDOWS\System32\Wbem;C:\WINDOWS\System32\WindowsPowerShell\v1.0\;C:\WINDOWS\System32\OpenSSH\;C:\Program Files (x86)\NVIDIA Corporation\PhysX\Common;C:\Program Files\NVIDIA Corporation\NVIDIA NvDLISR;C:\WINDOWS\system32;C:\WINDOWS;C:\WINDOWS\System32\Wbem;C:\WINDOWS\System32\WindowsPowerShell\v1.0\;C:\WINDOWS\System32\OpenSSH\;C:\Users\Administrator\AppData\Local\Microsoft\WindowsApps;
USERNAME=Administrator
OS=Windows_NT
PROCESSOR_IDENTIFIER=Intel64 Family 6 Model 158 Stepping 9, GenuineIntel



---------------  S Y S T E M  ---------------

OS: Windows 10.0 , 64 bit Build 18362 (10.0.18362.329)

CPU:total 4 (initial active 4) (4 cores per cpu, 1 threads per core) family 6 model 158 stepping 9, cmov, cx8, fxsr, mmx, sse, sse2, sse3, ssse3, sse4.1, sse4.2, popcnt, avx, avx2, aes, clmul, erms, 3dnowpref, lzcnt, tsc, tscinvbit, bmi1, bmi2, adx

Memory: 4k page, physical 8338836k(2474324k free), swap 9325168k(5204k free)

vm_info: OpenJDK 64-Bit Server VM (25.212-b04) for windows-amd64 JRE (1.8.0_212-release-1586-b04), built by "builder" with MS VC++ 10.0 (VS2010)

time: Sun Mar 01 16:55:51 2020
timezone: 中国标准时间
elapsed time: 92 seconds (0d 0h 1m 32s)

