#
# There is insufficient memory for the Java Runtime Environment to continue.
# Native memory allocation (malloc) failed to allocate 1837712 bytes for Chunk::new
# Possible reasons:
#   The system is out of physical RAM or swap space
#   The process is running with CompressedOops enabled, and the Java Heap may be blocking the growth of the native heap
# Possible solutions:
#   Reduce memory load on the system
#   Increase physical memory or swap space
#   Check if swap backing store is full
#   Decrease Java heap size (-Xmx/-Xms)
#   Decrease number of Java threads
#   Decrease Java thread stack sizes (-Xss)
#   Set larger code cache with -XX:ReservedCodeCacheSize=
#   JVM is running with Unscaled Compressed Oops mode in which the Java heap is
#     placed in the first 4GB address space. The Java Heap base address is the
#     maximum limit for the native heap growth. Please use -XX:HeapBaseMinAddress
#     to set the Java Heap base and to place the Java Heap above 4GB virtual address.
# This output file may be truncated or incomplete.
#
#  Out of Memory Error (allocation.cpp:389), pid=11400, tid=0x000000000000183c
#
# JRE version: OpenJDK Runtime Environment (8.0_212-b04) (build 1.8.0_212-release-1586-b04)
# Java VM: OpenJDK 64-Bit Server VM (25.212-b04 mixed mode windows-amd64 compressed oops)
# Failed to write core dump. Minidumps are not enabled by default on client versions of Windows
#

---------------  T H R E A D  ---------------

Current thread (0x0000000016a58000):  JavaThread "C2 CompilerThread0" daemon [_thread_in_native, id=6204, stack(0x0000000018360000,0x0000000018460000)]

Stack: [0x0000000018360000,0x0000000018460000]
[error occurred during error reporting (printing stack bounds), id 0xc0000005]

Native frames: (J=compiled Java code, j=interpreted, Vv=VM code, C=native code)


Current CompileTask:
C2:  14538 5609       4       java.net.URLClassLoader$1::run (5 bytes)


---------------  P R O C E S S  ---------------

Java Threads: ( => current thread )
  0x000000001d04e800 JavaThread "Cache worker for file content cache (C:\Users\Administrator\AndroidStudioProjects\MyApplication\.gradle\5.6.4\fileContent)" [_thread_blocked, id=3628, stack(0x0000000023250000,0x0000000023350000)]
  0x000000001d04e000 JavaThread "Cache worker for file content cache (C:\Users\Administrator\.gradle\caches\5.6.4\fileContent)" [_thread_blocked, id=1992, stack(0x0000000022ee0000,0x0000000022fe0000)]
  0x000000001d046800 JavaThread "Memory manager" [_thread_blocked, id=9908, stack(0x0000000022de0000,0x0000000022ee0000)]
  0x000000001d04b800 JavaThread "Cache worker for Build Output Cleanup Cache (C:\Users\Administrator\AndroidStudioProjects\MyApplication\.gradle\buildOutputCleanup)" [_thread_blocked, id=4148, stack(0x00000000222e0000,0x00000000223e0000)]
  0x000000001d04b000 JavaThread "Build operations Thread 4" [_thread_blocked, id=12036, stack(0x0000000021be0000,0x0000000021ce0000)]
  0x000000001d04a000 JavaThread "Build operations Thread 3" [_thread_blocked, id=6208, stack(0x0000000021ae0000,0x0000000021be0000)]
  0x000000001d048000 JavaThread "Build operations Thread 2" [_thread_blocked, id=11592, stack(0x00000000219e0000,0x0000000021ae0000)]
  0x000000001d04d000 JavaThread "Build operations" [_thread_blocked, id=11368, stack(0x00000000218e0000,0x00000000219e0000)]
  0x000000001d049800 JavaThread "Cache worker for execution history cache (C:\Users\Administrator\.gradle\caches\5.6.4\executionHistory)" [_thread_blocked, id=11308, stack(0x000000001edf0000,0x000000001eef0000)]
  0x000000001d047000 JavaThread "Cache worker for cache directory md-rule (C:\Users\Administrator\.gradle\caches\5.6.4\md-rule)" [_thread_blocked, id=1228, stack(0x0000000020610000,0x0000000020710000)]
  0x0000000019ced000 JavaThread "Cache worker for cache directory md-supplier (C:\Users\Administrator\.gradle\caches\5.6.4\md-supplier)" [_thread_blocked, id=10768, stack(0x0000000020510000,0x0000000020610000)]
  0x0000000019cf3800 JavaThread "Cache worker for file hash cache (C:\Users\Administrator\AndroidStudioProjects\MyApplication\.gradle\5.6.4\fileHashes)" [_thread_blocked, id=10968, stack(0x000000001d710000,0x000000001d810000)]
  0x0000000019cef800 JavaThread "Cache worker for journal cache (C:\Users\Administrator\.gradle\caches\journal-1)" [_thread_blocked, id=11496, stack(0x000000001b2e0000,0x000000001b3e0000)]
  0x0000000019cee000 JavaThread "File lock request listener" [_thread_in_native, id=6180, stack(0x000000001b1e0000,0x000000001b2e0000)]
  0x0000000019cf0000 JavaThread "Cache worker for file hash cache (C:\Users\Administrator\.gradle\caches\5.6.4\fileHashes)" [_thread_blocked, id=3168, stack(0x000000001b0e0000,0x000000001b1e0000)]
  0x0000000019bf4000 JavaThread "Thread-9" [_thread_blocked, id=11892, stack(0x000000001ade0000,0x000000001aee0000)]
  0x0000000019bfd000 JavaThread "Stdin handler" [_thread_blocked, id=3552, stack(0x000000001ace0000,0x000000001ade0000)]
  0x0000000019bde800 JavaThread "Asynchronous log dispatcher for DefaultDaemonConnection: socket connection from /127.0.0.1:52971 to /127.0.0.1:52972" [_thread_blocked, id=11488, stack(0x000000001abe0000,0x000000001ace0000)]
  0x0000000019bd7800 JavaThread "Daemon worker" [_thread_in_native, id=11676, stack(0x000000001aae0000,0x000000001abe0000)]
  0x0000000019bce800 JavaThread "Cancel handler" [_thread_blocked, id=11436, stack(0x000000001a9e0000,0x000000001aae0000)]
  0x0000000019bbf800 JavaThread "Handler for socket connection from /127.0.0.1:52971 to /127.0.0.1:52972" [_thread_in_native, id=5944, stack(0x000000001a6e0000,0x000000001a7e0000)]
  0x0000000019bba800 JavaThread "Daemon periodic checks" [_thread_blocked, id=11648, stack(0x000000001a5e0000,0x000000001a6e0000)]
  0x0000000019bab000 JavaThread "Daemon" [_thread_blocked, id=11912, stack(0x000000001a4e0000,0x000000001a5e0000)]
  0x0000000019b37000 JavaThread "Incoming local TCP Connector on port 52971" [_thread_in_native, id=4160, stack(0x000000001a330000,0x000000001a430000)]
  0x0000000017e34000 JavaThread "Daemon health stats" [_thread_blocked, id=9652, stack(0x000000001a030000,0x000000001a130000)]
  0x0000000017dc1000 JavaThread "Service Thread" daemon [_thread_blocked, id=11984, stack(0x0000000018660000,0x0000000018760000)]
  0x0000000017dba800 JavaThread "C1 CompilerThread2" daemon [_thread_in_vm, id=9948, stack(0x0000000018560000,0x0000000018660000)]
  0x0000000017db8000 JavaThread "C2 CompilerThread1" daemon [_thread_in_native, id=12212, stack(0x0000000018460000,0x0000000018560000)]
=>0x0000000016a58000 JavaThread "C2 CompilerThread0" daemon [_thread_in_native, id=6204, stack(0x0000000018360000,0x0000000018460000)]
  0x0000000016a0c000 JavaThread "Attach Listener" daemon [_thread_blocked, id=11864, stack(0x0000000018260000,0x0000000018360000)]
  0x0000000017d68800 JavaThread "Signal Dispatcher" daemon [_thread_blocked, id=3184, stack(0x0000000018160000,0x0000000018260000)]
  0x0000000003084000 JavaThread "Finalizer" daemon [_thread_blocked, id=11356, stack(0x0000000017c60000,0x0000000017d60000)]
  0x0000000003081000 JavaThread "Reference Handler" daemon [_thread_blocked, id=7468, stack(0x0000000017b60000,0x0000000017c60000)]
  0x0000000002f8d800 JavaThread "main" [_thread_blocked, id=11712, stack(0x0000000002e00000,0x0000000002f00000)]

Other Threads:
  0x00000000169c6800 VMThread [stack: 0x0000000017a60000,0x0000000017b60000] [id=8832]
  0x0000000017dc2000 WatcherThread [stack: 0x0000000018760000,0x0000000018860000] [id=12220]

VM state:not at safepoint (normal execution)

VM Mutex/Monitor currently owned by a thread: None

heap address: 0x00000000a0000000, size: 1536 MB, Compressed Oops mode: 32-bit
Narrow klass base: 0x0000000000000000, Narrow klass shift: 3
Compressed class space size: 1073741824 Address: 0x0000000100000000

Heap:
 PSYoungGen      total 165376K, used 28067K [0x00000000e0000000, 0x00000000ebb00000, 0x0000000100000000)
  eden space 152576K, 18% used [0x00000000e0000000,0x00000000e1b68d40,0x00000000e9500000)
  from space 12800K, 0% used [0x00000000eae80000,0x00000000eae80000,0x00000000ebb00000)
  to   space 14848K, 0% used [0x00000000e9e00000,0x00000000e9e00000,0x00000000eac80000)
 ParOldGen       total 81408K, used 30729K [0x00000000a0000000, 0x00000000a4f80000, 0x00000000e0000000)
  object space 81408K, 37% used [0x00000000a0000000,0x00000000a1e02488,0x00000000a4f80000)
 Metaspace       used 58471K, capacity 60456K, committed 60800K, reserved 1101824K
  class space    used 7992K, capacity 8457K, committed 8576K, reserved 1048576K

Card table byte_map: [0x0000000012450000,0x0000000012760000] byte_map_base: 0x0000000011f50000

Marking Bits: (ParMarkBitMap*) 0x0000000055689f30
 Begin Bits: [0x0000000012d60000, 0x0000000014560000)
 End Bits:   [0x0000000014560000, 0x0000000015d60000)

Polling page: 0x00000000009f0000

CodeCache: size=245760Kb used=19160Kb max_used=19160Kb free=226599Kb
 bounds [0x0000000003090000, 0x0000000004360000, 0x0000000012090000]
 total_blobs=6416 nmethods=5613 adapters=715
 compilation: enabled

Compilation events (10 events):
Event: 14.531 Thread 0x0000000017dba800 6044       3       org.gradle.api.internal.artifacts.ivyservice.resolveengine.result.ComponentSelectionReasonSerializer::writeDescription (28 bytes)
Event: 14.531 Thread 0x0000000017dba800 nmethod 6044 0x00000000043505d0 code [0x0000000004350780, 0x0000000004350d48]
Event: 14.531 Thread 0x0000000017dba800 6042       1       org.gradle.api.internal.artifacts.ivyservice.resolveengine.result.DefaultComponentSelectionDescriptor::getDescribable (5 bytes)
Event: 14.531 Thread 0x0000000017dba800 nmethod 6042 0x0000000004350fd0 code [0x0000000004351120, 0x0000000004351230]
Event: 14.532 Thread 0x0000000017dba800 6045       3       org.gradle.api.internal.attributes.AttributeDesugaring::desugar (31 bytes)
Event: 14.532 Thread 0x0000000017dba800 nmethod 6045 0x0000000004351290 code [0x0000000004351460, 0x0000000004351bd8]
Event: 14.532 Thread 0x0000000017dba800 6046       3       java.util.ArrayDeque::calculateSize (55 bytes)
Event: 14.532 Thread 0x0000000017dba800 nmethod 6046 0x0000000004351f50 code [0x00000000043520a0, 0x0000000004352290]
Event: 14.532 Thread 0x0000000017dba800 6047       3       org.gradle.api.internal.artifacts.ivyservice.resolveengine.graph.builder.NodeState::shouldIncludedInGraphResult (26 bytes)
Event: 14.533 Thread 0x0000000017dba800 nmethod 6047 0x0000000004352310 code [0x00000000043524c0, 0x0000000004352a28]

GC Heap History (10 events):
Event: 8.921 GC heap before
{Heap before GC invocations=11 (full 2):
 PSYoungGen      total 126464K, used 10310K [0x00000000e0000000, 0x00000000ebb00000, 0x0000000100000000)
  eden space 114688K, 0% used [0x00000000e0000000,0x00000000e0000000,0x00000000e7000000)
  from space 11776K, 87% used [0x00000000e7000000,0x00000000e7a11808,0x00000000e7b80000)
  to   space 12800K, 0% used [0x00000000eae80000,0x00000000eae80000,0x00000000ebb00000)
 ParOldGen       total 55808K, used 9773K [0x00000000a0000000, 0x00000000a3680000, 0x00000000e0000000)
  object space 55808K, 17% used [0x00000000a0000000,0x00000000a098b748,0x00000000a3680000)
 Metaspace       used 34572K, capacity 35336K, committed 35456K, reserved 1079296K
  class space    used 4725K, capacity 4925K, committed 4992K, reserved 1048576K
Event: 8.977 GC heap after
Heap after GC invocations=11 (full 2):
 PSYoungGen      total 126464K, used 0K [0x00000000e0000000, 0x00000000ebb00000, 0x0000000100000000)
  eden space 114688K, 0% used [0x00000000e0000000,0x00000000e0000000,0x00000000e7000000)
  from space 11776K, 0% used [0x00000000e7000000,0x00000000e7000000,0x00000000e7b80000)
  to   space 12800K, 0% used [0x00000000eae80000,0x00000000eae80000,0x00000000ebb00000)
 ParOldGen       total 81408K, used 17496K [0x00000000a0000000, 0x00000000a4f80000, 0x00000000e0000000)
  object space 81408K, 21% used [0x00000000a0000000,0x00000000a1116310,0x00000000a4f80000)
 Metaspace       used 34564K, capacity 35312K, committed 35456K, reserved 1079296K
  class space    used 4722K, capacity 4921K, committed 4992K, reserved 1048576K
}
Event: 11.053 GC heap before
{Heap before GC invocations=12 (full 2):
 PSYoungGen      total 126464K, used 114233K [0x00000000e0000000, 0x00000000ebb00000, 0x0000000100000000)
  eden space 114688K, 99% used [0x00000000e0000000,0x00000000e6f8e428,0x00000000e7000000)
  from space 11776K, 0% used [0x00000000e7000000,0x00000000e7000000,0x00000000e7b80000)
  to   space 12800K, 0% used [0x00000000eae80000,0x00000000eae80000,0x00000000ebb00000)
 ParOldGen       total 81408K, used 17496K [0x00000000a0000000, 0x00000000a4f80000, 0x00000000e0000000)
  object space 81408K, 21% used [0x00000000a0000000,0x00000000a1116310,0x00000000a4f80000)
 Metaspace       used 44764K, capacity 46000K, committed 46336K, reserved 1089536K
  class space    used 6019K, capacity 6320K, committed 6400K, reserved 1048576K
Event: 11.070 GC heap after
Heap after GC invocations=12 (full 2):
 PSYoungGen      total 165376K, used 12779K [0x00000000e0000000, 0x00000000ebb00000, 0x0000000100000000)
  eden space 152576K, 0% used [0x00000000e0000000,0x00000000e0000000,0x00000000e9500000)
  from space 12800K, 99% used [0x00000000eae80000,0x00000000ebafaef8,0x00000000ebb00000)
  to   space 14848K, 0% used [0x00000000e9e00000,0x00000000e9e00000,0x00000000eac80000)
 ParOldGen       total 81408K, used 19264K [0x00000000a0000000, 0x00000000a4f80000, 0x00000000e0000000)
  object space 81408K, 23% used [0x00000000a0000000,0x00000000a12d0018,0x00000000a4f80000)
 Metaspace       used 44764K, capacity 46000K, committed 46336K, reserved 1089536K
  class space    used 6019K, capacity 6320K, committed 6400K, reserved 1048576K
}
Event: 13.561 GC heap before
{Heap before GC invocations=13 (full 2):
 PSYoungGen      total 165376K, used 165355K [0x00000000e0000000, 0x00000000ebb00000, 0x0000000100000000)
  eden space 152576K, 100% used [0x00000000e0000000,0x00000000e9500000,0x00000000e9500000)
  from space 12800K, 99% used [0x00000000eae80000,0x00000000ebafaef8,0x00000000ebb00000)
  to   space 14848K, 0% used [0x00000000e9e00000,0x00000000e9e00000,0x00000000eac80000)
 ParOldGen       total 81408K, used 19264K [0x00000000a0000000, 0x00000000a4f80000, 0x00000000e0000000)
  object space 81408K, 23% used [0x00000000a0000000,0x00000000a12d0018,0x00000000a4f80000)
 Metaspace       used 56459K, capacity 58326K, committed 58368K, reserved 1099776K
  class space    used 7715K, capacity 8164K, committed 8192K, reserved 1048576K
Event: 13.594 GC heap after
Heap after GC invocations=13 (full 2):
 PSYoungGen      total 167424K, used 14840K [0x00000000e0000000, 0x00000000ebb00000, 0x0000000100000000)
  eden space 152576K, 0% used [0x00000000e0000000,0x00000000e0000000,0x00000000e9500000)
  from space 14848K, 99% used [0x00000000e9e00000,0x00000000eac7e0a8,0x00000000eac80000)
  to   space 12800K, 0% used [0x00000000eae80000,0x00000000eae80000,0x00000000ebb00000)
 ParOldGen       total 81408K, used 28143K [0x00000000a0000000, 0x00000000a4f80000, 0x00000000e0000000)
  object space 81408K, 34% used [0x00000000a0000000,0x00000000a1b7bf20,0x00000000a4f80000)
 Metaspace       used 56459K, capacity 58326K, committed 58368K, reserved 1099776K
  class space    used 7715K, capacity 8164K, committed 8192K, reserved 1048576K
}
Event: 13.809 GC heap before
{Heap before GC invocations=14 (full 2):
 PSYoungGen      total 167424K, used 29570K [0x00000000e0000000, 0x00000000ebb00000, 0x0000000100000000)
  eden space 152576K, 9% used [0x00000000e0000000,0x00000000e0e62780,0x00000000e9500000)
  from space 14848K, 99% used [0x00000000e9e00000,0x00000000eac7e0a8,0x00000000eac80000)
  to   space 12800K, 0% used [0x00000000eae80000,0x00000000eae80000,0x00000000ebb00000)
 ParOldGen       total 81408K, used 28143K [0x00000000a0000000, 0x00000000a4f80000, 0x00000000e0000000)
  object space 81408K, 34% used [0x00000000a0000000,0x00000000a1b7bf20,0x00000000a4f80000)
 Metaspace       used 57175K, capacity 59024K, committed 59096K, reserved 1099776K
  class space    used 7830K, capacity 8275K, committed 8320K, reserved 1048576K
Event: 13.888 GC heap after
Heap after GC invocations=14 (full 2):
 PSYoungGen      total 165376K, used 1024K [0x00000000e0000000, 0x00000000ebb00000, 0x0000000100000000)
  eden space 152576K, 0% used [0x00000000e0000000,0x00000000e0000000,0x00000000e9500000)
  from space 12800K, 8% used [0x00000000eae80000,0x00000000eaf80000,0x00000000ebb00000)
  to   space 14848K, 0% used [0x00000000e9e00000,0x00000000e9e00000,0x00000000eac80000)
 ParOldGen       total 81408K, used 36338K [0x00000000a0000000, 0x00000000a4f80000, 0x00000000e0000000)
  object space 81408K, 44% used [0x00000000a0000000,0x00000000a237cab0,0x00000000a4f80000)
 Metaspace       used 57175K, capacity 59024K, committed 59096K, reserved 1099776K
  class space    used 7830K, capacity 8275K, committed 8320K, reserved 1048576K
}
Event: 13.888 GC heap before
{Heap before GC invocations=15 (full 3):
 PSYoungGen      total 165376K, used 1024K [0x00000000e0000000, 0x00000000ebb00000, 0x0000000100000000)
  eden space 152576K, 0% used [0x00000000e0000000,0x00000000e0000000,0x00000000e9500000)
  from space 12800K, 8% used [0x00000000eae80000,0x00000000eaf80000,0x00000000ebb00000)
  to   space 14848K, 0% used [0x00000000e9e00000,0x00000000e9e00000,0x00000000eac80000)
 ParOldGen       total 81408K, used 36338K [0x00000000a0000000, 0x00000000a4f80000, 0x00000000e0000000)
  object space 81408K, 44% used [0x00000000a0000000,0x00000000a237cab0,0x00000000a4f80000)
 Metaspace       used 57175K, capacity 59024K, committed 59096K, reserved 1099776K
  class space    used 7830K, capacity 8275K, committed 8320K, reserved 1048576K
Event: 14.132 GC heap after
Heap after GC invocations=15 (full 3):
 PSYoungGen      total 165376K, used 0K [0x00000000e0000000, 0x00000000ebb00000, 0x0000000100000000)
  eden space 152576K, 0% used [0x00000000e0000000,0x00000000e0000000,0x00000000e9500000)
  from space 12800K, 0% used [0x00000000eae80000,0x00000000eae80000,0x00000000ebb00000)
  to   space 14848K, 0% used [0x00000000e9e00000,0x00000000e9e00000,0x00000000eac80000)
 ParOldGen       total 81408K, used 30729K [0x00000000a0000000, 0x00000000a4f80000, 0x00000000e0000000)
  object space 81408K, 37% used [0x00000000a0000000,0x00000000a1e02488,0x00000000a4f80000)
 Metaspace       used 57175K, capacity 59024K, committed 59096K, reserved 1099776K
  class space    used 7830K, capacity 8275K, committed 8320K, reserved 1048576K
}

Deoptimization events (10 events):
Event: 13.166 Thread 0x0000000019bd7800 Uncommon trap: reason=unstable_if action=reinterpret pc=0x00000000037499cc method=java.util.TreeMap.put(Ljava/lang/Object;Ljava/lang/Object;)Ljava/lang/Object; @ 163
Event: 13.324 Thread 0x0000000019bd7800 Uncommon trap: reason=bimorphic action=maybe_recompile pc=0x0000000003d68700 method=java.util.regex.Pattern$5.isSatisfiedBy(I)Z @ 16
Event: 13.324 Thread 0x0000000019bd7800 Uncommon trap: reason=bimorphic action=maybe_recompile pc=0x0000000003d68700 method=java.util.regex.Pattern$5.isSatisfiedBy(I)Z @ 16
Event: 13.324 Thread 0x0000000019bd7800 Uncommon trap: reason=bimorphic action=maybe_recompile pc=0x0000000003d68700 method=java.util.regex.Pattern$5.isSatisfiedBy(I)Z @ 16
Event: 13.324 Thread 0x0000000019bd7800 Uncommon trap: reason=bimorphic action=maybe_recompile pc=0x0000000003d68700 method=java.util.regex.Pattern$5.isSatisfiedBy(I)Z @ 16
Event: 13.739 Thread 0x0000000019bd7800 Uncommon trap: reason=array_check action=maybe_recompile pc=0x00000000041f75e8 method=java.util.AbstractCollection.toArray([Ljava/lang/Object;)[Ljava/lang/Object; @ 119
Event: 13.740 Thread 0x0000000019bd7800 Uncommon trap: reason=array_check action=maybe_recompile pc=0x00000000041f75e8 method=java.util.AbstractCollection.toArray([Ljava/lang/Object;)[Ljava/lang/Object; @ 119
Event: 13.741 Thread 0x0000000019bd7800 Uncommon trap: reason=array_check action=maybe_recompile pc=0x00000000041f75e8 method=java.util.AbstractCollection.toArray([Ljava/lang/Object;)[Ljava/lang/Object; @ 119
Event: 13.741 Thread 0x0000000019bd7800 Uncommon trap: reason=array_check action=maybe_recompile pc=0x00000000041f75e8 method=java.util.AbstractCollection.toArray([Ljava/lang/Object;)[Ljava/lang/Object; @ 119
Event: 14.153 Thread 0x0000000019bd7800 Uncommon trap: reason=unstable_if action=reinterpret pc=0x00000000040dbaf8 method=com.sun.org.apache.xerces.internal.impl.XMLEntityScanner.peekChar()I @ 14

Classes redefined (0 events):
No events

Internal exceptions (10 events):
Event: 11.880 Thread 0x0000000019bd7800 Exception <a 'java/lang/ClassNotFoundException': org/gradle/api/plugins/internal/DefaultJavaPluginConventionCustomizer> (0x00000000e38a6070) thrown at [D:\src\AOSP-openjdk-cygwin\jdk8u\hotspot\src\share\vm\classfile\systemDictionary.cpp, line 210]
Event: 12.328 Thread 0x0000000019bd7800 Exception <a 'java/lang/NoSuchMethodError': java.lang.Object.lambda$comparingInt$7b0bb60$1(Ljava/util/function/ToIntFunction;Ljava/lang/Object;Ljava/lang/Object;)I> (0x00000000e431fc70) thrown at [D:\src\AOSP-openjdk-cygwin\jdk8u\hotspot\src\share\vm\inte
Event: 12.686 Thread 0x0000000019bd7800 Exception <a 'java/lang/ClassNotFoundException': com/android/build/gradle/internal/api/ApkVariantOutputImpl_DecoratedBeanInfo> (0x00000000e5521de0) thrown at [D:\src\AOSP-openjdk-cygwin\jdk8u\hotspot\src\share\vm\classfile\systemDictionary.cpp, line 210]
Event: 12.686 Thread 0x0000000019bd7800 Exception <a 'java/lang/ClassNotFoundException': com/android/build/gradle/internal/api/ApkVariantOutputImplBeanInfo> (0x00000000e5540b30) thrown at [D:\src\AOSP-openjdk-cygwin\jdk8u\hotspot\src\share\vm\classfile\systemDictionary.cpp, line 210]
Event: 12.687 Thread 0x0000000019bd7800 Exception <a 'java/lang/ClassNotFoundException': com/android/build/gradle/internal/api/BaseVariantOutputImplBeanInfo> (0x00000000e5560df0) thrown at [D:\src\AOSP-openjdk-cygwin\jdk8u\hotspot\src\share\vm\classfile\systemDictionary.cpp, line 210]
Event: 12.687 Thread 0x0000000019bd7800 Exception <a 'java/lang/ClassNotFoundException': com/android/build/gradle/internal/api/BaseVariantOutputImplCustomizer> (0x00000000e5581690) thrown at [D:\src\AOSP-openjdk-cygwin\jdk8u\hotspot\src\share\vm\classfile\systemDictionary.cpp, line 210]
Event: 12.687 Thread 0x0000000019bd7800 Exception <a 'java/lang/ClassNotFoundException': com/android/build/gradle/internal/api/ApkVariantOutputImplCustomizer> (0x00000000e55bbaf8) thrown at [D:\src\AOSP-openjdk-cygwin\jdk8u\hotspot\src\share\vm\classfile\systemDictionary.cpp, line 210]
Event: 12.688 Thread 0x0000000019bd7800 Exception <a 'java/lang/ClassNotFoundException': com/android/build/gradle/internal/api/ApkVariantOutputImpl_DecoratedCustomizer> (0x00000000e55f18b8) thrown at [D:\src\AOSP-openjdk-cygwin\jdk8u\hotspot\src\share\vm\classfile\systemDictionary.cpp, line 210
Event: 13.362 Thread 0x0000000019bd7800 Exception <a 'java/lang/ClassNotFoundException': com/sun/org/glassfish/hk2/osgiresourcelocator/ServiceLoader> (0x00000000e87c02b0) thrown at [D:\src\AOSP-openjdk-cygwin\jdk8u\hotspot\src\share\vm\classfile\systemDictionary.cpp, line 210]
Event: 13.485 Thread 0x0000000019bd7800 Exception <a 'java/lang/NullPointerException'> (0x00000000e8d736e0) thrown at [D:\src\AOSP-openjdk-cygwin\jdk8u\hotspot\src\share\vm\interpreter\linkResolver.cpp, line 1287]

Events (10 events):
Event: 14.534 loading class org/gradle/api/internal/artifacts/ivyservice/resolveengine/oldresult/TransientConfigurationResultsBuilder$5
Event: 14.534 loading class org/gradle/api/internal/artifacts/ivyservice/resolveengine/oldresult/TransientConfigurationResultsBuilder$5 done
Event: 14.535 loading class org/gradle/internal/resolve/result/DefaultBuildableArtifactSetResolveResult
Event: 14.535 loading class org/gradle/internal/resolve/result/DefaultBuildableArtifactSetResolveResult done
Event: 14.535 loading class org/gradle/api/internal/artifacts/ivyservice/modulecache/artifacts/ArtifactsAtRepositoryKey
Event: 14.535 loading class org/gradle/api/internal/artifacts/ivyservice/modulecache/artifacts/ArtifactsAtRepositoryKey done
Event: 14.537 loading class org/gradle/api/internal/artifacts/ivyservice/modulecache/artifacts/DefaultModuleArtifactsCache$ModuleArtifactsKeySerializer
Event: 14.537 loading class org/gradle/api/internal/artifacts/ivyservice/modulecache/artifacts/DefaultModuleArtifactsCache$ModuleArtifactsKeySerializer done
Event: 14.537 loading class org/gradle/api/internal/artifacts/ivyservice/modulecache/artifacts/DefaultModuleArtifactsCache$ModuleArtifactsCacheEntrySerializer
Event: 14.537 loading class org/gradle/api/internal/artifacts/ivyservice/modulecache/artifacts/DefaultModuleArtifactsCache$ModuleArtifactsCacheEntrySerializer done


Dynamic libraries:
0x00007ff6cc8b0000 - 0x00007ff6cc8e1000 	E:\androidstudio\jre\bin\java.exe
0x00007ff977040000 - 0x00007ff977230000 	C:\WINDOWS\SYSTEM32\ntdll.dll
0x00007ff976ed0000 - 0x00007ff976f82000 	C:\WINDOWS\System32\KERNEL32.DLL
0x00007ff974ba0000 - 0x00007ff974e43000 	C:\WINDOWS\System32\KERNELBASE.dll
0x00007ff975290000 - 0x00007ff975333000 	C:\WINDOWS\System32\ADVAPI32.dll
0x00007ff975f50000 - 0x00007ff975fee000 	C:\WINDOWS\System32\msvcrt.dll
0x00007ff9751f0000 - 0x00007ff975287000 	C:\WINDOWS\System32\sechost.dll
0x00007ff975cb0000 - 0x00007ff975dd0000 	C:\WINDOWS\System32\RPCRT4.dll
0x00007ff976830000 - 0x00007ff9769c4000 	C:\WINDOWS\System32\USER32.dll
0x00007ff973fd0000 - 0x00007ff973ff1000 	C:\WINDOWS\System32\win32u.dll
0x00007ff975a40000 - 0x00007ff975a66000 	C:\WINDOWS\System32\GDI32.dll
0x00007ff974e50000 - 0x00007ff974fe4000 	C:\WINDOWS\System32\gdi32full.dll
0x00007ff974a20000 - 0x00007ff974abe000 	C:\WINDOWS\System32\msvcp_win.dll
0x00007ff974ff0000 - 0x00007ff9750ea000 	C:\WINDOWS\System32\ucrtbase.dll
0x00007ff967f00000 - 0x00007ff968185000 	C:\WINDOWS\WinSxS\amd64_microsoft.windows.common-controls_6595b64144ccf1df_6.0.18362.657_none_e6c5b579130e3898\COMCTL32.dll
0x00007ff976b90000 - 0x00007ff976ec6000 	C:\WINDOWS\System32\combase.dll
0x00007ff9741a0000 - 0x00007ff974220000 	C:\WINDOWS\System32\bcryptPrimitives.dll
0x00007ff975dd0000 - 0x00007ff975dfe000 	C:\WINDOWS\System32\IMM32.DLL
0x0000000055a80000 - 0x0000000055b52000 	E:\androidstudio\jre\jre\bin\msvcr100.dll
0x0000000054ec0000 - 0x0000000055706000 	E:\androidstudio\jre\jre\bin\server\jvm.dll
0x00007ff9750f0000 - 0x00007ff9750f8000 	C:\WINDOWS\System32\PSAPI.DLL
0x00007ff96e4a0000 - 0x00007ff96e4aa000 	C:\WINDOWS\SYSTEM32\VERSION.dll
0x00007ff9653f0000 - 0x00007ff9653f9000 	C:\WINDOWS\SYSTEM32\WSOCK32.dll
0x00007ff971e50000 - 0x00007ff971e74000 	C:\WINDOWS\SYSTEM32\WINMM.dll
0x0000000000d00000 - 0x0000000000d6f000 	C:\WINDOWS\System32\ws2_32.DLL
0x00007ff9718d0000 - 0x00007ff9718fd000 	C:\WINDOWS\SYSTEM32\WINMMBASE.dll
0x00007ff974000000 - 0x00007ff97404a000 	C:\WINDOWS\System32\cfgmgr32.dll
0x00007ff965150000 - 0x00007ff96515f000 	E:\androidstudio\jre\jre\bin\verify.dll
0x00007ff964af0000 - 0x00007ff964b19000 	E:\androidstudio\jre\jre\bin\java.dll
0x00007ff9647f0000 - 0x00007ff964806000 	E:\androidstudio\jre\jre\bin\zip.dll
0x00007ff975ff0000 - 0x00007ff9766d5000 	C:\WINDOWS\System32\SHELL32.dll
0x00007ff976ae0000 - 0x00007ff976b89000 	C:\WINDOWS\System32\shcore.dll
0x00007ff974220000 - 0x00007ff97499f000 	C:\WINDOWS\System32\windows.storage.dll
0x00007ff973f90000 - 0x00007ff973faf000 	C:\WINDOWS\System32\profapi.dll
0x00007ff973f20000 - 0x00007ff973f6a000 	C:\WINDOWS\System32\powrprof.dll
0x00007ff973f10000 - 0x00007ff973f20000 	C:\WINDOWS\System32\UMPDC.dll
0x00007ff9769d0000 - 0x00007ff976a22000 	C:\WINDOWS\System32\shlwapi.dll
0x00007ff973fb0000 - 0x00007ff973fc1000 	C:\WINDOWS\System32\kernel.appcore.dll
0x00007ff974a00000 - 0x00007ff974a17000 	C:\WINDOWS\System32\cryptsp.dll
0x00007ff964120000 - 0x00007ff96413a000 	E:\androidstudio\jre\jre\bin\net.dll
0x00007ff967cb0000 - 0x00007ff967e86000 	C:\WINDOWS\SYSTEM32\urlmon.dll
0x00007ff9696a0000 - 0x00007ff969946000 	C:\WINDOWS\SYSTEM32\iertutil.dll
0x00007ff973920000 - 0x00007ff97392c000 	C:\WINDOWS\SYSTEM32\CRYPTBASE.DLL
0x00007ff973750000 - 0x00007ff9737b7000 	C:\WINDOWS\system32\mswsock.dll
0x00007ff963e20000 - 0x00007ff963e33000 	E:\androidstudio\jre\jre\bin\nio.dll
0x00007ff9707f0000 - 0x00007ff970816000 	C:\Users\Administrator\.gradle\native\30\windows-amd64\native-platform.dll
0x00007ff964980000 - 0x00007ff96498d000 	E:\androidstudio\jre\jre\bin\management.dll
0x00007ff973260000 - 0x00007ff973293000 	C:\WINDOWS\system32\rsaenh.dll
0x00007ff974b70000 - 0x00007ff974b96000 	C:\WINDOWS\System32\bcrypt.dll
0x00007ff973e00000 - 0x00007ff973e25000 	C:\WINDOWS\SYSTEM32\USERENV.dll
0x00007ff973400000 - 0x00007ff97343a000 	C:\WINDOWS\SYSTEM32\IPHLPAPI.DLL
0x00007ff9766e0000 - 0x00007ff9766e8000 	C:\WINDOWS\System32\NSI.dll
0x00007ff96a780000 - 0x00007ff96a796000 	C:\WINDOWS\SYSTEM32\dhcpcsvc6.DLL
0x00007ff96daf0000 - 0x00007ff96db0c000 	C:\WINDOWS\SYSTEM32\dhcpcsvc.DLL
0x00007ff9734a0000 - 0x00007ff97356a000 	C:\WINDOWS\SYSTEM32\DNSAPI.dll

VM Arguments:
jvm_args: -Xmx1536m -Dfile.encoding=GBK -Duser.country=CN -Duser.language=zh -Duser.variant 
java_command: org.gradle.launcher.daemon.bootstrap.GradleDaemon 5.6.4
java_class_path (initial): C:\Users\Administrator\.gradle\wrapper\dists\gradle-5.6.4-all\ankdp27end7byghfw1q2sw75f\gradle-5.6.4\lib\gradle-launcher-5.6.4.jar
Launcher Type: SUN_STANDARD

Environment Variables:
PATH=C:\WINDOWS\system32;C:\WINDOWS;C:\WINDOWS\System32\Wbem;C:\WINDOWS\System32\WindowsPowerShell\v1.0\;C:\WINDOWS\System32\OpenSSH\;C:\Program Files (x86)\NVIDIA Corporation\PhysX\Common;C:\Program Files\NVIDIA Corporation\NVIDIA NvDLISR;C:\WINDOWS\system32;C:\WINDOWS;C:\WINDOWS\System32\Wbem;C:\WINDOWS\System32\WindowsPowerShell\v1.0\;C:\WINDOWS\System32\OpenSSH\;C:\Users\Administrator\AppData\Local\Microsoft\WindowsApps;
USERNAME=Administrator
OS=Windows_NT
PROCESSOR_IDENTIFIER=Intel64 Family 6 Model 158 Stepping 9, GenuineIntel



---------------  S Y S T E M  ---------------

OS: Windows 10.0 , 64 bit Build 18362 (10.0.18362.329)

CPU:total 4 (initial active 4) (4 cores per cpu, 1 threads per core) family 6 model 158 stepping 9, cmov, cx8, fxsr, mmx, sse, sse2, sse3, ssse3, sse4.1, sse4.2, popcnt, avx, avx2, aes, clmul, erms, 3dnowpref, lzcnt, tsc, tscinvbit, bmi1, bmi2, adx

Memory: 4k page, physical 8338836k(2435344k free), swap 9325168k(6700k free)

vm_info: OpenJDK 64-Bit Server VM (25.212-b04) for windows-amd64 JRE (1.8.0_212-release-1586-b04), built by "builder" with MS VC++ 10.0 (VS2010)

time: Sun Mar 01 16:52:39 2020
timezone: 中国标准时间
elapsed time: 14 seconds (0d 0h 0m 14s)

